Fri Jun  6 22:57:57 2025       
+-----------------------------------------------------------------------------------------+
| NVIDIA-SMI 560.35.05              Driver Version: 560.35.05      CUDA Version: 12.6     |
|-----------------------------------------+------------------------+----------------------+
| GPU  Name                 Persistence-M | Bus-Id          Disp.A | Volatile Uncorr. ECC |
| Fan  Temp   Perf          Pwr:Usage/Cap |           Memory-Usage | GPU-Util  Compute M. |
|                                         |                        |               MIG M. |
|=========================================+========================+======================|
|   0  NVIDIA A100-PCIE-40GB          On  |   00000000:CA:00.0 Off |                    0 |
| N/A   39C    P0             36W /  250W |       1MiB /  40960MiB |      0%      Default |
|                                         |                        |             Disabled |
+-----------------------------------------+------------------------+----------------------+
                                                                                         
+-----------------------------------------------------------------------------------------+
| Processes:                                                                              |
|  GPU   GI   CI        PID   Type   Process name                              GPU Memory |
|        ID   ID                                                               Usage      |
|=========================================================================================|
|  No running processes found                                                             |
+-----------------------------------------------------------------------------------------+
ðŸ¦¥ Unsloth: Will patch your computer to enable 2x faster free finetuning.
ðŸ¦¥ Unsloth Zoo will now patch everything to make training faster!
INFO 06-06 22:59:49 [importing.py:53] Triton module has been replaced with a placeholder.
INFO 06-06 22:59:50 [__init__.py:239] Automatically detected platform cuda.
==((====))==  Unsloth 2025.5.7: Fast Llama patching. Transformers: 4.51.3. vLLM: 0.8.5.post1.
   \\   /|    NVIDIA A100-PCIE-40GB. Num GPUs = 1. Max memory: 39.496 GB. Platform: Linux.
O^O/ \_/ \    Torch: 2.6.0+cu124. CUDA: 8.0. CUDA Toolkit: 12.4. Triton: 3.2.0
\        /    Bfloat16 = TRUE. FA [Xformers = 0.0.29.post2. FA2 = False]
 "-____-"     Free license: http://github.com/unslothai/unsloth
Unsloth: Fast downloading is enabled - ignore downloading bars which are red colored!
Unsloth: vLLM loading unsloth/meta-llama-3.1-8b-instruct-unsloth-bnb-4bit with actual GPU utilization = 59.31%
Unsloth: Your GPU has CUDA compute capability 8.0 with VRAM = 39.5 GB.
Unsloth: Using conservativeness = 1.0. Chunked prefill tokens = 4024. Num Sequences = 288.
Unsloth: vLLM's KV Cache can use up to 17.25 GB. Also swap space = 6 GB.
INFO 06-06 23:00:41 [config.py:717] This model supports multiple tasks: {'embed', 'classify', 'reward', 'score', 'generate'}. Defaulting to 'generate'.
Unsloth: vLLM Bitsandbytes config using kwargs = {'load_in_8bit': False, 'load_in_4bit': True, 'bnb_4bit_compute_dtype': 'bfloat16', 'bnb_4bit_quant_storage': 'uint8', 'bnb_4bit_quant_type': 'nf4', 'bnb_4bit_use_double_quant': True, 'llm_int8_enable_fp32_cpu_offload': False, 'llm_int8_has_fp16_weight': False, 'llm_int8_skip_modules': ['lm_head', 'multi_modal_projector', 'merger', 'modality_projection', 'model.layers.1.mlp'], 'llm_int8_threshold': 6.0}
INFO 06-06 23:00:46 [llm_engine.py:240] Initializing a V0 LLM engine (v0.8.5.post1) with config: model='unsloth/meta-llama-3.1-8b-instruct-unsloth-bnb-4bit', speculative_config=None, tokenizer='unsloth/meta-llama-3.1-8b-instruct-unsloth-bnb-4bit', skip_tokenizer_init=False, tokenizer_mode=auto, revision=None, override_neuron_config=None, tokenizer_revision=None, trust_remote_code=False, dtype=torch.bfloat16, max_seq_len=4024, download_dir=None, load_format=LoadFormat.BITSANDBYTES, tensor_parallel_size=1, pipeline_parallel_size=1, disable_custom_all_reduce=False, quantization=bitsandbytes, enforce_eager=False, kv_cache_dtype=auto,  device_config=cuda:0, decoding_config=DecodingConfig(guided_decoding_backend='xgrammar', reasoning_backend=None), observability_config=ObservabilityConfig(show_hidden_metrics=False, otlp_traces_endpoint=None, collect_model_forward_time=False, collect_model_execute_time=False), seed=0, served_model_name=unsloth/meta-llama-3.1-8b-instruct-unsloth-bnb-4bit, num_scheduler_steps=1, multi_step_stream_outputs=True, enable_prefix_caching=True, chunked_prefill_enabled=False, use_async_output_proc=True, disable_mm_preprocessor_cache=False, mm_processor_kwargs=None, pooler_config=None, compilation_config={"level":0,"splitting_ops":[],"compile_sizes":[],"cudagraph_capture_sizes":[288,280,272,264,256,248,240,232,224,216,208,200,192,184,176,168,160,152,144,136,128,120,112,104,96,88,80,72,64,56,48,40,32,24,16,8,4,2,1],"max_capture_size":288}, use_cached_outputs=False, 
INFO 06-06 23:00:49 [cuda.py:292] Using Flash Attention backend.
INFO 06-06 23:00:50 [parallel_state.py:1004] rank 0 in world size 1 is assigned as DP rank 0, PP rank 0, TP rank 0
INFO 06-06 23:00:50 [model_runner.py:1108] Starting to load model unsloth/meta-llama-3.1-8b-instruct-unsloth-bnb-4bit...
INFO 06-06 23:00:52 [loader.py:1187] Loading weights with BitsAndBytes quantization. May take a while ...
INFO 06-06 23:00:53 [weight_utils.py:265] Using model weights format ['*.safetensors']
INFO 06-06 23:00:54 [weight_utils.py:281] Time spent downloading weights for unsloth/meta-llama-3.1-8b-instruct-unsloth-bnb-4bit: 1.389090 seconds
INFO 06-06 23:00:54 [weight_utils.py:315] No model.safetensors.index.json found in remote.
Loading safetensors checkpoint shards:   0% Completed | 0/1 [00:00<?, ?it/s]
Loading safetensors checkpoint shards: 100% Completed | 1/1 [00:08<00:00,  8.29s/it]
Loading safetensors checkpoint shards: 100% Completed | 1/1 [00:08<00:00,  8.29s/it]

Loading safetensors checkpoint shards:   0% Completed | 0/1 [00:00<?, ?it/s]
Loading safetensors checkpoint shards: 100% Completed | 1/1 [00:03<00:00,  3.26s/it]
Loading safetensors checkpoint shards: 100% Completed | 1/1 [00:03<00:00,  3.26s/it]

INFO 06-06 23:01:06 [punica_selector.py:18] Using PunicaWrapperGPU.
INFO 06-06 23:01:06 [model_runner.py:1140] Model loading took 5.7739 GiB and 15.846196 seconds
INFO 06-06 23:01:16 [worker.py:287] Memory profiling takes 9.42 seconds
INFO 06-06 23:01:16 [worker.py:287] the current vLLM instance can use total_gpu_memory (39.50GiB) x gpu_memory_utilization (0.59) = 23.43GiB
INFO 06-06 23:01:16 [worker.py:287] model weights take 5.77GiB; non_torch_memory takes 0.09GiB; PyTorch activation peak memory takes 1.36GiB; the rest of the memory reserved for KV Cache is 16.20GiB.
INFO 06-06 23:01:16 [executor_base.py:112] # cuda blocks: 8294, # CPU blocks: 3072
INFO 06-06 23:01:16 [executor_base.py:117] Maximum concurrency for 4024 tokens per request: 32.98x
INFO 06-06 23:01:19 [model_runner.py:1450] Capturing cudagraphs for decoding. This may lead to unexpected consequences if the model is not static. To run the model in eager mode, set 'enforce_eager=True' or use '--enforce-eager' in the CLI. If out-of-memory error occurs during cudagraph capture, consider decreasing `gpu_memory_utilization` or switching to eager mode. You can also reduce the `max_num_seqs` as needed to decrease memory usage.
Capturing CUDA graph shapes:   0%|          | 0/39 [00:00<?, ?it/s]Capturing CUDA graph shapes:   3%|â–Ž         | 1/39 [00:04<02:39,  4.21s/it]Capturing CUDA graph shapes:   5%|â–Œ         | 2/39 [00:04<01:19,  2.14s/it]Capturing CUDA graph shapes:   8%|â–Š         | 3/39 [00:05<00:53,  1.49s/it]Capturing CUDA graph shapes:  10%|â–ˆ         | 4/39 [00:06<00:41,  1.19s/it]Capturing CUDA graph shapes:  13%|â–ˆâ–Ž        | 5/39 [00:07<00:35,  1.03s/it]Capturing CUDA graph shapes:  15%|â–ˆâ–Œ        | 6/39 [00:07<00:30,  1.08it/s]Capturing CUDA graph shapes:  18%|â–ˆâ–Š        | 7/39 [00:08<00:27,  1.15it/s]Capturing CUDA graph shapes:  21%|â–ˆâ–ˆ        | 8/39 [00:09<00:25,  1.21it/s]Capturing CUDA graph shapes:  23%|â–ˆâ–ˆâ–Ž       | 9/39 [00:10<00:24,  1.24it/s]Capturing CUDA graph shapes:  26%|â–ˆâ–ˆâ–Œ       | 10/39 [00:10<00:22,  1.29it/s]Capturing CUDA graph shapes:  28%|â–ˆâ–ˆâ–Š       | 11/39 [00:11<00:21,  1.32it/s]Capturing CUDA graph shapes:  31%|â–ˆâ–ˆâ–ˆ       | 12/39 [00:12<00:20,  1.33it/s]Capturing CUDA graph shapes:  33%|â–ˆâ–ˆâ–ˆâ–Ž      | 13/39 [00:12<00:19,  1.33it/s]Capturing CUDA graph shapes:  36%|â–ˆâ–ˆâ–ˆâ–Œ      | 14/39 [00:13<00:18,  1.34it/s]Capturing CUDA graph shapes:  38%|â–ˆâ–ˆâ–ˆâ–Š      | 15/39 [00:14<00:17,  1.36it/s]Capturing CUDA graph shapes:  41%|â–ˆâ–ˆâ–ˆâ–ˆ      | 16/39 [00:15<00:17,  1.34it/s]Capturing CUDA graph shapes:  44%|â–ˆâ–ˆâ–ˆâ–ˆâ–Ž     | 17/39 [00:15<00:16,  1.33it/s]Capturing CUDA graph shapes:  46%|â–ˆâ–ˆâ–ˆâ–ˆâ–Œ     | 18/39 [00:16<00:15,  1.33it/s]Capturing CUDA graph shapes:  49%|â–ˆâ–ˆâ–ˆâ–ˆâ–Š     | 19/39 [00:17<00:14,  1.36it/s]Capturing CUDA graph shapes:  51%|â–ˆâ–ˆâ–ˆâ–ˆâ–ˆâ–    | 20/39 [00:18<00:13,  1.37it/s]Capturing CUDA graph shapes:  54%|â–ˆâ–ˆâ–ˆâ–ˆâ–ˆâ–    | 21/39 [00:18<00:13,  1.35it/s]Capturing CUDA graph shapes:  56%|â–ˆâ–ˆâ–ˆâ–ˆâ–ˆâ–‹    | 22/39 [00:20<00:15,  1.09it/s]Capturing CUDA graph shapes:  59%|â–ˆâ–ˆâ–ˆâ–ˆâ–ˆâ–‰    | 23/39 [00:21<00:17,  1.12s/it]Capturing CUDA graph shapes:  62%|â–ˆâ–ˆâ–ˆâ–ˆâ–ˆâ–ˆâ–   | 24/39 [00:22<00:15,  1.01s/it]Capturing CUDA graph shapes:  64%|â–ˆâ–ˆâ–ˆâ–ˆâ–ˆâ–ˆâ–   | 25/39 [00:23<00:13,  1.07it/s]Capturing CUDA graph shapes:  67%|â–ˆâ–ˆâ–ˆâ–ˆâ–ˆâ–ˆâ–‹   | 26/39 [00:24<00:11,  1.14it/s]Capturing CUDA graph shapes:  69%|â–ˆâ–ˆâ–ˆâ–ˆâ–ˆâ–ˆâ–‰   | 27/39 [00:24<00:10,  1.20it/s]Capturing CUDA graph shapes:  72%|â–ˆâ–ˆâ–ˆâ–ˆâ–ˆâ–ˆâ–ˆâ–  | 28/39 [00:25<00:08,  1.24it/s]Capturing CUDA graph shapes:  74%|â–ˆâ–ˆâ–ˆâ–ˆâ–ˆâ–ˆâ–ˆâ–  | 29/39 [00:26<00:07,  1.27it/s]Capturing CUDA graph shapes:  77%|â–ˆâ–ˆâ–ˆâ–ˆâ–ˆâ–ˆâ–ˆâ–‹  | 30/39 [00:27<00:06,  1.29it/s]Capturing CUDA graph shapes:  79%|â–ˆâ–ˆâ–ˆâ–ˆâ–ˆâ–ˆâ–ˆâ–‰  | 31/39 [00:27<00:06,  1.33it/s]Capturing CUDA graph shapes:  82%|â–ˆâ–ˆâ–ˆâ–ˆâ–ˆâ–ˆâ–ˆâ–ˆâ– | 32/39 [00:28<00:05,  1.19it/s]Capturing CUDA graph shapes:  85%|â–ˆâ–ˆâ–ˆâ–ˆâ–ˆâ–ˆâ–ˆâ–ˆâ– | 33/39 [00:29<00:04,  1.22it/s]Capturing CUDA graph shapes:  87%|â–ˆâ–ˆâ–ˆâ–ˆâ–ˆâ–ˆâ–ˆâ–ˆâ–‹ | 34/39 [00:30<00:04,  1.18it/s]Capturing CUDA graph shapes:  90%|â–ˆâ–ˆâ–ˆâ–ˆâ–ˆâ–ˆâ–ˆâ–ˆâ–‰ | 35/39 [00:31<00:03,  1.24it/s]Capturing CUDA graph shapes:  92%|â–ˆâ–ˆâ–ˆâ–ˆâ–ˆâ–ˆâ–ˆâ–ˆâ–ˆâ–| 36/39 [00:31<00:02,  1.26it/s]Capturing CUDA graph shapes:  95%|â–ˆâ–ˆâ–ˆâ–ˆâ–ˆâ–ˆâ–ˆâ–ˆâ–ˆâ–| 37/39 [00:32<00:01,  1.24it/s]Capturing CUDA graph shapes:  97%|â–ˆâ–ˆâ–ˆâ–ˆâ–ˆâ–ˆâ–ˆâ–ˆâ–ˆâ–‹| 38/39 [00:33<00:00,  1.24it/s]Capturing CUDA graph shapes: 100%|â–ˆâ–ˆâ–ˆâ–ˆâ–ˆâ–ˆâ–ˆâ–ˆâ–ˆâ–ˆ| 39/39 [00:36<00:00,  1.39s/it]Capturing CUDA graph shapes: 100%|â–ˆâ–ˆâ–ˆâ–ˆâ–ˆâ–ˆâ–ˆâ–ˆâ–ˆâ–ˆ| 39/39 [00:36<00:00,  1.07it/s]
INFO 06-06 23:01:56 [model_runner.py:1592] Graph capturing finished in 36 secs, took 0.80 GiB
INFO 06-06 23:01:56 [llm_engine.py:437] init engine (profile, create kv cache, warmup model) took 49.68 seconds
Unsloth 2025.5.7 patched 32 layers with 32 QKV layers, 32 O layers and 32 MLP layers.
Dataset distribution:
----------------------------------------
Problem Type   Train     Test      Total     Train %   
----------------------------------------
3-option       240       60        300       80.0%
5-option       400       100       500       80.0%
7-option       560       140       700       80.0%
----------------------------------------
Overall        1200      300       1500      80.0%
Processing method: prolog_no_fs
Processing sample logical_deduction_36 (iteration 0) for method prolog_no_fs
Generating without LoRA
Processed prompts:   0%|          | 0/1 [00:00<?, ?it/s, est. speed input: 0.00 toks/s, output: 0.00 toks/s]Processed prompts: 100%|â–ˆâ–ˆâ–ˆâ–ˆâ–ˆâ–ˆâ–ˆâ–ˆâ–ˆâ–ˆ| 1/1 [00:06<00:00,  6.30s/it, est. speed input: 104.86 toks/s, output: 76.46 toks/s]Processed prompts: 100%|â–ˆâ–ˆâ–ˆâ–ˆâ–ˆâ–ˆâ–ˆâ–ˆâ–ˆâ–ˆ| 1/1 [00:06<00:00,  6.30s/it, est. speed input: 104.86 toks/s, output: 76.46 toks/s]
Prolog output: Error (invalid answer)
Completed sample logical_deduction_36 (iteration 0) for method prolog_no_fs
Processing sample logical_deduction_331 (iteration 1) for method prolog_no_fs
Generating without LoRA
Processed prompts:   0%|          | 0/1 [00:00<?, ?it/s, est. speed input: 0.00 toks/s, output: 0.00 toks/s]Processed prompts: 100%|â–ˆâ–ˆâ–ˆâ–ˆâ–ˆâ–ˆâ–ˆâ–ˆâ–ˆâ–ˆ| 1/1 [00:07<00:00,  7.95s/it, est. speed input: 84.01 toks/s, output: 64.64 toks/s]Processed prompts: 100%|â–ˆâ–ˆâ–ˆâ–ˆâ–ˆâ–ˆâ–ˆâ–ˆâ–ˆâ–ˆ| 1/1 [00:07<00:00,  7.95s/it, est. speed input: 84.01 toks/s, output: 64.64 toks/s]
Prolog output: Error (invalid answer)
Completed sample logical_deduction_331 (iteration 1) for method prolog_no_fs
Processing sample logical_deduction_349 (iteration 2) for method prolog_no_fs
Generating without LoRA
Processed prompts:   0%|          | 0/1 [00:00<?, ?it/s, est. speed input: 0.00 toks/s, output: 0.00 toks/s]Processed prompts: 100%|â–ˆâ–ˆâ–ˆâ–ˆâ–ˆâ–ˆâ–ˆâ–ˆâ–ˆâ–ˆ| 1/1 [00:06<00:00,  6.27s/it, est. speed input: 108.53 toks/s, output: 78.20 toks/s]Processed prompts: 100%|â–ˆâ–ˆâ–ˆâ–ˆâ–ˆâ–ˆâ–ˆâ–ˆâ–ˆâ–ˆ| 1/1 [00:06<00:00,  6.27s/it, est. speed input: 108.53 toks/s, output: 78.20 toks/s]
Prolog output: Error (invalid answer)
Completed sample logical_deduction_349 (iteration 2) for method prolog_no_fs
Processing sample logical_deduction_70 (iteration 3) for method prolog_no_fs
Generating without LoRA
Processed prompts:   0%|          | 0/1 [00:00<?, ?it/s, est. speed input: 0.00 toks/s, output: 0.00 toks/s]Processed prompts: 100%|â–ˆâ–ˆâ–ˆâ–ˆâ–ˆâ–ˆâ–ˆâ–ˆâ–ˆâ–ˆ| 1/1 [00:06<00:00,  6.53s/it, est. speed input: 101.68 toks/s, output: 78.25 toks/s]Processed prompts: 100%|â–ˆâ–ˆâ–ˆâ–ˆâ–ˆâ–ˆâ–ˆâ–ˆâ–ˆâ–ˆ| 1/1 [00:06<00:00,  6.53s/it, est. speed input: 101.68 toks/s, output: 78.25 toks/s]
Prolog output: Error (invalid answer)
Completed sample logical_deduction_70 (iteration 3) for method prolog_no_fs
Processing sample logical_deduction_136 (iteration 4) for method prolog_no_fs
Generating without LoRA
Processed prompts:   0%|          | 0/1 [00:00<?, ?it/s, est. speed input: 0.00 toks/s, output: 0.00 toks/s]Processed prompts: 100%|â–ˆâ–ˆâ–ˆâ–ˆâ–ˆâ–ˆâ–ˆâ–ˆâ–ˆâ–ˆ| 1/1 [00:05<00:00,  5.34s/it, est. speed input: 119.39 toks/s, output: 78.16 toks/s]Processed prompts: 100%|â–ˆâ–ˆâ–ˆâ–ˆâ–ˆâ–ˆâ–ˆâ–ˆâ–ˆâ–ˆ| 1/1 [00:05<00:00,  5.34s/it, est. speed input: 119.39 toks/s, output: 78.16 toks/s]
Prolog output: Error (invalid answer)
Completed sample logical_deduction_136 (iteration 4) for method prolog_no_fs
Processing sample logical_deduction_343 (iteration 5) for method prolog_no_fs
Generating without LoRA
Processed prompts:   0%|          | 0/1 [00:00<?, ?it/s, est. speed input: 0.00 toks/s, output: 0.00 toks/s]Processed prompts: 100%|â–ˆâ–ˆâ–ˆâ–ˆâ–ˆâ–ˆâ–ˆâ–ˆâ–ˆâ–ˆ| 1/1 [00:06<00:00,  6.23s/it, est. speed input: 107.42 toks/s, output: 78.35 toks/s]Processed prompts: 100%|â–ˆâ–ˆâ–ˆâ–ˆâ–ˆâ–ˆâ–ˆâ–ˆâ–ˆâ–ˆ| 1/1 [00:06<00:00,  6.23s/it, est. speed input: 107.42 toks/s, output: 78.35 toks/s]
Prolog output: Error: Caused by: 'solve(Answer)'. Returned: 'error(type_error(integer, -(3, 1)), _5908)'.
Completed sample logical_deduction_343 (iteration 5) for method prolog_no_fs
Processing sample logical_deduction_107 (iteration 6) for method prolog_no_fs
Generating without LoRA
Processed prompts:   0%|          | 0/1 [00:00<?, ?it/s, est. speed input: 0.00 toks/s, output: 0.00 toks/s]Processed prompts: 100%|â–ˆâ–ˆâ–ˆâ–ˆâ–ˆâ–ˆâ–ˆâ–ˆâ–ˆâ–ˆ| 1/1 [00:06<00:00,  6.51s/it, est. speed input: 104.61 toks/s, output: 78.34 toks/s]Processed prompts: 100%|â–ˆâ–ˆâ–ˆâ–ˆâ–ˆâ–ˆâ–ˆâ–ˆâ–ˆâ–ˆ| 1/1 [00:06<00:00,  6.51s/it, est. speed input: 104.61 toks/s, output: 78.34 toks/s]
Prolog output: Error (invalid answer)
Completed sample logical_deduction_107 (iteration 6) for method prolog_no_fs
Processing sample logical_deduction_181 (iteration 7) for method prolog_no_fs
Generating without LoRA
Processed prompts:   0%|          | 0/1 [00:00<?, ?it/s, est. speed input: 0.00 toks/s, output: 0.00 toks/s]Processed prompts: 100%|â–ˆâ–ˆâ–ˆâ–ˆâ–ˆâ–ˆâ–ˆâ–ˆâ–ˆâ–ˆ| 1/1 [00:06<00:00,  6.80s/it, est. speed input: 99.67 toks/s, output: 78.35 toks/s]Processed prompts: 100%|â–ˆâ–ˆâ–ˆâ–ˆâ–ˆâ–ˆâ–ˆâ–ˆâ–ˆâ–ˆ| 1/1 [00:06<00:00,  6.80s/it, est. speed input: 99.67 toks/s, output: 78.35 toks/s]
Prolog output: Error (invalid answer)
Completed sample logical_deduction_181 (iteration 7) for method prolog_no_fs
Processing sample logical_deduction_189 (iteration 8) for method prolog_no_fs
Generating without LoRA
Processed prompts:   0%|          | 0/1 [00:00<?, ?it/s, est. speed input: 0.00 toks/s, output: 0.00 toks/s]Processed prompts: 100%|â–ˆâ–ˆâ–ˆâ–ˆâ–ˆâ–ˆâ–ˆâ–ˆâ–ˆâ–ˆ| 1/1 [00:06<00:00,  6.73s/it, est. speed input: 100.74 toks/s, output: 78.30 toks/s]Processed prompts: 100%|â–ˆâ–ˆâ–ˆâ–ˆâ–ˆâ–ˆâ–ˆâ–ˆâ–ˆâ–ˆ| 1/1 [00:06<00:00,  6.73s/it, est. speed input: 100.74 toks/s, output: 78.30 toks/s]
Prolog output: A
Completed sample logical_deduction_189 (iteration 8) for method prolog_no_fs
Processing sample logical_deduction_83 (iteration 9) for method prolog_no_fs
Generating without LoRA
Processed prompts:   0%|          | 0/1 [00:00<?, ?it/s, est. speed input: 0.00 toks/s, output: 0.00 toks/s]Processed prompts: 100%|â–ˆâ–ˆâ–ˆâ–ˆâ–ˆâ–ˆâ–ˆâ–ˆâ–ˆâ–ˆ| 1/1 [00:05<00:00,  5.14s/it, est. speed input: 122.02 toks/s, output: 78.23 toks/s]Processed prompts: 100%|â–ˆâ–ˆâ–ˆâ–ˆâ–ˆâ–ˆâ–ˆâ–ˆâ–ˆâ–ˆ| 1/1 [00:05<00:00,  5.14s/it, est. speed input: 122.02 toks/s, output: 78.23 toks/s]
Warning: /scratch/s5112583/thesis/RL/prolog_code/overwritten_code.pl:16:
Warning:    Singleton variables: [Len]
Warning: /scratch/s5112583/thesis/RL/prolog_code/overwritten_code.pl:17:
Warning:    Singleton variables: [Len]
Prolog output: Error: Caused by: 'solve(Answer)'. Returned: 'error(type_error(integer, -(1, 1)), _28)'.
Completed sample logical_deduction_83 (iteration 9) for method prolog_no_fs
Processing sample logical_deduction_186 (iteration 10) for method prolog_no_fs
Generating without LoRA
Processed prompts:   0%|          | 0/1 [00:00<?, ?it/s, est. speed input: 0.00 toks/s, output: 0.00 toks/s]Processed prompts: 100%|â–ˆâ–ˆâ–ˆâ–ˆâ–ˆâ–ˆâ–ˆâ–ˆâ–ˆâ–ˆ| 1/1 [00:07<00:00,  7.19s/it, est. speed input: 94.91 toks/s, output: 78.35 toks/s]Processed prompts: 100%|â–ˆâ–ˆâ–ˆâ–ˆâ–ˆâ–ˆâ–ˆâ–ˆâ–ˆâ–ˆ| 1/1 [00:07<00:00,  7.19s/it, est. speed input: 94.91 toks/s, output: 78.35 toks/s]
Prolog output: Error: Caused by: 'solve(Answer)'. Returned: 'error(type_error(integer, -(2, 1)), _1690)'.
Completed sample logical_deduction_186 (iteration 10) for method prolog_no_fs
Processing sample logical_deduction_325 (iteration 11) for method prolog_no_fs
Generating without LoRA
Processed prompts:   0%|          | 0/1 [00:00<?, ?it/s, est. speed input: 0.00 toks/s, output: 0.00 toks/s]Processed prompts: 100%|â–ˆâ–ˆâ–ˆâ–ˆâ–ˆâ–ˆâ–ˆâ–ˆâ–ˆâ–ˆ| 1/1 [00:06<00:00,  6.45s/it, est. speed input: 105.42 toks/s, output: 78.29 toks/s]Processed prompts: 100%|â–ˆâ–ˆâ–ˆâ–ˆâ–ˆâ–ˆâ–ˆâ–ˆâ–ˆâ–ˆ| 1/1 [00:06<00:00,  6.45s/it, est. speed input: 105.42 toks/s, output: 78.29 toks/s]
Prolog output: Error: Caused by: 'solve(Answer)'. Returned: 'error(existence_error(procedure, /(nth1, 5)), context(/(clue3, 1), _3336))'.
Completed sample logical_deduction_325 (iteration 11) for method prolog_no_fs
Processing sample logical_deduction_232 (iteration 12) for method prolog_no_fs
Generating without LoRA
Processed prompts:   0%|          | 0/1 [00:00<?, ?it/s, est. speed input: 0.00 toks/s, output: 0.00 toks/s]Processed prompts: 100%|â–ˆâ–ˆâ–ˆâ–ˆâ–ˆâ–ˆâ–ˆâ–ˆâ–ˆâ–ˆ| 1/1 [00:04<00:00,  4.97s/it, est. speed input: 125.99 toks/s, output: 78.09 toks/s]Processed prompts: 100%|â–ˆâ–ˆâ–ˆâ–ˆâ–ˆâ–ˆâ–ˆâ–ˆâ–ˆâ–ˆ| 1/1 [00:04<00:00,  4.97s/it, est. speed input: 125.99 toks/s, output: 78.09 toks/s]
Prolog output: B
Completed sample logical_deduction_232 (iteration 12) for method prolog_no_fs
Processing sample logical_deduction_54 (iteration 13) for method prolog_no_fs
Generating without LoRA
Processed prompts:   0%|          | 0/1 [00:00<?, ?it/s, est. speed input: 0.00 toks/s, output: 0.00 toks/s]Processed prompts: 100%|â–ˆâ–ˆâ–ˆâ–ˆâ–ˆâ–ˆâ–ˆâ–ˆâ–ˆâ–ˆ| 1/1 [00:06<00:00,  6.80s/it, est. speed input: 97.78 toks/s, output: 78.37 toks/s]Processed prompts: 100%|â–ˆâ–ˆâ–ˆâ–ˆâ–ˆâ–ˆâ–ˆâ–ˆâ–ˆâ–ˆ| 1/1 [00:06<00:00,  6.80s/it, est. speed input: 97.78 toks/s, output: 78.37 toks/s]
Prolog output: Error (invalid answer)
Completed sample logical_deduction_54 (iteration 13) for method prolog_no_fs
Processing sample logical_deduction_47 (iteration 14) for method prolog_no_fs
Generating without LoRA
Processed prompts:   0%|          | 0/1 [00:00<?, ?it/s, est. speed input: 0.00 toks/s, output: 0.00 toks/s]Processed prompts: 100%|â–ˆâ–ˆâ–ˆâ–ˆâ–ˆâ–ˆâ–ˆâ–ˆâ–ˆâ–ˆ| 1/1 [00:05<00:00,  5.98s/it, est. speed input: 112.49 toks/s, output: 78.23 toks/s]Processed prompts: 100%|â–ˆâ–ˆâ–ˆâ–ˆâ–ˆâ–ˆâ–ˆâ–ˆâ–ˆâ–ˆ| 1/1 [00:05<00:00,  5.98s/it, est. speed input: 112.49 toks/s, output: 78.23 toks/s]
Prolog output: Error (invalid answer)
Completed sample logical_deduction_47 (iteration 14) for method prolog_no_fs
Processing sample logical_deduction_51 (iteration 15) for method prolog_no_fs
Generating without LoRA
Processed prompts:   0%|          | 0/1 [00:00<?, ?it/s, est. speed input: 0.00 toks/s, output: 0.00 toks/s]Processed prompts: 100%|â–ˆâ–ˆâ–ˆâ–ˆâ–ˆâ–ˆâ–ˆâ–ˆâ–ˆâ–ˆ| 1/1 [00:06<00:00,  6.74s/it, est. speed input: 102.72 toks/s, output: 78.37 toks/s]Processed prompts: 100%|â–ˆâ–ˆâ–ˆâ–ˆâ–ˆâ–ˆâ–ˆâ–ˆâ–ˆâ–ˆ| 1/1 [00:06<00:00,  6.74s/it, est. speed input: 102.72 toks/s, output: 78.37 toks/s]
Prolog output: Error: Caused by: 'solve(Answer)'. Returned: 'error(type_error(integer, -(2, 1)), _28)'.
Completed sample logical_deduction_51 (iteration 15) for method prolog_no_fs
Processing sample logical_deduction_78 (iteration 16) for method prolog_no_fs
Generating without LoRA
Processed prompts:   0%|          | 0/1 [00:00<?, ?it/s, est. speed input: 0.00 toks/s, output: 0.00 toks/s]Processed prompts: 100%|â–ˆâ–ˆâ–ˆâ–ˆâ–ˆâ–ˆâ–ˆâ–ˆâ–ˆâ–ˆ| 1/1 [00:06<00:00,  6.42s/it, est. speed input: 105.61 toks/s, output: 78.35 toks/s]Processed prompts: 100%|â–ˆâ–ˆâ–ˆâ–ˆâ–ˆâ–ˆâ–ˆâ–ˆâ–ˆâ–ˆ| 1/1 [00:06<00:00,  6.42s/it, est. speed input: 105.61 toks/s, output: 78.35 toks/s]
Prolog output: A
Completed sample logical_deduction_78 (iteration 16) for method prolog_no_fs
Processing sample logical_deduction_44 (iteration 17) for method prolog_no_fs
Generating without LoRA
Processed prompts:   0%|          | 0/1 [00:00<?, ?it/s, est. speed input: 0.00 toks/s, output: 0.00 toks/s]Processed prompts: 100%|â–ˆâ–ˆâ–ˆâ–ˆâ–ˆâ–ˆâ–ˆâ–ˆâ–ˆâ–ˆ| 1/1 [00:06<00:00,  6.57s/it, est. speed input: 102.13 toks/s, output: 78.38 toks/s]Processed prompts: 100%|â–ˆâ–ˆâ–ˆâ–ˆâ–ˆâ–ˆâ–ˆâ–ˆâ–ˆâ–ˆ| 1/1 [00:06<00:00,  6.57s/it, est. speed input: 102.13 toks/s, output: 78.38 toks/s]
Prolog output: Error (invalid answer)
Completed sample logical_deduction_44 (iteration 17) for method prolog_no_fs
Processing sample logical_deduction_148 (iteration 18) for method prolog_no_fs
Generating without LoRA
Processed prompts:   0%|          | 0/1 [00:00<?, ?it/s, est. speed input: 0.00 toks/s, output: 0.00 toks/s]Processed prompts: 100%|â–ˆâ–ˆâ–ˆâ–ˆâ–ˆâ–ˆâ–ˆâ–ˆâ–ˆâ–ˆ| 1/1 [00:05<00:00,  5.54s/it, est. speed input: 113.82 toks/s, output: 78.28 toks/s]Processed prompts: 100%|â–ˆâ–ˆâ–ˆâ–ˆâ–ˆâ–ˆâ–ˆâ–ˆâ–ˆâ–ˆ| 1/1 [00:05<00:00,  5.54s/it, est. speed input: 113.82 toks/s, output: 78.28 toks/s]
Prolog output: A
Completed sample logical_deduction_148 (iteration 18) for method prolog_no_fs
Processing sample logical_deduction_395 (iteration 19) for method prolog_no_fs
Generating without LoRA
Processed prompts:   0%|          | 0/1 [00:00<?, ?it/s, est. speed input: 0.00 toks/s, output: 0.00 toks/s]Processed prompts: 100%|â–ˆâ–ˆâ–ˆâ–ˆâ–ˆâ–ˆâ–ˆâ–ˆâ–ˆâ–ˆ| 1/1 [00:08<00:00,  8.78s/it, est. speed input: 78.03 toks/s, output: 78.48 toks/s]Processed prompts: 100%|â–ˆâ–ˆâ–ˆâ–ˆâ–ˆâ–ˆâ–ˆâ–ˆâ–ˆâ–ˆ| 1/1 [00:08<00:00,  8.78s/it, est. speed input: 78.03 toks/s, output: 78.48 toks/s]
Prolog output: Error (invalid answer)
Completed sample logical_deduction_395 (iteration 19) for method prolog_no_fs
Processing sample logical_deduction_116 (iteration 20) for method prolog_no_fs
Generating without LoRA
Processed prompts:   0%|          | 0/1 [00:00<?, ?it/s, est. speed input: 0.00 toks/s, output: 0.00 toks/s]Processed prompts: 100%|â–ˆâ–ˆâ–ˆâ–ˆâ–ˆâ–ˆâ–ˆâ–ˆâ–ˆâ–ˆ| 1/1 [00:06<00:00,  6.14s/it, est. speed input: 109.28 toks/s, output: 78.33 toks/s]Processed prompts: 100%|â–ˆâ–ˆâ–ˆâ–ˆâ–ˆâ–ˆâ–ˆâ–ˆâ–ˆâ–ˆ| 1/1 [00:06<00:00,  6.14s/it, est. speed input: 109.28 toks/s, output: 78.33 toks/s]
Prolog output: Error (invalid answer)
Completed sample logical_deduction_116 (iteration 20) for method prolog_no_fs
Processing sample logical_deduction_338 (iteration 21) for method prolog_no_fs
Generating without LoRA
Processed prompts:   0%|          | 0/1 [00:00<?, ?it/s, est. speed input: 0.00 toks/s, output: 0.00 toks/s]Processed prompts: 100%|â–ˆâ–ˆâ–ˆâ–ˆâ–ˆâ–ˆâ–ˆâ–ˆâ–ˆâ–ˆ| 1/1 [00:05<00:00,  5.23s/it, est. speed input: 120.52 toks/s, output: 78.24 toks/s]Processed prompts: 100%|â–ˆâ–ˆâ–ˆâ–ˆâ–ˆâ–ˆâ–ˆâ–ˆâ–ˆâ–ˆ| 1/1 [00:05<00:00,  5.23s/it, est. speed input: 120.52 toks/s, output: 78.24 toks/s]
Prolog output: Error (invalid answer)
Completed sample logical_deduction_338 (iteration 21) for method prolog_no_fs
Processing sample logical_deduction_23 (iteration 22) for method prolog_no_fs
Generating without LoRA
Processed prompts:   0%|          | 0/1 [00:00<?, ?it/s, est. speed input: 0.00 toks/s, output: 0.00 toks/s]Processed prompts: 100%|â–ˆâ–ˆâ–ˆâ–ˆâ–ˆâ–ˆâ–ˆâ–ˆâ–ˆâ–ˆ| 1/1 [00:06<00:00,  6.60s/it, est. speed input: 101.26 toks/s, output: 78.37 toks/s]Processed prompts: 100%|â–ˆâ–ˆâ–ˆâ–ˆâ–ˆâ–ˆâ–ˆâ–ˆâ–ˆâ–ˆ| 1/1 [00:06<00:00,  6.60s/it, est. speed input: 101.26 toks/s, output: 78.37 toks/s]
Prolog output: Error (invalid answer)
Completed sample logical_deduction_23 (iteration 22) for method prolog_no_fs
Processing sample logical_deduction_35 (iteration 23) for method prolog_no_fs
Generating without LoRA
Processed prompts:   0%|          | 0/1 [00:00<?, ?it/s, est. speed input: 0.00 toks/s, output: 0.00 toks/s]Processed prompts: 100%|â–ˆâ–ˆâ–ˆâ–ˆâ–ˆâ–ˆâ–ˆâ–ˆâ–ˆâ–ˆ| 1/1 [00:06<00:00,  6.44s/it, est. speed input: 107.20 toks/s, output: 78.30 toks/s]Processed prompts: 100%|â–ˆâ–ˆâ–ˆâ–ˆâ–ˆâ–ˆâ–ˆâ–ˆâ–ˆâ–ˆ| 1/1 [00:06<00:00,  6.44s/it, est. speed input: 107.20 toks/s, output: 78.30 toks/s]
Prolog output: Error (invalid answer)
Completed sample logical_deduction_35 (iteration 23) for method prolog_no_fs
Processing sample logical_deduction_360 (iteration 24) for method prolog_no_fs
Generating without LoRA
Processed prompts:   0%|          | 0/1 [00:00<?, ?it/s, est. speed input: 0.00 toks/s, output: 0.00 toks/s]Processed prompts: 100%|â–ˆâ–ˆâ–ˆâ–ˆâ–ˆâ–ˆâ–ˆâ–ˆâ–ˆâ–ˆ| 1/1 [00:06<00:00,  6.20s/it, est. speed input: 107.50 toks/s, output: 78.33 toks/s]Processed prompts: 100%|â–ˆâ–ˆâ–ˆâ–ˆâ–ˆâ–ˆâ–ˆâ–ˆâ–ˆâ–ˆ| 1/1 [00:06<00:00,  6.20s/it, est. speed input: 107.50 toks/s, output: 78.33 toks/s]
Prolog output: Error: Caused by: 'solve(Answer)'. Returned: 'error(type_error(integer, -(_38, 2)), _28)'.
Completed sample logical_deduction_360 (iteration 24) for method prolog_no_fs
Processing sample logical_deduction_98 (iteration 25) for method prolog_no_fs
Generating without LoRA
Processed prompts:   0%|          | 0/1 [00:00<?, ?it/s, est. speed input: 0.00 toks/s, output: 0.00 toks/s]Processed prompts: 100%|â–ˆâ–ˆâ–ˆâ–ˆâ–ˆâ–ˆâ–ˆâ–ˆâ–ˆâ–ˆ| 1/1 [00:06<00:00,  6.01s/it, est. speed input: 110.79 toks/s, output: 78.35 toks/s]Processed prompts: 100%|â–ˆâ–ˆâ–ˆâ–ˆâ–ˆâ–ˆâ–ˆâ–ˆâ–ˆâ–ˆ| 1/1 [00:06<00:00,  6.01s/it, est. speed input: 110.79 toks/s, output: 78.35 toks/s]
Prolog output: Error (invalid answer)
Completed sample logical_deduction_98 (iteration 25) for method prolog_no_fs
Processing sample logical_deduction_295 (iteration 26) for method prolog_no_fs
Generating without LoRA
Processed prompts:   0%|          | 0/1 [00:00<?, ?it/s, est. speed input: 0.00 toks/s, output: 0.00 toks/s]Processed prompts: 100%|â–ˆâ–ˆâ–ˆâ–ˆâ–ˆâ–ˆâ–ˆâ–ˆâ–ˆâ–ˆ| 1/1 [00:07<00:00,  7.82s/it, est. speed input: 88.28 toks/s, output: 78.43 toks/s]Processed prompts: 100%|â–ˆâ–ˆâ–ˆâ–ˆâ–ˆâ–ˆâ–ˆâ–ˆâ–ˆâ–ˆ| 1/1 [00:07<00:00,  7.82s/it, est. speed input: 88.28 toks/s, output: 78.43 toks/s]
Prolog output: Error (invalid answer)
Completed sample logical_deduction_295 (iteration 26) for method prolog_no_fs
Processing sample logical_deduction_185 (iteration 27) for method prolog_no_fs
Generating without LoRA
Processed prompts:   0%|          | 0/1 [00:00<?, ?it/s, est. speed input: 0.00 toks/s, output: 0.00 toks/s]Processed prompts: 100%|â–ˆâ–ˆâ–ˆâ–ˆâ–ˆâ–ˆâ–ˆâ–ˆâ–ˆâ–ˆ| 1/1 [00:05<00:00,  5.83s/it, est. speed input: 118.06 toks/s, output: 78.25 toks/s]Processed prompts: 100%|â–ˆâ–ˆâ–ˆâ–ˆâ–ˆâ–ˆâ–ˆâ–ˆâ–ˆâ–ˆ| 1/1 [00:05<00:00,  5.83s/it, est. speed input: 118.06 toks/s, output: 78.25 toks/s]
Prolog output: Error: Caused by: 'solve(Answer)'. Returned: 'error(existence_error(procedure, /(clue5, 1)), context(/(solve, 1), _4666))'.
Completed sample logical_deduction_185 (iteration 27) for method prolog_no_fs
Processing sample logical_deduction_316 (iteration 28) for method prolog_no_fs
Generating without LoRA
Processed prompts:   0%|          | 0/1 [00:00<?, ?it/s, est. speed input: 0.00 toks/s, output: 0.00 toks/s]Processed prompts: 100%|â–ˆâ–ˆâ–ˆâ–ˆâ–ˆâ–ˆâ–ˆâ–ˆâ–ˆâ–ˆ| 1/1 [00:05<00:00,  5.46s/it, est. speed input: 120.18 toks/s, output: 78.22 toks/s]Processed prompts: 100%|â–ˆâ–ˆâ–ˆâ–ˆâ–ˆâ–ˆâ–ˆâ–ˆâ–ˆâ–ˆ| 1/1 [00:05<00:00,  5.46s/it, est. speed input: 120.18 toks/s, output: 78.22 toks/s]
Prolog output: Error (invalid answer)
Completed sample logical_deduction_316 (iteration 28) for method prolog_no_fs
Processing sample logical_deduction_321 (iteration 29) for method prolog_no_fs
Generating without LoRA
Processed prompts:   0%|          | 0/1 [00:00<?, ?it/s, est. speed input: 0.00 toks/s, output: 0.00 toks/s]Processed prompts: 100%|â–ˆâ–ˆâ–ˆâ–ˆâ–ˆâ–ˆâ–ˆâ–ˆâ–ˆâ–ˆ| 1/1 [00:05<00:00,  5.07s/it, est. speed input: 124.54 toks/s, output: 78.16 toks/s]Processed prompts: 100%|â–ˆâ–ˆâ–ˆâ–ˆâ–ˆâ–ˆâ–ˆâ–ˆâ–ˆâ–ˆ| 1/1 [00:05<00:00,  5.07s/it, est. speed input: 124.54 toks/s, output: 78.16 toks/s]
Prolog output: B
Completed sample logical_deduction_321 (iteration 29) for method prolog_no_fs
Processing sample logical_deduction_24 (iteration 30) for method prolog_no_fs
Generating without LoRA
Processed prompts:   0%|          | 0/1 [00:00<?, ?it/s, est. speed input: 0.00 toks/s, output: 0.00 toks/s]Processed prompts: 100%|â–ˆâ–ˆâ–ˆâ–ˆâ–ˆâ–ˆâ–ˆâ–ˆâ–ˆâ–ˆ| 1/1 [00:06<00:00,  6.26s/it, est. speed input: 108.21 toks/s, output: 78.32 toks/s]Processed prompts: 100%|â–ˆâ–ˆâ–ˆâ–ˆâ–ˆâ–ˆâ–ˆâ–ˆâ–ˆâ–ˆ| 1/1 [00:06<00:00,  6.26s/it, est. speed input: 108.21 toks/s, output: 78.32 toks/s]
Prolog output: D
Completed sample logical_deduction_24 (iteration 30) for method prolog_no_fs
Processing sample logical_deduction_150 (iteration 31) for method prolog_no_fs
Generating without LoRA
Processed prompts:   0%|          | 0/1 [00:00<?, ?it/s, est. speed input: 0.00 toks/s, output: 0.00 toks/s]Processed prompts: 100%|â–ˆâ–ˆâ–ˆâ–ˆâ–ˆâ–ˆâ–ˆâ–ˆâ–ˆâ–ˆ| 1/1 [00:05<00:00,  5.10s/it, est. speed input: 124.90 toks/s, output: 78.23 toks/s]Processed prompts: 100%|â–ˆâ–ˆâ–ˆâ–ˆâ–ˆâ–ˆâ–ˆâ–ˆâ–ˆâ–ˆ| 1/1 [00:05<00:00,  5.10s/it, est. speed input: 124.90 toks/s, output: 78.23 toks/s]
Prolog output: C
Completed sample logical_deduction_150 (iteration 31) for method prolog_no_fs
Processing sample logical_deduction_282 (iteration 32) for method prolog_no_fs
Generating without LoRA
Processed prompts:   0%|          | 0/1 [00:00<?, ?it/s, est. speed input: 0.00 toks/s, output: 0.00 toks/s]Processed prompts: 100%|â–ˆâ–ˆâ–ˆâ–ˆâ–ˆâ–ˆâ–ˆâ–ˆâ–ˆâ–ˆ| 1/1 [00:06<00:00,  6.33s/it, est. speed input: 105.06 toks/s, output: 78.36 toks/s]Processed prompts: 100%|â–ˆâ–ˆâ–ˆâ–ˆâ–ˆâ–ˆâ–ˆâ–ˆâ–ˆâ–ˆ| 1/1 [00:06<00:00,  6.33s/it, est. speed input: 105.06 toks/s, output: 78.36 toks/s]
Prolog output: Error (invalid answer)
Completed sample logical_deduction_282 (iteration 32) for method prolog_no_fs
Processing sample logical_deduction_40 (iteration 33) for method prolog_no_fs
Generating without LoRA
Processed prompts:   0%|          | 0/1 [00:00<?, ?it/s, est. speed input: 0.00 toks/s, output: 0.00 toks/s]Processed prompts: 100%|â–ˆâ–ˆâ–ˆâ–ˆâ–ˆâ–ˆâ–ˆâ–ˆâ–ˆâ–ˆ| 1/1 [00:06<00:00,  6.08s/it, est. speed input: 109.53 toks/s, output: 78.28 toks/s]Processed prompts: 100%|â–ˆâ–ˆâ–ˆâ–ˆâ–ˆâ–ˆâ–ˆâ–ˆâ–ˆâ–ˆ| 1/1 [00:06<00:00,  6.08s/it, est. speed input: 109.53 toks/s, output: 78.28 toks/s]
Prolog output: Error (invalid answer)
Completed sample logical_deduction_40 (iteration 33) for method prolog_no_fs
Processing sample logical_deduction_193 (iteration 34) for method prolog_no_fs
Generating without LoRA
Processed prompts:   0%|          | 0/1 [00:00<?, ?it/s, est. speed input: 0.00 toks/s, output: 0.00 toks/s]Processed prompts: 100%|â–ˆâ–ˆâ–ˆâ–ˆâ–ˆâ–ˆâ–ˆâ–ˆâ–ˆâ–ˆ| 1/1 [00:07<00:00,  7.64s/it, est. speed input: 89.52 toks/s, output: 78.39 toks/s]Processed prompts: 100%|â–ˆâ–ˆâ–ˆâ–ˆâ–ˆâ–ˆâ–ˆâ–ˆâ–ˆâ–ˆ| 1/1 [00:07<00:00,  7.64s/it, est. speed input: 89.52 toks/s, output: 78.39 toks/s]
Prolog output: Error (invalid answer)
Completed sample logical_deduction_193 (iteration 34) for method prolog_no_fs
Processing sample logical_deduction_63 (iteration 35) for method prolog_no_fs
Generating without LoRA
Processed prompts:   0%|          | 0/1 [00:00<?, ?it/s, est. speed input: 0.00 toks/s, output: 0.00 toks/s]Processed prompts: 100%|â–ˆâ–ˆâ–ˆâ–ˆâ–ˆâ–ˆâ–ˆâ–ˆâ–ˆâ–ˆ| 1/1 [00:05<00:00,  5.89s/it, est. speed input: 113.48 toks/s, output: 78.32 toks/s]Processed prompts: 100%|â–ˆâ–ˆâ–ˆâ–ˆâ–ˆâ–ˆâ–ˆâ–ˆâ–ˆâ–ˆ| 1/1 [00:05<00:00,  5.89s/it, est. speed input: 113.48 toks/s, output: 78.32 toks/s]
Prolog output: Error (invalid answer)
Completed sample logical_deduction_63 (iteration 35) for method prolog_no_fs
Processing sample logical_deduction_274 (iteration 36) for method prolog_no_fs
Generating without LoRA
Processed prompts:   0%|          | 0/1 [00:00<?, ?it/s, est. speed input: 0.00 toks/s, output: 0.00 toks/s]Processed prompts: 100%|â–ˆâ–ˆâ–ˆâ–ˆâ–ˆâ–ˆâ–ˆâ–ˆâ–ˆâ–ˆ| 1/1 [00:06<00:00,  6.03s/it, est. speed input: 115.14 toks/s, output: 78.30 toks/s]Processed prompts: 100%|â–ˆâ–ˆâ–ˆâ–ˆâ–ˆâ–ˆâ–ˆâ–ˆâ–ˆâ–ˆ| 1/1 [00:06<00:00,  6.03s/it, est. speed input: 115.14 toks/s, output: 78.30 toks/s]
Prolog output: Error: Caused by: 'solve(Answer)'. Returned: 'error(type_error(integer, +(1, 1)), _3676)'.
Completed sample logical_deduction_274 (iteration 36) for method prolog_no_fs
Processing sample logical_deduction_235 (iteration 37) for method prolog_no_fs
Generating without LoRA
Processed prompts:   0%|          | 0/1 [00:00<?, ?it/s, est. speed input: 0.00 toks/s, output: 0.00 toks/s]Processed prompts: 100%|â–ˆâ–ˆâ–ˆâ–ˆâ–ˆâ–ˆâ–ˆâ–ˆâ–ˆâ–ˆ| 1/1 [00:06<00:00,  6.37s/it, est. speed input: 105.54 toks/s, output: 78.37 toks/s]Processed prompts: 100%|â–ˆâ–ˆâ–ˆâ–ˆâ–ˆâ–ˆâ–ˆâ–ˆâ–ˆâ–ˆ| 1/1 [00:06<00:00,  6.37s/it, est. speed input: 105.54 toks/s, output: 78.37 toks/s]
Prolog output: Error (invalid answer)
Completed sample logical_deduction_235 (iteration 37) for method prolog_no_fs
Processing sample logical_deduction_373 (iteration 38) for method prolog_no_fs
Generating without LoRA
Processed prompts:   0%|          | 0/1 [00:00<?, ?it/s, est. speed input: 0.00 toks/s, output: 0.00 toks/s]Processed prompts: 100%|â–ˆâ–ˆâ–ˆâ–ˆâ–ˆâ–ˆâ–ˆâ–ˆâ–ˆâ–ˆ| 1/1 [00:05<00:00,  5.75s/it, est. speed input: 115.12 toks/s, output: 78.25 toks/s]Processed prompts: 100%|â–ˆâ–ˆâ–ˆâ–ˆâ–ˆâ–ˆâ–ˆâ–ˆâ–ˆâ–ˆ| 1/1 [00:05<00:00,  5.75s/it, est. speed input: 115.12 toks/s, output: 78.25 toks/s]
Prolog output: Error (invalid answer)
Completed sample logical_deduction_373 (iteration 38) for method prolog_no_fs
Processing sample logical_deduction_22 (iteration 39) for method prolog_no_fs
Generating without LoRA
Processed prompts:   0%|          | 0/1 [00:00<?, ?it/s, est. speed input: 0.00 toks/s, output: 0.00 toks/s]Processed prompts: 100%|â–ˆâ–ˆâ–ˆâ–ˆâ–ˆâ–ˆâ–ˆâ–ˆâ–ˆâ–ˆ| 1/1 [00:05<00:00,  5.30s/it, est. speed input: 118.39 toks/s, output: 78.24 toks/s]Processed prompts: 100%|â–ˆâ–ˆâ–ˆâ–ˆâ–ˆâ–ˆâ–ˆâ–ˆâ–ˆâ–ˆ| 1/1 [00:05<00:00,  5.30s/it, est. speed input: 118.39 toks/s, output: 78.24 toks/s]
Prolog output: Error (invalid answer)
Completed sample logical_deduction_22 (iteration 39) for method prolog_no_fs
Processing sample logical_deduction_13 (iteration 40) for method prolog_no_fs
Generating without LoRA
Processed prompts:   0%|          | 0/1 [00:00<?, ?it/s, est. speed input: 0.00 toks/s, output: 0.00 toks/s]Processed prompts: 100%|â–ˆâ–ˆâ–ˆâ–ˆâ–ˆâ–ˆâ–ˆâ–ˆâ–ˆâ–ˆ| 1/1 [00:08<00:00,  8.28s/it, est. speed input: 79.33 toks/s, output: 78.48 toks/s]Processed prompts: 100%|â–ˆâ–ˆâ–ˆâ–ˆâ–ˆâ–ˆâ–ˆâ–ˆâ–ˆâ–ˆ| 1/1 [00:08<00:00,  8.28s/it, est. speed input: 79.33 toks/s, output: 78.48 toks/s]
Prolog output: Error (invalid answer)
Completed sample logical_deduction_13 (iteration 40) for method prolog_no_fs
Processing sample logical_deduction_135 (iteration 41) for method prolog_no_fs
Generating without LoRA
Processed prompts:   0%|          | 0/1 [00:00<?, ?it/s, est. speed input: 0.00 toks/s, output: 0.00 toks/s]Processed prompts: 100%|â–ˆâ–ˆâ–ˆâ–ˆâ–ˆâ–ˆâ–ˆâ–ˆâ–ˆâ–ˆ| 1/1 [00:06<00:00,  6.65s/it, est. speed input: 103.73 toks/s, output: 78.32 toks/s]Processed prompts: 100%|â–ˆâ–ˆâ–ˆâ–ˆâ–ˆâ–ˆâ–ˆâ–ˆâ–ˆâ–ˆ| 1/1 [00:06<00:00,  6.65s/it, est. speed input: 103.73 toks/s, output: 78.32 toks/s]
Prolog output: B
Completed sample logical_deduction_135 (iteration 41) for method prolog_no_fs
Processing sample logical_deduction_309 (iteration 42) for method prolog_no_fs
Generating without LoRA
Processed prompts:   0%|          | 0/1 [00:00<?, ?it/s, est. speed input: 0.00 toks/s, output: 0.00 toks/s]Processed prompts: 100%|â–ˆâ–ˆâ–ˆâ–ˆâ–ˆâ–ˆâ–ˆâ–ˆâ–ˆâ–ˆ| 1/1 [00:05<00:00,  5.26s/it, est. speed input: 119.87 toks/s, output: 78.26 toks/s]Processed prompts: 100%|â–ˆâ–ˆâ–ˆâ–ˆâ–ˆâ–ˆâ–ˆâ–ˆâ–ˆâ–ˆ| 1/1 [00:05<00:00,  5.26s/it, est. speed input: 119.87 toks/s, output: 78.26 toks/s]
Warning: /scratch/s5112583/thesis/RL/prolog_code/overwritten_code.pl:22:
Warning:    Singleton variables: [Len]
Prolog output: Error (invalid answer)
Completed sample logical_deduction_309 (iteration 42) for method prolog_no_fs
Processing sample logical_deduction_176 (iteration 43) for method prolog_no_fs
Generating without LoRA
Processed prompts:   0%|          | 0/1 [00:00<?, ?it/s, est. speed input: 0.00 toks/s, output: 0.00 toks/s]Processed prompts: 100%|â–ˆâ–ˆâ–ˆâ–ˆâ–ˆâ–ˆâ–ˆâ–ˆâ–ˆâ–ˆ| 1/1 [00:05<00:00,  5.28s/it, est. speed input: 118.81 toks/s, output: 78.26 toks/s]Processed prompts: 100%|â–ˆâ–ˆâ–ˆâ–ˆâ–ˆâ–ˆâ–ˆâ–ˆâ–ˆâ–ˆ| 1/1 [00:05<00:00,  5.28s/it, est. speed input: 118.81 toks/s, output: 78.26 toks/s]
Prolog output: Error (invalid answer)
Completed sample logical_deduction_176 (iteration 43) for method prolog_no_fs
Processing sample logical_deduction_33 (iteration 44) for method prolog_no_fs
Generating without LoRA
Processed prompts:   0%|          | 0/1 [00:00<?, ?it/s, est. speed input: 0.00 toks/s, output: 0.00 toks/s]Processed prompts: 100%|â–ˆâ–ˆâ–ˆâ–ˆâ–ˆâ–ˆâ–ˆâ–ˆâ–ˆâ–ˆ| 1/1 [00:06<00:00,  6.64s/it, est. speed input: 102.46 toks/s, output: 78.35 toks/s]Processed prompts: 100%|â–ˆâ–ˆâ–ˆâ–ˆâ–ˆâ–ˆâ–ˆâ–ˆâ–ˆâ–ˆ| 1/1 [00:06<00:00,  6.64s/it, est. speed input: 102.46 toks/s, output: 78.35 toks/s]
Warning: /scratch/s5112583/thesis/RL/prolog_code/overwritten_code.pl:17:
Warning:    Singleton variables: [Len]
Prolog output: Error: Caused by: 'solve(Answer)'. Returned: 'error(type_error(integer, -(2, 1)), _3858)'.
Completed sample logical_deduction_33 (iteration 44) for method prolog_no_fs
Processing sample logical_deduction_183 (iteration 45) for method prolog_no_fs
Generating without LoRA
Processed prompts:   0%|          | 0/1 [00:00<?, ?it/s, est. speed input: 0.00 toks/s, output: 0.00 toks/s]Processed prompts: 100%|â–ˆâ–ˆâ–ˆâ–ˆâ–ˆâ–ˆâ–ˆâ–ˆâ–ˆâ–ˆ| 1/1 [00:06<00:00,  6.24s/it, est. speed input: 107.62 toks/s, output: 78.31 toks/s]Processed prompts: 100%|â–ˆâ–ˆâ–ˆâ–ˆâ–ˆâ–ˆâ–ˆâ–ˆâ–ˆâ–ˆ| 1/1 [00:06<00:00,  6.24s/it, est. speed input: 107.62 toks/s, output: 78.31 toks/s]
Prolog output: C
Completed sample logical_deduction_183 (iteration 45) for method prolog_no_fs
Processing sample logical_deduction_49 (iteration 46) for method prolog_no_fs
Generating without LoRA
Processed prompts:   0%|          | 0/1 [00:00<?, ?it/s, est. speed input: 0.00 toks/s, output: 0.00 toks/s]Processed prompts: 100%|â–ˆâ–ˆâ–ˆâ–ˆâ–ˆâ–ˆâ–ˆâ–ˆâ–ˆâ–ˆ| 1/1 [00:06<00:00,  6.22s/it, est. speed input: 107.76 toks/s, output: 78.32 toks/s]Processed prompts: 100%|â–ˆâ–ˆâ–ˆâ–ˆâ–ˆâ–ˆâ–ˆâ–ˆâ–ˆâ–ˆ| 1/1 [00:06<00:00,  6.22s/it, est. speed input: 107.76 toks/s, output: 78.32 toks/s]
Prolog output: Error (invalid answer)
Completed sample logical_deduction_49 (iteration 46) for method prolog_no_fs
Processing sample logical_deduction_194 (iteration 47) for method prolog_no_fs
Generating without LoRA
Processed prompts:   0%|          | 0/1 [00:00<?, ?it/s, est. speed input: 0.00 toks/s, output: 0.00 toks/s]Processed prompts: 100%|â–ˆâ–ˆâ–ˆâ–ˆâ–ˆâ–ˆâ–ˆâ–ˆâ–ˆâ–ˆ| 1/1 [00:06<00:00,  6.44s/it, est. speed input: 103.67 toks/s, output: 78.38 toks/s]Processed prompts: 100%|â–ˆâ–ˆâ–ˆâ–ˆâ–ˆâ–ˆâ–ˆâ–ˆâ–ˆâ–ˆ| 1/1 [00:06<00:00,  6.44s/it, est. speed input: 103.67 toks/s, output: 78.38 toks/s]
Prolog output: C
Completed sample logical_deduction_194 (iteration 47) for method prolog_no_fs
Processing sample logical_deduction_80 (iteration 48) for method prolog_no_fs
Generating without LoRA
Processed prompts:   0%|          | 0/1 [00:00<?, ?it/s, est. speed input: 0.00 toks/s, output: 0.00 toks/s]Processed prompts: 100%|â–ˆâ–ˆâ–ˆâ–ˆâ–ˆâ–ˆâ–ˆâ–ˆâ–ˆâ–ˆ| 1/1 [00:06<00:00,  6.26s/it, est. speed input: 110.26 toks/s, output: 78.30 toks/s]Processed prompts: 100%|â–ˆâ–ˆâ–ˆâ–ˆâ–ˆâ–ˆâ–ˆâ–ˆâ–ˆâ–ˆ| 1/1 [00:06<00:00,  6.26s/it, est. speed input: 110.26 toks/s, output: 78.30 toks/s]
Prolog output: Error: Caused by: 'solve(Answer)'. Returned: 'error(type_error(integer, -(5, 2)), _10000)'.
Completed sample logical_deduction_80 (iteration 48) for method prolog_no_fs
Processing sample logical_deduction_90 (iteration 49) for method prolog_no_fs
Generating without LoRA
Processed prompts:   0%|          | 0/1 [00:00<?, ?it/s, est. speed input: 0.00 toks/s, output: 0.00 toks/s]Processed prompts: 100%|â–ˆâ–ˆâ–ˆâ–ˆâ–ˆâ–ˆâ–ˆâ–ˆâ–ˆâ–ˆ| 1/1 [00:06<00:00,  6.05s/it, est. speed input: 114.14 toks/s, output: 78.24 toks/s]Processed prompts: 100%|â–ˆâ–ˆâ–ˆâ–ˆâ–ˆâ–ˆâ–ˆâ–ˆâ–ˆâ–ˆ| 1/1 [00:06<00:00,  6.05s/it, est. speed input: 114.14 toks/s, output: 78.24 toks/s]
Prolog output: Error: Caused by: 'solve(Answer)'. Returned: 'error(type_error(integer, +(2, 1)), _28)'.
Completed sample logical_deduction_90 (iteration 49) for method prolog_no_fs
Processing sample logical_deduction_172 (iteration 50) for method prolog_no_fs
Generating without LoRA
Processed prompts:   0%|          | 0/1 [00:00<?, ?it/s, est. speed input: 0.00 toks/s, output: 0.00 toks/s]Processed prompts: 100%|â–ˆâ–ˆâ–ˆâ–ˆâ–ˆâ–ˆâ–ˆâ–ˆâ–ˆâ–ˆ| 1/1 [00:06<00:00,  6.65s/it, est. speed input: 102.26 toks/s, output: 78.35 toks/s]Processed prompts: 100%|â–ˆâ–ˆâ–ˆâ–ˆâ–ˆâ–ˆâ–ˆâ–ˆâ–ˆâ–ˆ| 1/1 [00:06<00:00,  6.65s/it, est. speed input: 102.26 toks/s, output: 78.35 toks/s]
Prolog output: Error (invalid answer)
Completed sample logical_deduction_172 (iteration 50) for method prolog_no_fs
Processing sample logical_deduction_390 (iteration 51) for method prolog_no_fs
Generating without LoRA
Processed prompts:   0%|          | 0/1 [00:00<?, ?it/s, est. speed input: 0.00 toks/s, output: 0.00 toks/s]Processed prompts: 100%|â–ˆâ–ˆâ–ˆâ–ˆâ–ˆâ–ˆâ–ˆâ–ˆâ–ˆâ–ˆ| 1/1 [00:07<00:00,  7.03s/it, est. speed input: 97.05 toks/s, output: 78.41 toks/s]Processed prompts: 100%|â–ˆâ–ˆâ–ˆâ–ˆâ–ˆâ–ˆâ–ˆâ–ˆâ–ˆâ–ˆ| 1/1 [00:07<00:00,  7.03s/it, est. speed input: 97.05 toks/s, output: 78.41 toks/s]
Prolog output: A
Completed sample logical_deduction_390 (iteration 51) for method prolog_no_fs
Processing sample logical_deduction_110 (iteration 52) for method prolog_no_fs
Generating without LoRA
Processed prompts:   0%|          | 0/1 [00:00<?, ?it/s, est. speed input: 0.00 toks/s, output: 0.00 toks/s]Processed prompts: 100%|â–ˆâ–ˆâ–ˆâ–ˆâ–ˆâ–ˆâ–ˆâ–ˆâ–ˆâ–ˆ| 1/1 [00:05<00:00,  5.77s/it, est. speed input: 119.50 toks/s, output: 78.28 toks/s]Processed prompts: 100%|â–ˆâ–ˆâ–ˆâ–ˆâ–ˆâ–ˆâ–ˆâ–ˆâ–ˆâ–ˆ| 1/1 [00:05<00:00,  5.77s/it, est. speed input: 119.50 toks/s, output: 78.28 toks/s]
Prolog output: B
Completed sample logical_deduction_110 (iteration 52) for method prolog_no_fs
Processing sample logical_deduction_79 (iteration 53) for method prolog_no_fs
Generating without LoRA
Processed prompts:   0%|          | 0/1 [00:00<?, ?it/s, est. speed input: 0.00 toks/s, output: 0.00 toks/s]Processed prompts: 100%|â–ˆâ–ˆâ–ˆâ–ˆâ–ˆâ–ˆâ–ˆâ–ˆâ–ˆâ–ˆ| 1/1 [00:06<00:00,  6.71s/it, est. speed input: 101.76 toks/s, output: 78.37 toks/s]Processed prompts: 100%|â–ˆâ–ˆâ–ˆâ–ˆâ–ˆâ–ˆâ–ˆâ–ˆâ–ˆâ–ˆ| 1/1 [00:06<00:00,  6.71s/it, est. speed input: 101.76 toks/s, output: 78.37 toks/s]
Prolog output: Error: Caused by: 'solve(Answer)'. Returned: 'error(existence_error(procedure, /(nth1, 5)), context(/(clue4, 1), _6154))'.
Completed sample logical_deduction_79 (iteration 53) for method prolog_no_fs
Processing sample logical_deduction_64 (iteration 54) for method prolog_no_fs
Generating without LoRA
Processed prompts:   0%|          | 0/1 [00:00<?, ?it/s, est. speed input: 0.00 toks/s, output: 0.00 toks/s]Processed prompts: 100%|â–ˆâ–ˆâ–ˆâ–ˆâ–ˆâ–ˆâ–ˆâ–ˆâ–ˆâ–ˆ| 1/1 [00:06<00:00,  6.84s/it, est. speed input: 100.69 toks/s, output: 78.33 toks/s]Processed prompts: 100%|â–ˆâ–ˆâ–ˆâ–ˆâ–ˆâ–ˆâ–ˆâ–ˆâ–ˆâ–ˆ| 1/1 [00:06<00:00,  6.84s/it, est. speed input: 100.69 toks/s, output: 78.33 toks/s]
Prolog output: Error (invalid answer)
Completed sample logical_deduction_64 (iteration 54) for method prolog_no_fs
Processing sample logical_deduction_174 (iteration 55) for method prolog_no_fs
Generating without LoRA
Processed prompts:   0%|          | 0/1 [00:00<?, ?it/s, est. speed input: 0.00 toks/s, output: 0.00 toks/s]Processed prompts: 100%|â–ˆâ–ˆâ–ˆâ–ˆâ–ˆâ–ˆâ–ˆâ–ˆâ–ˆâ–ˆ| 1/1 [00:06<00:00,  6.23s/it, est. speed input: 109.75 toks/s, output: 78.30 toks/s]Processed prompts: 100%|â–ˆâ–ˆâ–ˆâ–ˆâ–ˆâ–ˆâ–ˆâ–ˆâ–ˆâ–ˆ| 1/1 [00:06<00:00,  6.23s/it, est. speed input: 109.75 toks/s, output: 78.30 toks/s]
Prolog output: E
Completed sample logical_deduction_174 (iteration 55) for method prolog_no_fs
Processing sample logical_deduction_83 (iteration 56) for method prolog_no_fs
Generating without LoRA
Processed prompts:   0%|          | 0/1 [00:00<?, ?it/s, est. speed input: 0.00 toks/s, output: 0.00 toks/s]Processed prompts: 100%|â–ˆâ–ˆâ–ˆâ–ˆâ–ˆâ–ˆâ–ˆâ–ˆâ–ˆâ–ˆ| 1/1 [00:05<00:00,  5.29s/it, est. speed input: 118.56 toks/s, output: 78.28 toks/s]Processed prompts: 100%|â–ˆâ–ˆâ–ˆâ–ˆâ–ˆâ–ˆâ–ˆâ–ˆâ–ˆâ–ˆ| 1/1 [00:05<00:00,  5.29s/it, est. speed input: 118.56 toks/s, output: 78.28 toks/s]
Prolog output: Error (invalid answer)
Completed sample logical_deduction_83 (iteration 56) for method prolog_no_fs
Processing sample logical_deduction_357 (iteration 57) for method prolog_no_fs
Generating without LoRA
Processed prompts:   0%|          | 0/1 [00:00<?, ?it/s, est. speed input: 0.00 toks/s, output: 0.00 toks/s]Processed prompts: 100%|â–ˆâ–ˆâ–ˆâ–ˆâ–ˆâ–ˆâ–ˆâ–ˆâ–ˆâ–ˆ| 1/1 [00:05<00:00,  5.46s/it, est. speed input: 117.13 toks/s, output: 78.27 toks/s]Processed prompts: 100%|â–ˆâ–ˆâ–ˆâ–ˆâ–ˆâ–ˆâ–ˆâ–ˆâ–ˆâ–ˆ| 1/1 [00:05<00:00,  5.46s/it, est. speed input: 117.13 toks/s, output: 78.27 toks/s]
Prolog output: Error (invalid answer)
Completed sample logical_deduction_357 (iteration 57) for method prolog_no_fs
Processing sample logical_deduction_81 (iteration 58) for method prolog_no_fs
Generating without LoRA
Processed prompts:   0%|          | 0/1 [00:00<?, ?it/s, est. speed input: 0.00 toks/s, output: 0.00 toks/s]Processed prompts: 100%|â–ˆâ–ˆâ–ˆâ–ˆâ–ˆâ–ˆâ–ˆâ–ˆâ–ˆâ–ˆ| 1/1 [00:05<00:00,  5.94s/it, est. speed input: 115.82 toks/s, output: 78.28 toks/s]Processed prompts: 100%|â–ˆâ–ˆâ–ˆâ–ˆâ–ˆâ–ˆâ–ˆâ–ˆâ–ˆâ–ˆ| 1/1 [00:05<00:00,  5.94s/it, est. speed input: 115.82 toks/s, output: 78.28 toks/s]
Prolog output: Error (invalid answer)
Completed sample logical_deduction_81 (iteration 58) for method prolog_no_fs
Processing sample logical_deduction_12 (iteration 59) for method prolog_no_fs
Generating without LoRA
Processed prompts:   0%|          | 0/1 [00:00<?, ?it/s, est. speed input: 0.00 toks/s, output: 0.00 toks/s]Processed prompts: 100%|â–ˆâ–ˆâ–ˆâ–ˆâ–ˆâ–ˆâ–ˆâ–ˆâ–ˆâ–ˆ| 1/1 [00:05<00:00,  5.04s/it, est. speed input: 124.89 toks/s, output: 78.23 toks/s]Processed prompts: 100%|â–ˆâ–ˆâ–ˆâ–ˆâ–ˆâ–ˆâ–ˆâ–ˆâ–ˆâ–ˆ| 1/1 [00:05<00:00,  5.04s/it, est. speed input: 124.89 toks/s, output: 78.23 toks/s]
Prolog output: C
Completed sample logical_deduction_12 (iteration 59) for method prolog_no_fs
Processing sample logical_deduction_388 (iteration 60) for method prolog_no_fs
Generating without LoRA
Processed prompts:   0%|          | 0/1 [00:00<?, ?it/s, est. speed input: 0.00 toks/s, output: 0.00 toks/s]Processed prompts: 100%|â–ˆâ–ˆâ–ˆâ–ˆâ–ˆâ–ˆâ–ˆâ–ˆâ–ˆâ–ˆ| 1/1 [00:06<00:00,  6.83s/it, est. speed input: 100.79 toks/s, output: 78.37 toks/s]Processed prompts: 100%|â–ˆâ–ˆâ–ˆâ–ˆâ–ˆâ–ˆâ–ˆâ–ˆâ–ˆâ–ˆ| 1/1 [00:06<00:00,  6.83s/it, est. speed input: 100.79 toks/s, output: 78.37 toks/s]
Prolog output: Error (invalid answer)
Completed sample logical_deduction_388 (iteration 60) for method prolog_no_fs
Processing sample logical_deduction_3 (iteration 61) for method prolog_no_fs
Generating without LoRA
Processed prompts:   0%|          | 0/1 [00:00<?, ?it/s, est. speed input: 0.00 toks/s, output: 0.00 toks/s]Processed prompts: 100%|â–ˆâ–ˆâ–ˆâ–ˆâ–ˆâ–ˆâ–ˆâ–ˆâ–ˆâ–ˆ| 1/1 [00:06<00:00,  6.28s/it, est. speed input: 108.06 toks/s, output: 78.30 toks/s]Processed prompts: 100%|â–ˆâ–ˆâ–ˆâ–ˆâ–ˆâ–ˆâ–ˆâ–ˆâ–ˆâ–ˆ| 1/1 [00:06<00:00,  6.28s/it, est. speed input: 108.06 toks/s, output: 78.30 toks/s]
Prolog output: B
Completed sample logical_deduction_3 (iteration 61) for method prolog_no_fs
Processing sample logical_deduction_45 (iteration 62) for method prolog_no_fs
Generating without LoRA
Processed prompts:   0%|          | 0/1 [00:00<?, ?it/s, est. speed input: 0.00 toks/s, output: 0.00 toks/s]Processed prompts: 100%|â–ˆâ–ˆâ–ˆâ–ˆâ–ˆâ–ˆâ–ˆâ–ˆâ–ˆâ–ˆ| 1/1 [00:06<00:00,  6.73s/it, est. speed input: 101.99 toks/s, output: 78.35 toks/s]Processed prompts: 100%|â–ˆâ–ˆâ–ˆâ–ˆâ–ˆâ–ˆâ–ˆâ–ˆâ–ˆâ–ˆ| 1/1 [00:06<00:00,  6.73s/it, est. speed input: 101.99 toks/s, output: 78.35 toks/s]
Prolog output: B
Completed sample logical_deduction_45 (iteration 62) for method prolog_no_fs
Processing sample logical_deduction_14 (iteration 63) for method prolog_no_fs
Generating without LoRA
Processed prompts:   0%|          | 0/1 [00:00<?, ?it/s, est. speed input: 0.00 toks/s, output: 0.00 toks/s]Processed prompts: 100%|â–ˆâ–ˆâ–ˆâ–ˆâ–ˆâ–ˆâ–ˆâ–ˆâ–ˆâ–ˆ| 1/1 [00:06<00:00,  6.75s/it, est. speed input: 99.85 toks/s, output: 78.37 toks/s]Processed prompts: 100%|â–ˆâ–ˆâ–ˆâ–ˆâ–ˆâ–ˆâ–ˆâ–ˆâ–ˆâ–ˆ| 1/1 [00:06<00:00,  6.75s/it, est. speed input: 99.85 toks/s, output: 78.37 toks/s]
Prolog output: Error (invalid answer)
Completed sample logical_deduction_14 (iteration 63) for method prolog_no_fs
Processing sample logical_deduction_142 (iteration 64) for method prolog_no_fs
Generating without LoRA
Processed prompts:   0%|          | 0/1 [00:00<?, ?it/s, est. speed input: 0.00 toks/s, output: 0.00 toks/s]Processed prompts: 100%|â–ˆâ–ˆâ–ˆâ–ˆâ–ˆâ–ˆâ–ˆâ–ˆâ–ˆâ–ˆ| 1/1 [00:06<00:00,  6.49s/it, est. speed input: 105.94 toks/s, output: 78.38 toks/s]Processed prompts: 100%|â–ˆâ–ˆâ–ˆâ–ˆâ–ˆâ–ˆâ–ˆâ–ˆâ–ˆâ–ˆ| 1/1 [00:06<00:00,  6.49s/it, est. speed input: 105.94 toks/s, output: 78.38 toks/s]
Prolog output: Error (invalid answer)
Completed sample logical_deduction_142 (iteration 64) for method prolog_no_fs
Processing sample logical_deduction_301 (iteration 65) for method prolog_no_fs
Generating without LoRA
Processed prompts:   0%|          | 0/1 [00:00<?, ?it/s, est. speed input: 0.00 toks/s, output: 0.00 toks/s]Processed prompts: 100%|â–ˆâ–ˆâ–ˆâ–ˆâ–ˆâ–ˆâ–ˆâ–ˆâ–ˆâ–ˆ| 1/1 [00:06<00:00,  6.28s/it, est. speed input: 108.09 toks/s, output: 78.32 toks/s]Processed prompts: 100%|â–ˆâ–ˆâ–ˆâ–ˆâ–ˆâ–ˆâ–ˆâ–ˆâ–ˆâ–ˆ| 1/1 [00:06<00:00,  6.28s/it, est. speed input: 108.09 toks/s, output: 78.32 toks/s]
Prolog output: D
Completed sample logical_deduction_301 (iteration 65) for method prolog_no_fs
Processing sample logical_deduction_229 (iteration 66) for method prolog_no_fs
Generating without LoRA
Processed prompts:   0%|          | 0/1 [00:00<?, ?it/s, est. speed input: 0.00 toks/s, output: 0.00 toks/s]Processed prompts: 100%|â–ˆâ–ˆâ–ˆâ–ˆâ–ˆâ–ˆâ–ˆâ–ˆâ–ˆâ–ˆ| 1/1 [00:14<00:00, 14.37s/it, est. speed input: 46.05 toks/s, output: 78.61 toks/s]Processed prompts: 100%|â–ˆâ–ˆâ–ˆâ–ˆâ–ˆâ–ˆâ–ˆâ–ˆâ–ˆâ–ˆ| 1/1 [00:14<00:00, 14.38s/it, est. speed input: 46.05 toks/s, output: 78.61 toks/s]
Prolog output: Error (invalid answer)
Completed sample logical_deduction_229 (iteration 66) for method prolog_no_fs
Processing sample logical_deduction_112 (iteration 67) for method prolog_no_fs
Generating without LoRA
Processed prompts:   0%|          | 0/1 [00:00<?, ?it/s, est. speed input: 0.00 toks/s, output: 0.00 toks/s]Processed prompts: 100%|â–ˆâ–ˆâ–ˆâ–ˆâ–ˆâ–ˆâ–ˆâ–ˆâ–ˆâ–ˆ| 1/1 [00:06<00:00,  6.17s/it, est. speed input: 109.93 toks/s, output: 78.31 toks/s]Processed prompts: 100%|â–ˆâ–ˆâ–ˆâ–ˆâ–ˆâ–ˆâ–ˆâ–ˆâ–ˆâ–ˆ| 1/1 [00:06<00:00,  6.17s/it, est. speed input: 109.93 toks/s, output: 78.31 toks/s]
Prolog output: A
Completed sample logical_deduction_112 (iteration 67) for method prolog_no_fs
Processing sample logical_deduction_214 (iteration 68) for method prolog_no_fs
Generating without LoRA
Processed prompts:   0%|          | 0/1 [00:00<?, ?it/s, est. speed input: 0.00 toks/s, output: 0.00 toks/s]Processed prompts: 100%|â–ˆâ–ˆâ–ˆâ–ˆâ–ˆâ–ˆâ–ˆâ–ˆâ–ˆâ–ˆ| 1/1 [00:06<00:00,  6.21s/it, est. speed input: 108.78 toks/s, output: 78.32 toks/s]Processed prompts: 100%|â–ˆâ–ˆâ–ˆâ–ˆâ–ˆâ–ˆâ–ˆâ–ˆâ–ˆâ–ˆ| 1/1 [00:06<00:00,  6.21s/it, est. speed input: 108.78 toks/s, output: 78.32 toks/s]
Prolog output: Error: Caused by: 'solve(Answer)'. Returned: 'error(existence_error(procedure, /(clue5, 1)), context(/(solve, 1), _682))'.
Completed sample logical_deduction_214 (iteration 68) for method prolog_no_fs
Processing sample logical_deduction_86 (iteration 69) for method prolog_no_fs
Generating without LoRA
Processed prompts:   0%|          | 0/1 [00:00<?, ?it/s, est. speed input: 0.00 toks/s, output: 0.00 toks/s]Processed prompts: 100%|â–ˆâ–ˆâ–ˆâ–ˆâ–ˆâ–ˆâ–ˆâ–ˆâ–ˆâ–ˆ| 1/1 [00:05<00:00,  5.32s/it, est. speed input: 118.69 toks/s, output: 78.25 toks/s]Processed prompts: 100%|â–ˆâ–ˆâ–ˆâ–ˆâ–ˆâ–ˆâ–ˆâ–ˆâ–ˆâ–ˆ| 1/1 [00:05<00:00,  5.32s/it, est. speed input: 118.69 toks/s, output: 78.25 toks/s]
Prolog output: Error (invalid answer)
Completed sample logical_deduction_86 (iteration 69) for method prolog_no_fs
Processing sample logical_deduction_359 (iteration 70) for method prolog_no_fs
Generating without LoRA
Processed prompts:   0%|          | 0/1 [00:00<?, ?it/s, est. speed input: 0.00 toks/s, output: 0.00 toks/s]Processed prompts: 100%|â–ˆâ–ˆâ–ˆâ–ˆâ–ˆâ–ˆâ–ˆâ–ˆâ–ˆâ–ˆ| 1/1 [00:06<00:00,  6.39s/it, est. speed input: 98.40 toks/s, output: 78.37 toks/s]Processed prompts: 100%|â–ˆâ–ˆâ–ˆâ–ˆâ–ˆâ–ˆâ–ˆâ–ˆâ–ˆâ–ˆ| 1/1 [00:06<00:00,  6.39s/it, est. speed input: 98.40 toks/s, output: 78.37 toks/s]
Prolog output: B
Completed sample logical_deduction_359 (iteration 70) for method prolog_no_fs
Processing sample logical_deduction_332 (iteration 71) for method prolog_no_fs
Generating without LoRA
Processed prompts:   0%|          | 0/1 [00:00<?, ?it/s, est. speed input: 0.00 toks/s, output: 0.00 toks/s]Processed prompts: 100%|â–ˆâ–ˆâ–ˆâ–ˆâ–ˆâ–ˆâ–ˆâ–ˆâ–ˆâ–ˆ| 1/1 [00:09<00:00,  9.62s/it, est. speed input: 71.23 toks/s, output: 78.51 toks/s]Processed prompts: 100%|â–ˆâ–ˆâ–ˆâ–ˆâ–ˆâ–ˆâ–ˆâ–ˆâ–ˆâ–ˆ| 1/1 [00:09<00:00,  9.62s/it, est. speed input: 71.23 toks/s, output: 78.51 toks/s]
Prolog output: Error (invalid answer)
Completed sample logical_deduction_332 (iteration 71) for method prolog_no_fs
Processing sample logical_deduction_366 (iteration 72) for method prolog_no_fs
Generating without LoRA
Processed prompts:   0%|          | 0/1 [00:00<?, ?it/s, est. speed input: 0.00 toks/s, output: 0.00 toks/s]Processed prompts: 100%|â–ˆâ–ˆâ–ˆâ–ˆâ–ˆâ–ˆâ–ˆâ–ˆâ–ˆâ–ˆ| 1/1 [00:05<00:00,  5.89s/it, est. speed input: 117.50 toks/s, output: 78.28 toks/s]Processed prompts: 100%|â–ˆâ–ˆâ–ˆâ–ˆâ–ˆâ–ˆâ–ˆâ–ˆâ–ˆâ–ˆ| 1/1 [00:05<00:00,  5.89s/it, est. speed input: 117.50 toks/s, output: 78.28 toks/s]
Prolog output: Error (invalid answer)
Completed sample logical_deduction_366 (iteration 72) for method prolog_no_fs
Processing sample logical_deduction_101 (iteration 73) for method prolog_no_fs
Generating without LoRA
Processed prompts:   0%|          | 0/1 [00:00<?, ?it/s, est. speed input: 0.00 toks/s, output: 0.00 toks/s]Processed prompts: 100%|â–ˆâ–ˆâ–ˆâ–ˆâ–ˆâ–ˆâ–ˆâ–ˆâ–ˆâ–ˆ| 1/1 [00:06<00:00,  6.39s/it, est. speed input: 107.49 toks/s, output: 78.38 toks/s]Processed prompts: 100%|â–ˆâ–ˆâ–ˆâ–ˆâ–ˆâ–ˆâ–ˆâ–ˆâ–ˆâ–ˆ| 1/1 [00:06<00:00,  6.39s/it, est. speed input: 107.49 toks/s, output: 78.38 toks/s]
Prolog output: Error: Caused by: 'solve(Answer)'. Returned: 'error(type_error(integer, -(_8314, 1)), _8304)'.
Completed sample logical_deduction_101 (iteration 73) for method prolog_no_fs
Processing sample logical_deduction_287 (iteration 74) for method prolog_no_fs
Generating without LoRA
Processed prompts:   0%|          | 0/1 [00:00<?, ?it/s, est. speed input: 0.00 toks/s, output: 0.00 toks/s]Processed prompts: 100%|â–ˆâ–ˆâ–ˆâ–ˆâ–ˆâ–ˆâ–ˆâ–ˆâ–ˆâ–ˆ| 1/1 [00:06<00:00,  6.74s/it, est. speed input: 100.93 toks/s, output: 78.37 toks/s]Processed prompts: 100%|â–ˆâ–ˆâ–ˆâ–ˆâ–ˆâ–ˆâ–ˆâ–ˆâ–ˆâ–ˆ| 1/1 [00:06<00:00,  6.74s/it, est. speed input: 100.93 toks/s, output: 78.37 toks/s]
Prolog output: Error (invalid answer)
Completed sample logical_deduction_287 (iteration 74) for method prolog_no_fs
Processing sample logical_deduction_13 (iteration 75) for method prolog_no_fs
Generating without LoRA
Processed prompts:   0%|          | 0/1 [00:00<?, ?it/s, est. speed input: 0.00 toks/s, output: 0.00 toks/s]Processed prompts: 100%|â–ˆâ–ˆâ–ˆâ–ˆâ–ˆâ–ˆâ–ˆâ–ˆâ–ˆâ–ˆ| 1/1 [00:04<00:00,  4.99s/it, est. speed input: 125.66 toks/s, output: 78.16 toks/s]Processed prompts: 100%|â–ˆâ–ˆâ–ˆâ–ˆâ–ˆâ–ˆâ–ˆâ–ˆâ–ˆâ–ˆ| 1/1 [00:04<00:00,  4.99s/it, est. speed input: 125.66 toks/s, output: 78.16 toks/s]
Prolog output: Error (invalid answer)
Completed sample logical_deduction_13 (iteration 75) for method prolog_no_fs
Processing sample logical_deduction_308 (iteration 76) for method prolog_no_fs
Generating without LoRA
Processed prompts:   0%|          | 0/1 [00:00<?, ?it/s, est. speed input: 0.00 toks/s, output: 0.00 toks/s]Processed prompts: 100%|â–ˆâ–ˆâ–ˆâ–ˆâ–ˆâ–ˆâ–ˆâ–ˆâ–ˆâ–ˆ| 1/1 [00:06<00:00,  6.20s/it, est. speed input: 109.92 toks/s, output: 78.33 toks/s]Processed prompts: 100%|â–ˆâ–ˆâ–ˆâ–ˆâ–ˆâ–ˆâ–ˆâ–ˆâ–ˆâ–ˆ| 1/1 [00:06<00:00,  6.20s/it, est. speed input: 109.92 toks/s, output: 78.33 toks/s]
Prolog output: Error (invalid answer)
Completed sample logical_deduction_308 (iteration 76) for method prolog_no_fs
Processing sample logical_deduction_258 (iteration 77) for method prolog_no_fs
Generating without LoRA
Processed prompts:   0%|          | 0/1 [00:00<?, ?it/s, est. speed input: 0.00 toks/s, output: 0.00 toks/s]Processed prompts: 100%|â–ˆâ–ˆâ–ˆâ–ˆâ–ˆâ–ˆâ–ˆâ–ˆâ–ˆâ–ˆ| 1/1 [00:06<00:00,  6.75s/it, est. speed input: 100.45 toks/s, output: 78.37 toks/s]Processed prompts: 100%|â–ˆâ–ˆâ–ˆâ–ˆâ–ˆâ–ˆâ–ˆâ–ˆâ–ˆâ–ˆ| 1/1 [00:06<00:00,  6.75s/it, est. speed input: 100.45 toks/s, output: 78.37 toks/s]
Prolog output: Error (invalid answer)
Completed sample logical_deduction_258 (iteration 77) for method prolog_no_fs
Processing sample logical_deduction_119 (iteration 78) for method prolog_no_fs
Generating without LoRA
Processed prompts:   0%|          | 0/1 [00:00<?, ?it/s, est. speed input: 0.00 toks/s, output: 0.00 toks/s]Processed prompts: 100%|â–ˆâ–ˆâ–ˆâ–ˆâ–ˆâ–ˆâ–ˆâ–ˆâ–ˆâ–ˆ| 1/1 [00:05<00:00,  5.29s/it, est. speed input: 118.73 toks/s, output: 78.27 toks/s]Processed prompts: 100%|â–ˆâ–ˆâ–ˆâ–ˆâ–ˆâ–ˆâ–ˆâ–ˆâ–ˆâ–ˆ| 1/1 [00:05<00:00,  5.29s/it, est. speed input: 118.73 toks/s, output: 78.27 toks/s]
Prolog output: Error: Caused by: 'solve(Answer)'. Returned: 'error(type_error(integer, -(5, 1)), _2182)'.
Completed sample logical_deduction_119 (iteration 78) for method prolog_no_fs
Processing sample logical_deduction_111 (iteration 79) for method prolog_no_fs
Generating without LoRA
Processed prompts:   0%|          | 0/1 [00:00<?, ?it/s, est. speed input: 0.00 toks/s, output: 0.00 toks/s]Processed prompts: 100%|â–ˆâ–ˆâ–ˆâ–ˆâ–ˆâ–ˆâ–ˆâ–ˆâ–ˆâ–ˆ| 1/1 [00:05<00:00,  5.95s/it, est. speed input: 113.60 toks/s, output: 78.31 toks/s]Processed prompts: 100%|â–ˆâ–ˆâ–ˆâ–ˆâ–ˆâ–ˆâ–ˆâ–ˆâ–ˆâ–ˆ| 1/1 [00:05<00:00,  5.95s/it, est. speed input: 113.60 toks/s, output: 78.31 toks/s]
Prolog output: Error (invalid answer)
Completed sample logical_deduction_111 (iteration 79) for method prolog_no_fs
Processing sample logical_deduction_47 (iteration 80) for method prolog_no_fs
Generating without LoRA
Processed prompts:   0%|          | 0/1 [00:00<?, ?it/s, est. speed input: 0.00 toks/s, output: 0.00 toks/s]Processed prompts: 100%|â–ˆâ–ˆâ–ˆâ–ˆâ–ˆâ–ˆâ–ˆâ–ˆâ–ˆâ–ˆ| 1/1 [00:05<00:00,  5.79s/it, est. speed input: 116.09 toks/s, output: 78.26 toks/s]Processed prompts: 100%|â–ˆâ–ˆâ–ˆâ–ˆâ–ˆâ–ˆâ–ˆâ–ˆâ–ˆâ–ˆ| 1/1 [00:05<00:00,  5.79s/it, est. speed input: 116.09 toks/s, output: 78.26 toks/s]
Prolog output: D
Completed sample logical_deduction_47 (iteration 80) for method prolog_no_fs
Processing sample logical_deduction_15 (iteration 81) for method prolog_no_fs
Generating without LoRA
Processed prompts:   0%|          | 0/1 [00:00<?, ?it/s, est. speed input: 0.00 toks/s, output: 0.00 toks/s]Processed prompts: 100%|â–ˆâ–ˆâ–ˆâ–ˆâ–ˆâ–ˆâ–ˆâ–ˆâ–ˆâ–ˆ| 1/1 [00:06<00:00,  6.23s/it, est. speed input: 109.77 toks/s, output: 78.32 toks/s]Processed prompts: 100%|â–ˆâ–ˆâ–ˆâ–ˆâ–ˆâ–ˆâ–ˆâ–ˆâ–ˆâ–ˆ| 1/1 [00:06<00:00,  6.23s/it, est. speed input: 109.77 toks/s, output: 78.32 toks/s]
Prolog output: A
Completed sample logical_deduction_15 (iteration 81) for method prolog_no_fs
Processing sample logical_deduction_16 (iteration 82) for method prolog_no_fs
Generating without LoRA
Processed prompts:   0%|          | 0/1 [00:00<?, ?it/s, est. speed input: 0.00 toks/s, output: 0.00 toks/s]Processed prompts: 100%|â–ˆâ–ˆâ–ˆâ–ˆâ–ˆâ–ˆâ–ˆâ–ˆâ–ˆâ–ˆ| 1/1 [00:06<00:00,  6.43s/it, est. speed input: 105.90 toks/s, output: 78.38 toks/s]Processed prompts: 100%|â–ˆâ–ˆâ–ˆâ–ˆâ–ˆâ–ˆâ–ˆâ–ˆâ–ˆâ–ˆ| 1/1 [00:06<00:00,  6.43s/it, est. speed input: 105.90 toks/s, output: 78.38 toks/s]
Prolog output: Error (invalid answer)
Completed sample logical_deduction_16 (iteration 82) for method prolog_no_fs
Processing sample logical_deduction_216 (iteration 83) for method prolog_no_fs
Generating without LoRA
Processed prompts:   0%|          | 0/1 [00:00<?, ?it/s, est. speed input: 0.00 toks/s, output: 0.00 toks/s]Processed prompts: 100%|â–ˆâ–ˆâ–ˆâ–ˆâ–ˆâ–ˆâ–ˆâ–ˆâ–ˆâ–ˆ| 1/1 [00:05<00:00,  5.39s/it, est. speed input: 116.56 toks/s, output: 78.32 toks/s]Processed prompts: 100%|â–ˆâ–ˆâ–ˆâ–ˆâ–ˆâ–ˆâ–ˆâ–ˆâ–ˆâ–ˆ| 1/1 [00:05<00:00,  5.39s/it, est. speed input: 116.56 toks/s, output: 78.32 toks/s]
Prolog output: Error: Caused by: 'solve(Answer)'. Returned: 'error(type_error(integer, -(5, 1)), _9812)'.
Completed sample logical_deduction_216 (iteration 83) for method prolog_no_fs
Processing sample logical_deduction_302 (iteration 84) for method prolog_no_fs
Generating without LoRA
Processed prompts:   0%|          | 0/1 [00:00<?, ?it/s, est. speed input: 0.00 toks/s, output: 0.00 toks/s]Processed prompts: 100%|â–ˆâ–ˆâ–ˆâ–ˆâ–ˆâ–ˆâ–ˆâ–ˆâ–ˆâ–ˆ| 1/1 [00:06<00:00,  6.49s/it, est. speed input: 102.26 toks/s, output: 78.39 toks/s]Processed prompts: 100%|â–ˆâ–ˆâ–ˆâ–ˆâ–ˆâ–ˆâ–ˆâ–ˆâ–ˆâ–ˆ| 1/1 [00:06<00:00,  6.49s/it, est. speed input: 102.26 toks/s, output: 78.39 toks/s]
Prolog output: Error (invalid answer)
Completed sample logical_deduction_302 (iteration 84) for method prolog_no_fs
Processing sample logical_deduction_44 (iteration 85) for method prolog_no_fs
Generating without LoRA
Processed prompts:   0%|          | 0/1 [00:00<?, ?it/s, est. speed input: 0.00 toks/s, output: 0.00 toks/s]Processed prompts: 100%|â–ˆâ–ˆâ–ˆâ–ˆâ–ˆâ–ˆâ–ˆâ–ˆâ–ˆâ–ˆ| 1/1 [00:06<00:00,  6.14s/it, est. speed input: 110.05 toks/s, output: 78.30 toks/s]Processed prompts: 100%|â–ˆâ–ˆâ–ˆâ–ˆâ–ˆâ–ˆâ–ˆâ–ˆâ–ˆâ–ˆ| 1/1 [00:06<00:00,  6.14s/it, est. speed input: 110.05 toks/s, output: 78.30 toks/s]
Prolog output: A
Completed sample logical_deduction_44 (iteration 85) for method prolog_no_fs
Processing sample logical_deduction_279 (iteration 86) for method prolog_no_fs
Generating without LoRA
Processed prompts:   0%|          | 0/1 [00:00<?, ?it/s, est. speed input: 0.00 toks/s, output: 0.00 toks/s]Processed prompts: 100%|â–ˆâ–ˆâ–ˆâ–ˆâ–ˆâ–ˆâ–ˆâ–ˆâ–ˆâ–ˆ| 1/1 [00:06<00:00,  6.98s/it, est. speed input: 96.55 toks/s, output: 78.35 toks/s]Processed prompts: 100%|â–ˆâ–ˆâ–ˆâ–ˆâ–ˆâ–ˆâ–ˆâ–ˆâ–ˆâ–ˆ| 1/1 [00:06<00:00,  6.98s/it, est. speed input: 96.55 toks/s, output: 78.35 toks/s]
Prolog output: Error (invalid answer)
Completed sample logical_deduction_279 (iteration 86) for method prolog_no_fs
Processing sample logical_deduction_56 (iteration 87) for method prolog_no_fs
Generating without LoRA
Processed prompts:   0%|          | 0/1 [00:00<?, ?it/s, est. speed input: 0.00 toks/s, output: 0.00 toks/s]Processed prompts: 100%|â–ˆâ–ˆâ–ˆâ–ˆâ–ˆâ–ˆâ–ˆâ–ˆâ–ˆâ–ˆ| 1/1 [00:06<00:00,  6.18s/it, est. speed input: 108.78 toks/s, output: 78.35 toks/s]Processed prompts: 100%|â–ˆâ–ˆâ–ˆâ–ˆâ–ˆâ–ˆâ–ˆâ–ˆâ–ˆâ–ˆ| 1/1 [00:06<00:00,  6.18s/it, est. speed input: 108.78 toks/s, output: 78.35 toks/s]
Prolog output: Error (invalid answer)
Completed sample logical_deduction_56 (iteration 87) for method prolog_no_fs
Processing sample logical_deduction_96 (iteration 88) for method prolog_no_fs
Generating without LoRA
Processed prompts:   0%|          | 0/1 [00:00<?, ?it/s, est. speed input: 0.00 toks/s, output: 0.00 toks/s]Processed prompts: 100%|â–ˆâ–ˆâ–ˆâ–ˆâ–ˆâ–ˆâ–ˆâ–ˆâ–ˆâ–ˆ| 1/1 [00:05<00:00,  5.53s/it, est. speed input: 118.96 toks/s, output: 78.28 toks/s]Processed prompts: 100%|â–ˆâ–ˆâ–ˆâ–ˆâ–ˆâ–ˆâ–ˆâ–ˆâ–ˆâ–ˆ| 1/1 [00:05<00:00,  5.53s/it, est. speed input: 118.96 toks/s, output: 78.28 toks/s]
Prolog output: Error (invalid answer)
Completed sample logical_deduction_96 (iteration 88) for method prolog_no_fs
Processing sample logical_deduction_346 (iteration 89) for method prolog_no_fs
Generating without LoRA
Processed prompts:   0%|          | 0/1 [00:00<?, ?it/s, est. speed input: 0.00 toks/s, output: 0.00 toks/s]Processed prompts: 100%|â–ˆâ–ˆâ–ˆâ–ˆâ–ˆâ–ˆâ–ˆâ–ˆâ–ˆâ–ˆ| 1/1 [00:06<00:00,  6.01s/it, est. speed input: 109.95 toks/s, output: 78.34 toks/s]Processed prompts: 100%|â–ˆâ–ˆâ–ˆâ–ˆâ–ˆâ–ˆâ–ˆâ–ˆâ–ˆâ–ˆ| 1/1 [00:06<00:00,  6.01s/it, est. speed input: 109.95 toks/s, output: 78.34 toks/s]
Prolog output: Error (invalid answer)
Completed sample logical_deduction_346 (iteration 89) for method prolog_no_fs
Processing sample logical_deduction_52 (iteration 90) for method prolog_no_fs
Generating without LoRA
Processed prompts:   0%|          | 0/1 [00:00<?, ?it/s, est. speed input: 0.00 toks/s, output: 0.00 toks/s]Processed prompts: 100%|â–ˆâ–ˆâ–ˆâ–ˆâ–ˆâ–ˆâ–ˆâ–ˆâ–ˆâ–ˆ| 1/1 [00:06<00:00,  6.78s/it, est. speed input: 99.62 toks/s, output: 78.37 toks/s]Processed prompts: 100%|â–ˆâ–ˆâ–ˆâ–ˆâ–ˆâ–ˆâ–ˆâ–ˆâ–ˆâ–ˆ| 1/1 [00:06<00:00,  6.78s/it, est. speed input: 99.62 toks/s, output: 78.37 toks/s]
Prolog output: Error (invalid answer)
Completed sample logical_deduction_52 (iteration 90) for method prolog_no_fs
Processing sample logical_deduction_377 (iteration 91) for method prolog_no_fs
Generating without LoRA
Processed prompts:   0%|          | 0/1 [00:00<?, ?it/s, est. speed input: 0.00 toks/s, output: 0.00 toks/s]Processed prompts: 100%|â–ˆâ–ˆâ–ˆâ–ˆâ–ˆâ–ˆâ–ˆâ–ˆâ–ˆâ–ˆ| 1/1 [00:06<00:00,  6.32s/it, est. speed input: 109.14 toks/s, output: 78.30 toks/s]Processed prompts: 100%|â–ˆâ–ˆâ–ˆâ–ˆâ–ˆâ–ˆâ–ˆâ–ˆâ–ˆâ–ˆ| 1/1 [00:06<00:00,  6.32s/it, est. speed input: 109.14 toks/s, output: 78.30 toks/s]
Prolog output: A
Completed sample logical_deduction_377 (iteration 91) for method prolog_no_fs
Processing sample logical_deduction_71 (iteration 92) for method prolog_no_fs
Generating without LoRA
Processed prompts:   0%|          | 0/1 [00:00<?, ?it/s, est. speed input: 0.00 toks/s, output: 0.00 toks/s]Processed prompts: 100%|â–ˆâ–ˆâ–ˆâ–ˆâ–ˆâ–ˆâ–ˆâ–ˆâ–ˆâ–ˆ| 1/1 [00:09<00:00,  9.49s/it, est. speed input: 71.33 toks/s, output: 78.50 toks/s]Processed prompts: 100%|â–ˆâ–ˆâ–ˆâ–ˆâ–ˆâ–ˆâ–ˆâ–ˆâ–ˆâ–ˆ| 1/1 [00:09<00:00,  9.49s/it, est. speed input: 71.33 toks/s, output: 78.50 toks/s]
Prolog output: A
Completed sample logical_deduction_71 (iteration 92) for method prolog_no_fs
Processing sample logical_deduction_114 (iteration 93) for method prolog_no_fs
Generating without LoRA
Processed prompts:   0%|          | 0/1 [00:00<?, ?it/s, est. speed input: 0.00 toks/s, output: 0.00 toks/s]Processed prompts: 100%|â–ˆâ–ˆâ–ˆâ–ˆâ–ˆâ–ˆâ–ˆâ–ˆâ–ˆâ–ˆ| 1/1 [00:06<00:00,  6.59s/it, est. speed input: 103.57 toks/s, output: 78.40 toks/s]Processed prompts: 100%|â–ˆâ–ˆâ–ˆâ–ˆâ–ˆâ–ˆâ–ˆâ–ˆâ–ˆâ–ˆ| 1/1 [00:06<00:00,  6.59s/it, est. speed input: 103.57 toks/s, output: 78.40 toks/s]
Warning: /scratch/s5112583/thesis/RL/prolog_code/overwritten_code.pl:25:
Warning:    Singleton variables: [S]
Prolog output: Error (invalid answer)
Completed sample logical_deduction_114 (iteration 93) for method prolog_no_fs
Processing sample logical_deduction_125 (iteration 94) for method prolog_no_fs
Generating without LoRA
Processed prompts:   0%|          | 0/1 [00:00<?, ?it/s, est. speed input: 0.00 toks/s, output: 0.00 toks/s]Processed prompts: 100%|â–ˆâ–ˆâ–ˆâ–ˆâ–ˆâ–ˆâ–ˆâ–ˆâ–ˆâ–ˆ| 1/1 [00:06<00:00,  6.38s/it, est. speed input: 106.30 toks/s, output: 78.39 toks/s]Processed prompts: 100%|â–ˆâ–ˆâ–ˆâ–ˆâ–ˆâ–ˆâ–ˆâ–ˆâ–ˆâ–ˆ| 1/1 [00:06<00:00,  6.38s/it, est. speed input: 106.30 toks/s, output: 78.39 toks/s]
Prolog output: B
Completed sample logical_deduction_125 (iteration 94) for method prolog_no_fs
Processing sample logical_deduction_140 (iteration 95) for method prolog_no_fs
Generating without LoRA
Processed prompts:   0%|          | 0/1 [00:00<?, ?it/s, est. speed input: 0.00 toks/s, output: 0.00 toks/s]Processed prompts: 100%|â–ˆâ–ˆâ–ˆâ–ˆâ–ˆâ–ˆâ–ˆâ–ˆâ–ˆâ–ˆ| 1/1 [00:07<00:00,  7.31s/it, est. speed input: 94.25 toks/s, output: 78.38 toks/s]Processed prompts: 100%|â–ˆâ–ˆâ–ˆâ–ˆâ–ˆâ–ˆâ–ˆâ–ˆâ–ˆâ–ˆ| 1/1 [00:07<00:00,  7.31s/it, est. speed input: 94.25 toks/s, output: 78.38 toks/s]
Prolog output: Error (invalid answer)
Completed sample logical_deduction_140 (iteration 95) for method prolog_no_fs
Processing sample logical_deduction_379 (iteration 96) for method prolog_no_fs
Generating without LoRA
Processed prompts:   0%|          | 0/1 [00:00<?, ?it/s, est. speed input: 0.00 toks/s, output: 0.00 toks/s]Processed prompts: 100%|â–ˆâ–ˆâ–ˆâ–ˆâ–ˆâ–ˆâ–ˆâ–ˆâ–ˆâ–ˆ| 1/1 [00:05<00:00,  5.30s/it, est. speed input: 118.26 toks/s, output: 78.27 toks/s]Processed prompts: 100%|â–ˆâ–ˆâ–ˆâ–ˆâ–ˆâ–ˆâ–ˆâ–ˆâ–ˆâ–ˆ| 1/1 [00:05<00:00,  5.30s/it, est. speed input: 118.26 toks/s, output: 78.27 toks/s]
Warning: /scratch/s5112583/thesis/RL/prolog_code/overwritten_code.pl:15:
Warning:    Singleton variables: [Len]
Prolog output: Error (invalid answer)
Completed sample logical_deduction_379 (iteration 96) for method prolog_no_fs
Processing sample logical_deduction_12 (iteration 97) for method prolog_no_fs
Generating without LoRA
Processed prompts:   0%|          | 0/1 [00:00<?, ?it/s, est. speed input: 0.00 toks/s, output: 0.00 toks/s]Processed prompts: 100%|â–ˆâ–ˆâ–ˆâ–ˆâ–ˆâ–ˆâ–ˆâ–ˆâ–ˆâ–ˆ| 1/1 [00:09<00:00,  9.64s/it, est. speed input: 71.58 toks/s, output: 78.53 toks/s]Processed prompts: 100%|â–ˆâ–ˆâ–ˆâ–ˆâ–ˆâ–ˆâ–ˆâ–ˆâ–ˆâ–ˆ| 1/1 [00:09<00:00,  9.64s/it, est. speed input: 71.58 toks/s, output: 78.53 toks/s]
Warning: /scratch/s5112583/thesis/RL/prolog_code/overwritten_code.pl:18:
Warning:    Singleton variables: [Y]
Prolog output: Error (invalid answer)
Completed sample logical_deduction_12 (iteration 97) for method prolog_no_fs
Processing sample logical_deduction_57 (iteration 98) for method prolog_no_fs
Generating without LoRA
Processed prompts:   0%|          | 0/1 [00:00<?, ?it/s, est. speed input: 0.00 toks/s, output: 0.00 toks/s]Processed prompts: 100%|â–ˆâ–ˆâ–ˆâ–ˆâ–ˆâ–ˆâ–ˆâ–ˆâ–ˆâ–ˆ| 1/1 [00:05<00:00,  5.69s/it, est. speed input: 118.91 toks/s, output: 78.34 toks/s]Processed prompts: 100%|â–ˆâ–ˆâ–ˆâ–ˆâ–ˆâ–ˆâ–ˆâ–ˆâ–ˆâ–ˆ| 1/1 [00:05<00:00,  5.69s/it, est. speed input: 118.91 toks/s, output: 78.34 toks/s]
Prolog output: E
Completed sample logical_deduction_57 (iteration 98) for method prolog_no_fs
Processing sample logical_deduction_327 (iteration 99) for method prolog_no_fs
Generating without LoRA
Processed prompts:   0%|          | 0/1 [00:00<?, ?it/s, est. speed input: 0.00 toks/s, output: 0.00 toks/s]Processed prompts: 100%|â–ˆâ–ˆâ–ˆâ–ˆâ–ˆâ–ˆâ–ˆâ–ˆâ–ˆâ–ˆ| 1/1 [00:06<00:00,  6.51s/it, est. speed input: 103.13 toks/s, output: 78.39 toks/s]Processed prompts: 100%|â–ˆâ–ˆâ–ˆâ–ˆâ–ˆâ–ˆâ–ˆâ–ˆâ–ˆâ–ˆ| 1/1 [00:06<00:00,  6.51s/it, est. speed input: 103.13 toks/s, output: 78.39 toks/s]
Prolog output: Error (invalid answer)
Completed sample logical_deduction_327 (iteration 99) for method prolog_no_fs
Processing sample logical_deduction_463 (iteration 100) for method prolog_no_fs
Generating without LoRA
Processed prompts:   0%|          | 0/1 [00:00<?, ?it/s, est. speed input: 0.00 toks/s, output: 0.00 toks/s]Processed prompts: 100%|â–ˆâ–ˆâ–ˆâ–ˆâ–ˆâ–ˆâ–ˆâ–ˆâ–ˆâ–ˆ| 1/1 [00:08<00:00,  8.51s/it, est. speed input: 85.80 toks/s, output: 78.40 toks/s]Processed prompts: 100%|â–ˆâ–ˆâ–ˆâ–ˆâ–ˆâ–ˆâ–ˆâ–ˆâ–ˆâ–ˆ| 1/1 [00:08<00:00,  8.51s/it, est. speed input: 85.80 toks/s, output: 78.40 toks/s]
Prolog output: Error (invalid answer)
Completed sample logical_deduction_463 (iteration 100) for method prolog_no_fs
Processing sample logical_deduction_825 (iteration 101) for method prolog_no_fs
Generating without LoRA
Processed prompts:   0%|          | 0/1 [00:00<?, ?it/s, est. speed input: 0.00 toks/s, output: 0.00 toks/s]Processed prompts: 100%|â–ˆâ–ˆâ–ˆâ–ˆâ–ˆâ–ˆâ–ˆâ–ˆâ–ˆâ–ˆ| 1/1 [00:08<00:00,  8.73s/it, est. speed input: 84.73 toks/s, output: 78.43 toks/s]Processed prompts: 100%|â–ˆâ–ˆâ–ˆâ–ˆâ–ˆâ–ˆâ–ˆâ–ˆâ–ˆâ–ˆ| 1/1 [00:08<00:00,  8.73s/it, est. speed input: 84.73 toks/s, output: 78.43 toks/s]
Prolog output: Error (invalid answer)
Completed sample logical_deduction_825 (iteration 101) for method prolog_no_fs
Processing sample logical_deduction_877 (iteration 102) for method prolog_no_fs
Generating without LoRA
Processed prompts:   0%|          | 0/1 [00:00<?, ?it/s, est. speed input: 0.00 toks/s, output: 0.00 toks/s]Processed prompts: 100%|â–ˆâ–ˆâ–ˆâ–ˆâ–ˆâ–ˆâ–ˆâ–ˆâ–ˆâ–ˆ| 1/1 [00:08<00:00,  8.68s/it, est. speed input: 84.42 toks/s, output: 78.43 toks/s]Processed prompts: 100%|â–ˆâ–ˆâ–ˆâ–ˆâ–ˆâ–ˆâ–ˆâ–ˆâ–ˆâ–ˆ| 1/1 [00:08<00:00,  8.68s/it, est. speed input: 84.42 toks/s, output: 78.43 toks/s]
Prolog output: Error: Caused by: 'solve(Answer)'. Returned: 'error(existence_error(procedure, /(nth1, 5)), context(/(clue4, 1), _3674))'.
Completed sample logical_deduction_877 (iteration 102) for method prolog_no_fs
Processing sample logical_deduction_955 (iteration 103) for method prolog_no_fs
Generating without LoRA
Processed prompts:   0%|          | 0/1 [00:00<?, ?it/s, est. speed input: 0.00 toks/s, output: 0.00 toks/s]Processed prompts: 100%|â–ˆâ–ˆâ–ˆâ–ˆâ–ˆâ–ˆâ–ˆâ–ˆâ–ˆâ–ˆ| 1/1 [00:08<00:00,  8.66s/it, est. speed input: 82.68 toks/s, output: 78.41 toks/s]Processed prompts: 100%|â–ˆâ–ˆâ–ˆâ–ˆâ–ˆâ–ˆâ–ˆâ–ˆâ–ˆâ–ˆ| 1/1 [00:08<00:00,  8.66s/it, est. speed input: 82.68 toks/s, output: 78.41 toks/s]
Prolog output: Error: Caused by: 'solve(Answer)'. Returned: 'error(existence_error(procedure, /(nth3, 2)), context(/(solve, 1), _5322))'.
Completed sample logical_deduction_955 (iteration 103) for method prolog_no_fs
Processing sample logical_deduction_216 (iteration 104) for method prolog_no_fs
Generating without LoRA
Processed prompts:   0%|          | 0/1 [00:00<?, ?it/s, est. speed input: 0.00 toks/s, output: 0.00 toks/s]Processed prompts: 100%|â–ˆâ–ˆâ–ˆâ–ˆâ–ˆâ–ˆâ–ˆâ–ˆâ–ˆâ–ˆ| 1/1 [00:09<00:00,  9.71s/it, est. speed input: 74.67 toks/s, output: 78.48 toks/s]Processed prompts: 100%|â–ˆâ–ˆâ–ˆâ–ˆâ–ˆâ–ˆâ–ˆâ–ˆâ–ˆâ–ˆ| 1/1 [00:09<00:00,  9.71s/it, est. speed input: 74.67 toks/s, output: 78.48 toks/s]
Prolog output: Error (invalid answer)
Completed sample logical_deduction_216 (iteration 104) for method prolog_no_fs
Processing sample logical_deduction_817 (iteration 105) for method prolog_no_fs
Generating without LoRA
Processed prompts:   0%|          | 0/1 [00:00<?, ?it/s, est. speed input: 0.00 toks/s, output: 0.00 toks/s]Processed prompts: 100%|â–ˆâ–ˆâ–ˆâ–ˆâ–ˆâ–ˆâ–ˆâ–ˆâ–ˆâ–ˆ| 1/1 [00:07<00:00,  7.47s/it, est. speed input: 87.68 toks/s, output: 78.45 toks/s]Processed prompts: 100%|â–ˆâ–ˆâ–ˆâ–ˆâ–ˆâ–ˆâ–ˆâ–ˆâ–ˆâ–ˆ| 1/1 [00:07<00:00,  7.47s/it, est. speed input: 87.68 toks/s, output: 78.45 toks/s]
Prolog output: Error (invalid answer)
Completed sample logical_deduction_817 (iteration 105) for method prolog_no_fs
Processing sample logical_deduction_162 (iteration 106) for method prolog_no_fs
Generating without LoRA
Processed prompts:   0%|          | 0/1 [00:00<?, ?it/s, est. speed input: 0.00 toks/s, output: 0.00 toks/s]Processed prompts: 100%|â–ˆâ–ˆâ–ˆâ–ˆâ–ˆâ–ˆâ–ˆâ–ˆâ–ˆâ–ˆ| 1/1 [00:08<00:00,  8.29s/it, est. speed input: 86.15 toks/s, output: 78.43 toks/s]Processed prompts: 100%|â–ˆâ–ˆâ–ˆâ–ˆâ–ˆâ–ˆâ–ˆâ–ˆâ–ˆâ–ˆ| 1/1 [00:08<00:00,  8.29s/it, est. speed input: 86.15 toks/s, output: 78.43 toks/s]
Prolog output: Error (invalid answer)
Completed sample logical_deduction_162 (iteration 106) for method prolog_no_fs
Processing sample logical_deduction_465 (iteration 107) for method prolog_no_fs
Generating without LoRA
Processed prompts:   0%|          | 0/1 [00:00<?, ?it/s, est. speed input: 0.00 toks/s, output: 0.00 toks/s]Processed prompts: 100%|â–ˆâ–ˆâ–ˆâ–ˆâ–ˆâ–ˆâ–ˆâ–ˆâ–ˆâ–ˆ| 1/1 [00:09<00:00,  9.63s/it, est. speed input: 75.83 toks/s, output: 78.43 toks/s]Processed prompts: 100%|â–ˆâ–ˆâ–ˆâ–ˆâ–ˆâ–ˆâ–ˆâ–ˆâ–ˆâ–ˆ| 1/1 [00:09<00:00,  9.63s/it, est. speed input: 75.83 toks/s, output: 78.43 toks/s]
Prolog output: Error (invalid answer)
Completed sample logical_deduction_465 (iteration 107) for method prolog_no_fs
Processing sample logical_deduction_619 (iteration 108) for method prolog_no_fs
Generating without LoRA
Processed prompts:   0%|          | 0/1 [00:00<?, ?it/s, est. speed input: 0.00 toks/s, output: 0.00 toks/s]Processed prompts: 100%|â–ˆâ–ˆâ–ˆâ–ˆâ–ˆâ–ˆâ–ˆâ–ˆâ–ˆâ–ˆ| 1/1 [00:08<00:00,  8.91s/it, est. speed input: 80.70 toks/s, output: 78.46 toks/s]Processed prompts: 100%|â–ˆâ–ˆâ–ˆâ–ˆâ–ˆâ–ˆâ–ˆâ–ˆâ–ˆâ–ˆ| 1/1 [00:08<00:00,  8.91s/it, est. speed input: 80.70 toks/s, output: 78.46 toks/s]
Prolog output: Error (invalid answer)
Completed sample logical_deduction_619 (iteration 108) for method prolog_no_fs
Processing sample logical_deduction_556 (iteration 109) for method prolog_no_fs
Generating without LoRA
Processed prompts:   0%|          | 0/1 [00:00<?, ?it/s, est. speed input: 0.00 toks/s, output: 0.00 toks/s]Processed prompts: 100%|â–ˆâ–ˆâ–ˆâ–ˆâ–ˆâ–ˆâ–ˆâ–ˆâ–ˆâ–ˆ| 1/1 [00:08<00:00,  8.72s/it, est. speed input: 85.06 toks/s, output: 78.41 toks/s]Processed prompts: 100%|â–ˆâ–ˆâ–ˆâ–ˆâ–ˆâ–ˆâ–ˆâ–ˆâ–ˆâ–ˆ| 1/1 [00:08<00:00,  8.72s/it, est. speed input: 85.06 toks/s, output: 78.41 toks/s]
Prolog output: Error (invalid answer)
Completed sample logical_deduction_556 (iteration 109) for method prolog_no_fs
Processing sample logical_deduction_792 (iteration 110) for method prolog_no_fs
Generating without LoRA
Processed prompts:   0%|          | 0/1 [00:00<?, ?it/s, est. speed input: 0.00 toks/s, output: 0.00 toks/s]Processed prompts: 100%|â–ˆâ–ˆâ–ˆâ–ˆâ–ˆâ–ˆâ–ˆâ–ˆâ–ˆâ–ˆ| 1/1 [00:07<00:00,  7.23s/it, est. speed input: 90.76 toks/s, output: 78.44 toks/s]Processed prompts: 100%|â–ˆâ–ˆâ–ˆâ–ˆâ–ˆâ–ˆâ–ˆâ–ˆâ–ˆâ–ˆ| 1/1 [00:07<00:00,  7.23s/it, est. speed input: 90.76 toks/s, output: 78.44 toks/s]
Warning: /scratch/s5112583/thesis/RL/prolog_code/overwritten_code.pl:20:
Warning:    Singleton variables: [Len]
Warning: /scratch/s5112583/thesis/RL/prolog_code/overwritten_code.pl:24:
Warning:    Singleton variables: [Len]
Prolog output: Error: Caused by: 'solve(Answer)'. Returned: 'error(type_error(integer, -(_6368, 2)), _6358)'.
Completed sample logical_deduction_792 (iteration 110) for method prolog_no_fs
Processing sample logical_deduction_636 (iteration 111) for method prolog_no_fs
Generating without LoRA
Processed prompts:   0%|          | 0/1 [00:00<?, ?it/s, est. speed input: 0.00 toks/s, output: 0.00 toks/s]Processed prompts: 100%|â–ˆâ–ˆâ–ˆâ–ˆâ–ˆâ–ˆâ–ˆâ–ˆâ–ˆâ–ˆ| 1/1 [00:08<00:00,  8.55s/it, est. speed input: 85.29 toks/s, output: 78.38 toks/s]Processed prompts: 100%|â–ˆâ–ˆâ–ˆâ–ˆâ–ˆâ–ˆâ–ˆâ–ˆâ–ˆâ–ˆ| 1/1 [00:08<00:00,  8.55s/it, est. speed input: 85.29 toks/s, output: 78.38 toks/s]
Prolog output: Error (invalid answer)
Completed sample logical_deduction_636 (iteration 111) for method prolog_no_fs
Processing sample logical_deduction_554 (iteration 112) for method prolog_no_fs
Generating without LoRA
Processed prompts:   0%|          | 0/1 [00:00<?, ?it/s, est. speed input: 0.00 toks/s, output: 0.00 toks/s]Processed prompts: 100%|â–ˆâ–ˆâ–ˆâ–ˆâ–ˆâ–ˆâ–ˆâ–ˆâ–ˆâ–ˆ| 1/1 [00:08<00:00,  8.40s/it, est. speed input: 88.30 toks/s, output: 78.42 toks/s]Processed prompts: 100%|â–ˆâ–ˆâ–ˆâ–ˆâ–ˆâ–ˆâ–ˆâ–ˆâ–ˆâ–ˆ| 1/1 [00:08<00:00,  8.40s/it, est. speed input: 88.30 toks/s, output: 78.42 toks/s]
Prolog output: A
Completed sample logical_deduction_554 (iteration 112) for method prolog_no_fs
Processing sample logical_deduction_541 (iteration 113) for method prolog_no_fs
Generating without LoRA
Processed prompts:   0%|          | 0/1 [00:00<?, ?it/s, est. speed input: 0.00 toks/s, output: 0.00 toks/s]Processed prompts: 100%|â–ˆâ–ˆâ–ˆâ–ˆâ–ˆâ–ˆâ–ˆâ–ˆâ–ˆâ–ˆ| 1/1 [00:09<00:00,  9.01s/it, est. speed input: 81.22 toks/s, output: 78.45 toks/s]Processed prompts: 100%|â–ˆâ–ˆâ–ˆâ–ˆâ–ˆâ–ˆâ–ˆâ–ˆâ–ˆâ–ˆ| 1/1 [00:09<00:00,  9.01s/it, est. speed input: 81.22 toks/s, output: 78.45 toks/s]
Warning: /scratch/s5112583/thesis/RL/prolog_code/overwritten_code.pl:27:
Warning:    Singleton variables: [Len]
Warning: /scratch/s5112583/thesis/RL/prolog_code/overwritten_code.pl:28:
Warning:    Singleton variables: [Len]
Warning: /scratch/s5112583/thesis/RL/prolog_code/overwritten_code.pl:29:
Warning:    Singleton variables: [Len]
Warning: /scratch/s5112583/thesis/RL/prolog_code/overwritten_code.pl:30:
Warning:    Singleton variables: [Len]
Warning: /scratch/s5112583/thesis/RL/prolog_code/overwritten_code.pl:31:
Warning:    Singleton variables: [Len]
Warning: /scratch/s5112583/thesis/RL/prolog_code/overwritten_code.pl:32:
Warning:    Singleton variables: [Len]
Warning: /scratch/s5112583/thesis/RL/prolog_code/overwritten_code.pl:33:
Warning:    Singleton variables: [Len]
Prolog output: Error: Caused by: 'solve(Answer)'. Returned: 'error(type_error(integer, +(6, 1)), _28)'.
Completed sample logical_deduction_541 (iteration 113) for method prolog_no_fs
Processing sample logical_deduction_482 (iteration 114) for method prolog_no_fs
Generating without LoRA
Processed prompts:   0%|          | 0/1 [00:00<?, ?it/s, est. speed input: 0.00 toks/s, output: 0.00 toks/s]generate_prolog failed for sample logical_deduction_482: 
Traceback (most recent call last):
  File "/scratch/s5112583/thesis/RL/utils_exp.py", line 442, in get_method_results
    output, code, result = generate_prolog(sample, model, tokenizer, sampling_params, grpo, lora_path)
                           ^^^^^^^^^^^^^^^^^^^^^^^^^^^^^^^^^^^^^^^^^^^^^^^^^^^^^^^^^^^^^^^^^^^^^^^^^^^
  File "/scratch/s5112583/thesis/RL/utils_exp.py", line 578, in generate_prolog
    output = generate(model, tokenizer, sample["prompt"], sampling_params, use_lora, lora_path)
             ^^^^^^^^^^^^^^^^^^^^^^^^^^^^^^^^^^^^^^^^^^^^^^^^^^^^^^^^^^^^^^^^^^^^^^^^^^^^^^^^^^
  File "/scratch/s5112583/thesis/RL/utils_exp.py", line 572, in generate
    return model.fast_generate(text, sampling_params=sampling_params,
           ^^^^^^^^^^^^^^^^^^^^^^^^^^^^^^^^^^^^^^^^^^^^^^^^^^^^^^^^^^
  File "/scratch/s5112583/thesis/RL/projectEnvironment/lib/python3.11/site-packages/vllm/utils.py", line 1196, in inner
    return fn(*args, **kwargs)
           ^^^^^^^^^^^^^^^^^^^
  File "/scratch/s5112583/thesis/RL/projectEnvironment/lib/python3.11/site-packages/vllm/entrypoints/llm.py", line 473, in generate
    outputs = self._run_engine(use_tqdm=use_tqdm)
              ^^^^^^^^^^^^^^^^^^^^^^^^^^^^^^^^^^^
  File "/scratch/s5112583/thesis/RL/projectEnvironment/lib/python3.11/site-packages/vllm/entrypoints/llm.py", line 1423, in _run_engine
    step_outputs = self.llm_engine.step()
                   ^^^^^^^^^^^^^^^^^^^^^^
  File "/scratch/s5112583/thesis/RL/projectEnvironment/lib/python3.11/site-packages/vllm/engine/llm_engine.py", line 1412, in step
    outputs = self.model_executor.execute_model(
              ^^^^^^^^^^^^^^^^^^^^^^^^^^^^^^^^^^
  File "/scratch/s5112583/thesis/RL/projectEnvironment/lib/python3.11/site-packages/vllm/executor/executor_base.py", line 140, in execute_model
    output = self.collective_rpc("execute_model",
             ^^^^^^^^^^^^^^^^^^^^^^^^^^^^^^^^^^^^
  File "/scratch/s5112583/thesis/RL/projectEnvironment/lib/python3.11/site-packages/vllm/executor/uniproc_executor.py", line 56, in collective_rpc
    answer = run_method(self.driver_worker, method, args, kwargs)
             ^^^^^^^^^^^^^^^^^^^^^^^^^^^^^^^^^^^^^^^^^^^^^^^^^^^^
  File "/scratch/s5112583/thesis/RL/projectEnvironment/lib/python3.11/site-packages/vllm/utils.py", line 2456, in run_method
    return func(*args, **kwargs)
           ^^^^^^^^^^^^^^^^^^^^^
  File "/scratch/s5112583/thesis/RL/projectEnvironment/lib/python3.11/site-packages/vllm/worker/worker_base.py", line 420, in execute_model
    output = self.model_runner.execute_model(
             ^^^^^^^^^^^^^^^^^^^^^^^^^^^^^^^^
  File "/scratch/s5112583/thesis/RL/projectEnvironment/lib/python3.11/site-packages/torch/utils/_contextlib.py", line 116, in decorate_context
    return func(*args, **kwargs)
           ^^^^^^^^^^^^^^^^^^^^^
  File "/scratch/s5112583/thesis/RL/projectEnvironment/lib/python3.11/site-packages/vllm/worker/model_runner.py", line 1820, in execute_model
    output: SamplerOutput = self.sampler(
                            ^^^^^^^^^^^^^
  File "/scratch/s5112583/thesis/RL/projectEnvironment/lib/python3.11/site-packages/torch/nn/modules/module.py", line 1739, in _wrapped_call_impl
    return self._call_impl(*args, **kwargs)
           ^^^^^^^^^^^^^^^^^^^^^^^^^^^^^^^^
  File "/scratch/s5112583/thesis/RL/projectEnvironment/lib/python3.11/site-packages/torch/nn/modules/module.py", line 1750, in _call_impl
    return forward_call(*args, **kwargs)
           ^^^^^^^^^^^^^^^^^^^^^^^^^^^^^
  File "/scratch/s5112583/thesis/RL/projectEnvironment/lib/python3.11/site-packages/vllm/model_executor/layers/sampler.py", line 287, in forward
    maybe_deferred_sample_results, maybe_sampled_tokens_tensor = _sample(
                                                                 ^^^^^^^^
  File "/scratch/s5112583/thesis/RL/projectEnvironment/lib/python3.11/site-packages/vllm/model_executor/layers/sampler.py", line 775, in _sample
    return _sample_with_torch(
           ^^^^^^^^^^^^^^^^^^^
  File "/scratch/s5112583/thesis/RL/projectEnvironment/lib/python3.11/site-packages/vllm/model_executor/layers/sampler.py", line 744, in _sample_with_torch
    return get_pythonized_sample_results(
           ^^^^^^^^^^^^^^^^^^^^^^^^^^^^^^
  File "/scratch/s5112583/thesis/RL/projectEnvironment/lib/python3.11/site-packages/vllm/model_executor/layers/sampler.py", line 614, in get_pythonized_sample_results
    sample_results = _greedy_sample(seq_groups, greedy_samples)
                     ^^^^^^^^^^^^^^^^^^^^^^^^^^^^^^^^^^^^^^^^^^
  File "/scratch/s5112583/thesis/RL/projectEnvironment/lib/python3.11/site-packages/vllm/model_executor/layers/sampler.py", line 449, in _greedy_sample
    samples_lst = samples.tolist()
                  ^^^^^^^^^^^^^^^^
  File "/scratch/s5112583/thesis/RL/utils_exp.py", line 814, in timeout_handler
    raise TimeoutException()
utils_exp.TimeoutException
Error processing sample logical_deduction_482 (iteration 114) for method prolog_no_fs: 
Traceback (most recent call last):
  File "/scratch/s5112583/thesis/RL/utils_exp.py", line 442, in get_method_results
    output, code, result = generate_prolog(sample, model, tokenizer, sampling_params, grpo, lora_path)
                           ^^^^^^^^^^^^^^^^^^^^^^^^^^^^^^^^^^^^^^^^^^^^^^^^^^^^^^^^^^^^^^^^^^^^^^^^^^^
  File "/scratch/s5112583/thesis/RL/utils_exp.py", line 578, in generate_prolog
    output = generate(model, tokenizer, sample["prompt"], sampling_params, use_lora, lora_path)
             ^^^^^^^^^^^^^^^^^^^^^^^^^^^^^^^^^^^^^^^^^^^^^^^^^^^^^^^^^^^^^^^^^^^^^^^^^^^^^^^^^^
  File "/scratch/s5112583/thesis/RL/utils_exp.py", line 572, in generate
    return model.fast_generate(text, sampling_params=sampling_params,
           ^^^^^^^^^^^^^^^^^^^^^^^^^^^^^^^^^^^^^^^^^^^^^^^^^^^^^^^^^^
  File "/scratch/s5112583/thesis/RL/projectEnvironment/lib/python3.11/site-packages/vllm/utils.py", line 1196, in inner
    return fn(*args, **kwargs)
           ^^^^^^^^^^^^^^^^^^^
  File "/scratch/s5112583/thesis/RL/projectEnvironment/lib/python3.11/site-packages/vllm/entrypoints/llm.py", line 473, in generate
    outputs = self._run_engine(use_tqdm=use_tqdm)
              ^^^^^^^^^^^^^^^^^^^^^^^^^^^^^^^^^^^
  File "/scratch/s5112583/thesis/RL/projectEnvironment/lib/python3.11/site-packages/vllm/entrypoints/llm.py", line 1423, in _run_engine
    step_outputs = self.llm_engine.step()
                   ^^^^^^^^^^^^^^^^^^^^^^
  File "/scratch/s5112583/thesis/RL/projectEnvironment/lib/python3.11/site-packages/vllm/engine/llm_engine.py", line 1412, in step
    outputs = self.model_executor.execute_model(
              ^^^^^^^^^^^^^^^^^^^^^^^^^^^^^^^^^^
  File "/scratch/s5112583/thesis/RL/projectEnvironment/lib/python3.11/site-packages/vllm/executor/executor_base.py", line 140, in execute_model
    output = self.collective_rpc("execute_model",
             ^^^^^^^^^^^^^^^^^^^^^^^^^^^^^^^^^^^^
  File "/scratch/s5112583/thesis/RL/projectEnvironment/lib/python3.11/site-packages/vllm/executor/uniproc_executor.py", line 56, in collective_rpc
    answer = run_method(self.driver_worker, method, args, kwargs)
             ^^^^^^^^^^^^^^^^^^^^^^^^^^^^^^^^^^^^^^^^^^^^^^^^^^^^
  File "/scratch/s5112583/thesis/RL/projectEnvironment/lib/python3.11/site-packages/vllm/utils.py", line 2456, in run_method
    return func(*args, **kwargs)
           ^^^^^^^^^^^^^^^^^^^^^
  File "/scratch/s5112583/thesis/RL/projectEnvironment/lib/python3.11/site-packages/vllm/worker/worker_base.py", line 420, in execute_model
    output = self.model_runner.execute_model(
             ^^^^^^^^^^^^^^^^^^^^^^^^^^^^^^^^
  File "/scratch/s5112583/thesis/RL/projectEnvironment/lib/python3.11/site-packages/torch/utils/_contextlib.py", line 116, in decorate_context
    return func(*args, **kwargs)
           ^^^^^^^^^^^^^^^^^^^^^
  File "/scratch/s5112583/thesis/RL/projectEnvironment/lib/python3.11/site-packages/vllm/worker/model_runner.py", line 1820, in execute_model
    output: SamplerOutput = self.sampler(
                            ^^^^^^^^^^^^^
  File "/scratch/s5112583/thesis/RL/projectEnvironment/lib/python3.11/site-packages/torch/nn/modules/module.py", line 1739, in _wrapped_call_impl
    return self._call_impl(*args, **kwargs)
           ^^^^^^^^^^^^^^^^^^^^^^^^^^^^^^^^
  File "/scratch/s5112583/thesis/RL/projectEnvironment/lib/python3.11/site-packages/torch/nn/modules/module.py", line 1750, in _call_impl
    return forward_call(*args, **kwargs)
           ^^^^^^^^^^^^^^^^^^^^^^^^^^^^^
  File "/scratch/s5112583/thesis/RL/projectEnvironment/lib/python3.11/site-packages/vllm/model_executor/layers/sampler.py", line 287, in forward
    maybe_deferred_sample_results, maybe_sampled_tokens_tensor = _sample(
                                                                 ^^^^^^^^
  File "/scratch/s5112583/thesis/RL/projectEnvironment/lib/python3.11/site-packages/vllm/model_executor/layers/sampler.py", line 775, in _sample
    return _sample_with_torch(
           ^^^^^^^^^^^^^^^^^^^
  File "/scratch/s5112583/thesis/RL/projectEnvironment/lib/python3.11/site-packages/vllm/model_executor/layers/sampler.py", line 744, in _sample_with_torch
    return get_pythonized_sample_results(
           ^^^^^^^^^^^^^^^^^^^^^^^^^^^^^^
  File "/scratch/s5112583/thesis/RL/projectEnvironment/lib/python3.11/site-packages/vllm/model_executor/layers/sampler.py", line 614, in get_pythonized_sample_results
    sample_results = _greedy_sample(seq_groups, greedy_samples)
                     ^^^^^^^^^^^^^^^^^^^^^^^^^^^^^^^^^^^^^^^^^^
  File "/scratch/s5112583/thesis/RL/projectEnvironment/lib/python3.11/site-packages/vllm/model_executor/layers/sampler.py", line 449, in _greedy_sample
    samples_lst = samples.tolist()
                  ^^^^^^^^^^^^^^^^
  File "/scratch/s5112583/thesis/RL/utils_exp.py", line 814, in timeout_handler
    raise TimeoutException()
utils_exp.TimeoutException
Processed prompts:   0%|          | 0/1 [00:20<?, ?it/s, est. speed input: 0.00 toks/s, output: 0.00 toks/s]
Processing sample logical_deduction_953 (iteration 115) for method prolog_no_fs
Generating without LoRA
Processed prompts:   0%|          | 0/2 [00:00<?, ?it/s, est. speed input: 0.00 toks/s, output: 0.00 toks/s]Processed prompts:  50%|â–ˆâ–ˆâ–ˆâ–ˆâ–ˆ     | 1/2 [00:04<00:04,  4.24s/it, est. speed input: 171.16 toks/s, output: 389.72 toks/s]Processed prompts: 100%|â–ˆâ–ˆâ–ˆâ–ˆâ–ˆâ–ˆâ–ˆâ–ˆâ–ˆâ–ˆ| 2/2 [00:20<00:00, 11.23s/it, est. speed input: 71.28 toks/s, output: 147.71 toks/s] Processed prompts: 100%|â–ˆâ–ˆâ–ˆâ–ˆâ–ˆâ–ˆâ–ˆâ–ˆâ–ˆâ–ˆ| 2/2 [00:20<00:00, 10.19s/it, est. speed input: 71.28 toks/s, output: 147.71 toks/s]
Prolog output: Error (invalid answer)
Completed sample logical_deduction_953 (iteration 115) for method prolog_no_fs
Processing sample logical_deduction_727 (iteration 116) for method prolog_no_fs
Generating without LoRA
Processed prompts:   0%|          | 0/1 [00:00<?, ?it/s, est. speed input: 0.00 toks/s, output: 0.00 toks/s]Processed prompts: 100%|â–ˆâ–ˆâ–ˆâ–ˆâ–ˆâ–ˆâ–ˆâ–ˆâ–ˆâ–ˆ| 1/1 [00:08<00:00,  8.52s/it, est. speed input: 84.76 toks/s, output: 78.42 toks/s]Processed prompts: 100%|â–ˆâ–ˆâ–ˆâ–ˆâ–ˆâ–ˆâ–ˆâ–ˆâ–ˆâ–ˆ| 1/1 [00:08<00:00,  8.52s/it, est. speed input: 84.76 toks/s, output: 78.42 toks/s]
Prolog output: Error: Caused by: 'solve(Answer)'. Returned: 'error(existence_error(procedure, /(nth3, 2)), context(/(solve, 1), _3174))'.
Completed sample logical_deduction_727 (iteration 116) for method prolog_no_fs
Processing sample logical_deduction_175 (iteration 117) for method prolog_no_fs
Generating without LoRA
Processed prompts:   0%|          | 0/1 [00:00<?, ?it/s, est. speed input: 0.00 toks/s, output: 0.00 toks/s]Processed prompts: 100%|â–ˆâ–ˆâ–ˆâ–ˆâ–ˆâ–ˆâ–ˆâ–ˆâ–ˆâ–ˆ| 1/1 [00:09<00:00,  9.34s/it, est. speed input: 79.90 toks/s, output: 78.40 toks/s]Processed prompts: 100%|â–ˆâ–ˆâ–ˆâ–ˆâ–ˆâ–ˆâ–ˆâ–ˆâ–ˆâ–ˆ| 1/1 [00:09<00:00,  9.34s/it, est. speed input: 79.90 toks/s, output: 78.40 toks/s]
Prolog output: Error (invalid answer)
Completed sample logical_deduction_175 (iteration 117) for method prolog_no_fs
Processing sample logical_deduction_678 (iteration 118) for method prolog_no_fs
Generating without LoRA
Processed prompts:   0%|          | 0/1 [00:00<?, ?it/s, est. speed input: 0.00 toks/s, output: 0.00 toks/s]Processed prompts: 100%|â–ˆâ–ˆâ–ˆâ–ˆâ–ˆâ–ˆâ–ˆâ–ˆâ–ˆâ–ˆ| 1/1 [00:10<00:00, 10.15s/it, est. speed input: 71.80 toks/s, output: 78.49 toks/s]Processed prompts: 100%|â–ˆâ–ˆâ–ˆâ–ˆâ–ˆâ–ˆâ–ˆâ–ˆâ–ˆâ–ˆ| 1/1 [00:10<00:00, 10.15s/it, est. speed input: 71.80 toks/s, output: 78.49 toks/s]
Warning: /scratch/s5112583/thesis/RL/prolog_code/overwritten_code.pl:25:
Warning:    Singleton variables: [S]
Prolog output: Error (invalid answer)
Completed sample logical_deduction_678 (iteration 118) for method prolog_no_fs
Processing sample logical_deduction_173 (iteration 119) for method prolog_no_fs
Generating without LoRA
Processed prompts:   0%|          | 0/1 [00:00<?, ?it/s, est. speed input: 0.00 toks/s, output: 0.00 toks/s]Processed prompts: 100%|â–ˆâ–ˆâ–ˆâ–ˆâ–ˆâ–ˆâ–ˆâ–ˆâ–ˆâ–ˆ| 1/1 [00:09<00:00,  9.69s/it, est. speed input: 75.05 toks/s, output: 78.45 toks/s]Processed prompts: 100%|â–ˆâ–ˆâ–ˆâ–ˆâ–ˆâ–ˆâ–ˆâ–ˆâ–ˆâ–ˆ| 1/1 [00:09<00:00,  9.69s/it, est. speed input: 75.05 toks/s, output: 78.45 toks/s]
Prolog output: Error (invalid answer)
Completed sample logical_deduction_173 (iteration 119) for method prolog_no_fs
Processing sample logical_deduction_692 (iteration 120) for method prolog_no_fs
Generating without LoRA
Processed prompts:   0%|          | 0/1 [00:00<?, ?it/s, est. speed input: 0.00 toks/s, output: 0.00 toks/s]Processed prompts: 100%|â–ˆâ–ˆâ–ˆâ–ˆâ–ˆâ–ˆâ–ˆâ–ˆâ–ˆâ–ˆ| 1/1 [00:07<00:00,  7.79s/it, est. speed input: 86.53 toks/s, output: 78.44 toks/s]Processed prompts: 100%|â–ˆâ–ˆâ–ˆâ–ˆâ–ˆâ–ˆâ–ˆâ–ˆâ–ˆâ–ˆ| 1/1 [00:07<00:00,  7.79s/it, est. speed input: 86.53 toks/s, output: 78.44 toks/s]
Prolog output: F
Completed sample logical_deduction_692 (iteration 120) for method prolog_no_fs
Processing sample logical_deduction_479 (iteration 121) for method prolog_no_fs
Generating without LoRA
Processed prompts:   0%|          | 0/1 [00:00<?, ?it/s, est. speed input: 0.00 toks/s, output: 0.00 toks/s]Processed prompts: 100%|â–ˆâ–ˆâ–ˆâ–ˆâ–ˆâ–ˆâ–ˆâ–ˆâ–ˆâ–ˆ| 1/1 [00:08<00:00,  8.34s/it, est. speed input: 87.29 toks/s, output: 78.42 toks/s]Processed prompts: 100%|â–ˆâ–ˆâ–ˆâ–ˆâ–ˆâ–ˆâ–ˆâ–ˆâ–ˆâ–ˆ| 1/1 [00:08<00:00,  8.34s/it, est. speed input: 87.29 toks/s, output: 78.42 toks/s]
Prolog output: B
Completed sample logical_deduction_479 (iteration 121) for method prolog_no_fs
Processing sample logical_deduction_850 (iteration 122) for method prolog_no_fs
Generating without LoRA
Processed prompts:   0%|          | 0/1 [00:00<?, ?it/s, est. speed input: 0.00 toks/s, output: 0.00 toks/s]Processed prompts: 100%|â–ˆâ–ˆâ–ˆâ–ˆâ–ˆâ–ˆâ–ˆâ–ˆâ–ˆâ–ˆ| 1/1 [00:08<00:00,  8.41s/it, est. speed input: 88.52 toks/s, output: 78.40 toks/s]Processed prompts: 100%|â–ˆâ–ˆâ–ˆâ–ˆâ–ˆâ–ˆâ–ˆâ–ˆâ–ˆâ–ˆ| 1/1 [00:08<00:00,  8.41s/it, est. speed input: 88.52 toks/s, output: 78.40 toks/s]
Prolog output: Error (invalid answer)
Completed sample logical_deduction_850 (iteration 122) for method prolog_no_fs
Processing sample logical_deduction_681 (iteration 123) for method prolog_no_fs
Generating without LoRA
Processed prompts:   0%|          | 0/1 [00:00<?, ?it/s, est. speed input: 0.00 toks/s, output: 0.00 toks/s]Processed prompts: 100%|â–ˆâ–ˆâ–ˆâ–ˆâ–ˆâ–ˆâ–ˆâ–ˆâ–ˆâ–ˆ| 1/1 [00:08<00:00,  8.60s/it, est. speed input: 84.85 toks/s, output: 78.46 toks/s]Processed prompts: 100%|â–ˆâ–ˆâ–ˆâ–ˆâ–ˆâ–ˆâ–ˆâ–ˆâ–ˆâ–ˆ| 1/1 [00:08<00:00,  8.60s/it, est. speed input: 84.85 toks/s, output: 78.46 toks/s]
Prolog output: Error: Caused by: 'solve(Answer)'. Returned: 'error(existence_error(procedure, /(nth4, 2)), context(/(solve, 1), _46))'.
Completed sample logical_deduction_681 (iteration 123) for method prolog_no_fs
Processing sample logical_deduction_644 (iteration 124) for method prolog_no_fs
Generating without LoRA
Processed prompts:   0%|          | 0/1 [00:00<?, ?it/s, est. speed input: 0.00 toks/s, output: 0.00 toks/s]Processed prompts: 100%|â–ˆâ–ˆâ–ˆâ–ˆâ–ˆâ–ˆâ–ˆâ–ˆâ–ˆâ–ˆ| 1/1 [00:08<00:00,  8.49s/it, est. speed input: 85.37 toks/s, output: 78.42 toks/s]Processed prompts: 100%|â–ˆâ–ˆâ–ˆâ–ˆâ–ˆâ–ˆâ–ˆâ–ˆâ–ˆâ–ˆ| 1/1 [00:08<00:00,  8.49s/it, est. speed input: 85.37 toks/s, output: 78.42 toks/s]
Prolog output: Error (invalid answer)
Completed sample logical_deduction_644 (iteration 124) for method prolog_no_fs
Processing sample logical_deduction_896 (iteration 125) for method prolog_no_fs
Generating without LoRA
Processed prompts:   0%|          | 0/1 [00:00<?, ?it/s, est. speed input: 0.00 toks/s, output: 0.00 toks/s]Processed prompts: 100%|â–ˆâ–ˆâ–ˆâ–ˆâ–ˆâ–ˆâ–ˆâ–ˆâ–ˆâ–ˆ| 1/1 [00:08<00:00,  8.96s/it, est. speed input: 81.00 toks/s, output: 78.44 toks/s]Processed prompts: 100%|â–ˆâ–ˆâ–ˆâ–ˆâ–ˆâ–ˆâ–ˆâ–ˆâ–ˆâ–ˆ| 1/1 [00:08<00:00,  8.96s/it, est. speed input: 81.00 toks/s, output: 78.44 toks/s]
Prolog output: Error (invalid answer)
Completed sample logical_deduction_896 (iteration 125) for method prolog_no_fs
Processing sample logical_deduction_933 (iteration 126) for method prolog_no_fs
Generating without LoRA
Processed prompts:   0%|          | 0/1 [00:00<?, ?it/s, est. speed input: 0.00 toks/s, output: 0.00 toks/s]Processed prompts: 100%|â–ˆâ–ˆâ–ˆâ–ˆâ–ˆâ–ˆâ–ˆâ–ˆâ–ˆâ–ˆ| 1/1 [00:09<00:00,  9.13s/it, est. speed input: 77.98 toks/s, output: 78.53 toks/s]Processed prompts: 100%|â–ˆâ–ˆâ–ˆâ–ˆâ–ˆâ–ˆâ–ˆâ–ˆâ–ˆâ–ˆ| 1/1 [00:09<00:00,  9.13s/it, est. speed input: 77.98 toks/s, output: 78.53 toks/s]
Prolog output: Error (invalid answer)
Completed sample logical_deduction_933 (iteration 126) for method prolog_no_fs
Processing sample logical_deduction_683 (iteration 127) for method prolog_no_fs
Generating without LoRA
Processed prompts:   0%|          | 0/1 [00:00<?, ?it/s, est. speed input: 0.00 toks/s, output: 0.00 toks/s]Processed prompts: 100%|â–ˆâ–ˆâ–ˆâ–ˆâ–ˆâ–ˆâ–ˆâ–ˆâ–ˆâ–ˆ| 1/1 [00:10<00:00, 10.29s/it, est. speed input: 71.06 toks/s, output: 78.44 toks/s]Processed prompts: 100%|â–ˆâ–ˆâ–ˆâ–ˆâ–ˆâ–ˆâ–ˆâ–ˆâ–ˆâ–ˆ| 1/1 [00:10<00:00, 10.29s/it, est. speed input: 71.06 toks/s, output: 78.44 toks/s]
Warning: /scratch/s5112583/thesis/RL/prolog_code/overwritten_code.pl:20:
Warning:    Singleton variables: [S]
Warning: /scratch/s5112583/thesis/RL/prolog_code/overwritten_code.pl:21:
Warning:    Singleton variables: [S]
Warning: /scratch/s5112583/thesis/RL/prolog_code/overwritten_code.pl:22:
Warning:    Singleton variables: [S]
Warning: /scratch/s5112583/thesis/RL/prolog_code/overwritten_code.pl:23:
Warning:    Singleton variables: [S]
Warning: /scratch/s5112583/thesis/RL/prolog_code/overwritten_code.pl:24:
Warning:    Singleton variables: [S]
Warning: /scratch/s5112583/thesis/RL/prolog_code/overwritten_code.pl:25:
Warning:    Singleton variables: [S]
Prolog output: Error (invalid answer)
Completed sample logical_deduction_683 (iteration 127) for method prolog_no_fs
Processing sample logical_deduction_653 (iteration 128) for method prolog_no_fs
Generating without LoRA
Processed prompts:   0%|          | 0/1 [00:00<?, ?it/s, est. speed input: 0.00 toks/s, output: 0.00 toks/s]Processed prompts: 100%|â–ˆâ–ˆâ–ˆâ–ˆâ–ˆâ–ˆâ–ˆâ–ˆâ–ˆâ–ˆ| 1/1 [00:08<00:00,  8.51s/it, est. speed input: 84.74 toks/s, output: 78.40 toks/s]Processed prompts: 100%|â–ˆâ–ˆâ–ˆâ–ˆâ–ˆâ–ˆâ–ˆâ–ˆâ–ˆâ–ˆ| 1/1 [00:08<00:00,  8.51s/it, est. speed input: 84.74 toks/s, output: 78.40 toks/s]
Prolog output: Error (invalid answer)
Completed sample logical_deduction_653 (iteration 128) for method prolog_no_fs
Processing sample logical_deduction_665 (iteration 129) for method prolog_no_fs
Generating without LoRA
Processed prompts:   0%|          | 0/1 [00:00<?, ?it/s, est. speed input: 0.00 toks/s, output: 0.00 toks/s]Processed prompts: 100%|â–ˆâ–ˆâ–ˆâ–ˆâ–ˆâ–ˆâ–ˆâ–ˆâ–ˆâ–ˆ| 1/1 [00:10<00:00, 10.50s/it, est. speed input: 70.31 toks/s, output: 78.51 toks/s]Processed prompts: 100%|â–ˆâ–ˆâ–ˆâ–ˆâ–ˆâ–ˆâ–ˆâ–ˆâ–ˆâ–ˆ| 1/1 [00:10<00:00, 10.50s/it, est. speed input: 70.31 toks/s, output: 78.51 toks/s]
Prolog output: B
Completed sample logical_deduction_665 (iteration 129) for method prolog_no_fs
Processing sample logical_deduction_860 (iteration 130) for method prolog_no_fs
Generating without LoRA
Processed prompts:   0%|          | 0/1 [00:00<?, ?it/s, est. speed input: 0.00 toks/s, output: 0.00 toks/s]Processed prompts: 100%|â–ˆâ–ˆâ–ˆâ–ˆâ–ˆâ–ˆâ–ˆâ–ˆâ–ˆâ–ˆ| 1/1 [00:08<00:00,  8.29s/it, est. speed input: 85.91 toks/s, output: 78.43 toks/s]Processed prompts: 100%|â–ˆâ–ˆâ–ˆâ–ˆâ–ˆâ–ˆâ–ˆâ–ˆâ–ˆâ–ˆ| 1/1 [00:08<00:00,  8.29s/it, est. speed input: 85.91 toks/s, output: 78.43 toks/s]
Prolog output: Error (invalid answer)
Completed sample logical_deduction_860 (iteration 130) for method prolog_no_fs
Processing sample logical_deduction_165 (iteration 131) for method prolog_no_fs
Generating without LoRA
Processed prompts:   0%|          | 0/1 [00:00<?, ?it/s, est. speed input: 0.00 toks/s, output: 0.00 toks/s]Processed prompts: 100%|â–ˆâ–ˆâ–ˆâ–ˆâ–ˆâ–ˆâ–ˆâ–ˆâ–ˆâ–ˆ| 1/1 [00:07<00:00,  7.63s/it, est. speed input: 96.69 toks/s, output: 78.35 toks/s]Processed prompts: 100%|â–ˆâ–ˆâ–ˆâ–ˆâ–ˆâ–ˆâ–ˆâ–ˆâ–ˆâ–ˆ| 1/1 [00:07<00:00,  7.63s/it, est. speed input: 96.69 toks/s, output: 78.35 toks/s]
Warning: /scratch/s5112583/thesis/RL/prolog_code/overwritten_code.pl:20:
Warning:    Singleton variables: [Len]
Prolog output: Error: Caused by: 'solve(Answer)'. Returned: 'error(existence_error(procedure, /(nth1, 7)), context(/(clue2, 1), _46))'.
Completed sample logical_deduction_165 (iteration 131) for method prolog_no_fs
Processing sample logical_deduction_562 (iteration 132) for method prolog_no_fs
Generating without LoRA
Processed prompts:   0%|          | 0/1 [00:00<?, ?it/s, est. speed input: 0.00 toks/s, output: 0.00 toks/s]Processed prompts: 100%|â–ˆâ–ˆâ–ˆâ–ˆâ–ˆâ–ˆâ–ˆâ–ˆâ–ˆâ–ˆ| 1/1 [00:08<00:00,  8.77s/it, est. speed input: 83.54 toks/s, output: 78.41 toks/s]Processed prompts: 100%|â–ˆâ–ˆâ–ˆâ–ˆâ–ˆâ–ˆâ–ˆâ–ˆâ–ˆâ–ˆ| 1/1 [00:08<00:00,  8.77s/it, est. speed input: 83.54 toks/s, output: 78.41 toks/s]
Prolog output: Error (invalid answer)
Completed sample logical_deduction_562 (iteration 132) for method prolog_no_fs
Processing sample logical_deduction_856 (iteration 133) for method prolog_no_fs
Generating without LoRA
Processed prompts:   0%|          | 0/1 [00:00<?, ?it/s, est. speed input: 0.00 toks/s, output: 0.00 toks/s]Processed prompts: 100%|â–ˆâ–ˆâ–ˆâ–ˆâ–ˆâ–ˆâ–ˆâ–ˆâ–ˆâ–ˆ| 1/1 [00:08<00:00,  8.65s/it, est. speed input: 85.02 toks/s, output: 78.43 toks/s]Processed prompts: 100%|â–ˆâ–ˆâ–ˆâ–ˆâ–ˆâ–ˆâ–ˆâ–ˆâ–ˆâ–ˆ| 1/1 [00:08<00:00,  8.65s/it, est. speed input: 85.02 toks/s, output: 78.43 toks/s]
Prolog output: Error (invalid answer)
Completed sample logical_deduction_856 (iteration 133) for method prolog_no_fs
Processing sample logical_deduction_195 (iteration 134) for method prolog_no_fs
Generating without LoRA
Processed prompts:   0%|          | 0/1 [00:00<?, ?it/s, est. speed input: 0.00 toks/s, output: 0.00 toks/s]Processed prompts: 100%|â–ˆâ–ˆâ–ˆâ–ˆâ–ˆâ–ˆâ–ˆâ–ˆâ–ˆâ–ˆ| 1/1 [00:09<00:00,  9.94s/it, est. speed input: 74.42 toks/s, output: 78.44 toks/s]Processed prompts: 100%|â–ˆâ–ˆâ–ˆâ–ˆâ–ˆâ–ˆâ–ˆâ–ˆâ–ˆâ–ˆ| 1/1 [00:09<00:00,  9.94s/it, est. speed input: 74.42 toks/s, output: 78.44 toks/s]
Prolog output: Error (invalid answer)
Completed sample logical_deduction_195 (iteration 134) for method prolog_no_fs
Processing sample logical_deduction_836 (iteration 135) for method prolog_no_fs
Generating without LoRA
Processed prompts:   0%|          | 0/1 [00:00<?, ?it/s, est. speed input: 0.00 toks/s, output: 0.00 toks/s]Processed prompts: 100%|â–ˆâ–ˆâ–ˆâ–ˆâ–ˆâ–ˆâ–ˆâ–ˆâ–ˆâ–ˆ| 1/1 [00:08<00:00,  8.21s/it, est. speed input: 86.22 toks/s, output: 78.43 toks/s]Processed prompts: 100%|â–ˆâ–ˆâ–ˆâ–ˆâ–ˆâ–ˆâ–ˆâ–ˆâ–ˆâ–ˆ| 1/1 [00:08<00:00,  8.21s/it, est. speed input: 86.22 toks/s, output: 78.43 toks/s]
Prolog output: Error: Caused by: 'solve(Answer)'. Returned: 'error(type_error(integer, -(7, 1)), _6214)'.
Completed sample logical_deduction_836 (iteration 135) for method prolog_no_fs
Processing sample logical_deduction_916 (iteration 136) for method prolog_no_fs
Generating without LoRA
Processed prompts:   0%|          | 0/1 [00:00<?, ?it/s, est. speed input: 0.00 toks/s, output: 0.00 toks/s]Processed prompts: 100%|â–ˆâ–ˆâ–ˆâ–ˆâ–ˆâ–ˆâ–ˆâ–ˆâ–ˆâ–ˆ| 1/1 [00:08<00:00,  8.93s/it, est. speed input: 82.11 toks/s, output: 78.41 toks/s]Processed prompts: 100%|â–ˆâ–ˆâ–ˆâ–ˆâ–ˆâ–ˆâ–ˆâ–ˆâ–ˆâ–ˆ| 1/1 [00:08<00:00,  8.93s/it, est. speed input: 82.11 toks/s, output: 78.41 toks/s]
Prolog output: Error (invalid answer)
Completed sample logical_deduction_916 (iteration 136) for method prolog_no_fs
Processing sample logical_deduction_853 (iteration 137) for method prolog_no_fs
Generating without LoRA
Processed prompts:   0%|          | 0/1 [00:00<?, ?it/s, est. speed input: 0.00 toks/s, output: 0.00 toks/s]Processed prompts: 100%|â–ˆâ–ˆâ–ˆâ–ˆâ–ˆâ–ˆâ–ˆâ–ˆâ–ˆâ–ˆ| 1/1 [00:08<00:00,  8.85s/it, est. speed input: 82.78 toks/s, output: 78.49 toks/s]Processed prompts: 100%|â–ˆâ–ˆâ–ˆâ–ˆâ–ˆâ–ˆâ–ˆâ–ˆâ–ˆâ–ˆ| 1/1 [00:08<00:00,  8.86s/it, est. speed input: 82.78 toks/s, output: 78.49 toks/s]
Warning: /scratch/s5112583/thesis/RL/prolog_code/overwritten_code.pl:24:
Warning:    Singleton variables: [Len]
Warning: /scratch/s5112583/thesis/RL/prolog_code/overwritten_code.pl:25:
Warning:    Singleton variables: [Len]
Warning: /scratch/s5112583/thesis/RL/prolog_code/overwritten_code.pl:27:
Warning:    Singleton variables: [Len]
Warning: /scratch/s5112583/thesis/RL/prolog_code/overwritten_code.pl:28:
Warning:    Singleton variables: [Len]
Warning: /scratch/s5112583/thesis/RL/prolog_code/overwritten_code.pl:30:
Warning:    Singleton variables: [Len]
Prolog output: Error (invalid answer)
Completed sample logical_deduction_853 (iteration 137) for method prolog_no_fs
Processing sample logical_deduction_724 (iteration 138) for method prolog_no_fs
Generating without LoRA
Processed prompts:   0%|          | 0/1 [00:00<?, ?it/s, est. speed input: 0.00 toks/s, output: 0.00 toks/s]Processed prompts: 100%|â–ˆâ–ˆâ–ˆâ–ˆâ–ˆâ–ˆâ–ˆâ–ˆâ–ˆâ–ˆ| 1/1 [00:08<00:00,  8.78s/it, est. speed input: 82.90 toks/s, output: 78.46 toks/s]Processed prompts: 100%|â–ˆâ–ˆâ–ˆâ–ˆâ–ˆâ–ˆâ–ˆâ–ˆâ–ˆâ–ˆ| 1/1 [00:08<00:00,  8.78s/it, est. speed input: 82.90 toks/s, output: 78.46 toks/s]
Prolog output: Error (invalid answer)
Completed sample logical_deduction_724 (iteration 138) for method prolog_no_fs
Processing sample logical_deduction_112 (iteration 139) for method prolog_no_fs
Generating without LoRA
Processed prompts:   0%|          | 0/1 [00:00<?, ?it/s, est. speed input: 0.00 toks/s, output: 0.00 toks/s]Processed prompts: 100%|â–ˆâ–ˆâ–ˆâ–ˆâ–ˆâ–ˆâ–ˆâ–ˆâ–ˆâ–ˆ| 1/1 [00:08<00:00,  8.76s/it, est. speed input: 84.68 toks/s, output: 78.40 toks/s]Processed prompts: 100%|â–ˆâ–ˆâ–ˆâ–ˆâ–ˆâ–ˆâ–ˆâ–ˆâ–ˆâ–ˆ| 1/1 [00:08<00:00,  8.76s/it, est. speed input: 84.68 toks/s, output: 78.40 toks/s]
Prolog output: Error: Caused by: 'solve(Answer)'. Returned: 'error(existence_error(procedure, /(nth, 3)), context(/(clue3, 1), _46))'.
Completed sample logical_deduction_112 (iteration 139) for method prolog_no_fs
Processing sample logical_deduction_943 (iteration 140) for method prolog_no_fs
Generating without LoRA
Processed prompts:   0%|          | 0/1 [00:00<?, ?it/s, est. speed input: 0.00 toks/s, output: 0.00 toks/s]Processed prompts: 100%|â–ˆâ–ˆâ–ˆâ–ˆâ–ˆâ–ˆâ–ˆâ–ˆâ–ˆâ–ˆ| 1/1 [00:07<00:00,  7.27s/it, est. speed input: 89.70 toks/s, output: 78.42 toks/s]Processed prompts: 100%|â–ˆâ–ˆâ–ˆâ–ˆâ–ˆâ–ˆâ–ˆâ–ˆâ–ˆâ–ˆ| 1/1 [00:07<00:00,  7.27s/it, est. speed input: 89.70 toks/s, output: 78.42 toks/s]
Warning: /scratch/s5112583/thesis/RL/prolog_code/overwritten_code.pl:25:
Warning:    Singleton variables: [Len]
Warning: /scratch/s5112583/thesis/RL/prolog_code/overwritten_code.pl:26:
Warning:    Singleton variables: [Len]
Warning: /scratch/s5112583/thesis/RL/prolog_code/overwritten_code.pl:27:
Warning:    Singleton variables: [Len]
Warning: /scratch/s5112583/thesis/RL/prolog_code/overwritten_code.pl:28:
Warning:    Singleton variables: [Len]
Warning: /scratch/s5112583/thesis/RL/prolog_code/overwritten_code.pl:29:
Warning:    Singleton variables: [Len]
Warning: /scratch/s5112583/thesis/RL/prolog_code/overwritten_code.pl:30:
Warning:    Singleton variables: [Len]
Warning: /scratch/s5112583/thesis/RL/prolog_code/overwritten_code.pl:31:
Warning:    Singleton variables: [Len]
Prolog output: Error: Caused by: 'solve(Answer)'. Returned: 'error(type_error(integer, -(3, 1)), _28)'.
Completed sample logical_deduction_943 (iteration 140) for method prolog_no_fs
Processing sample logical_deduction_148 (iteration 141) for method prolog_no_fs
Generating without LoRA
Processed prompts:   0%|          | 0/1 [00:00<?, ?it/s, est. speed input: 0.00 toks/s, output: 0.00 toks/s]Processed prompts: 100%|â–ˆâ–ˆâ–ˆâ–ˆâ–ˆâ–ˆâ–ˆâ–ˆâ–ˆâ–ˆ| 1/1 [00:08<00:00,  8.30s/it, est. speed input: 89.71 toks/s, output: 78.39 toks/s]Processed prompts: 100%|â–ˆâ–ˆâ–ˆâ–ˆâ–ˆâ–ˆâ–ˆâ–ˆâ–ˆâ–ˆ| 1/1 [00:08<00:00,  8.30s/it, est. speed input: 89.71 toks/s, output: 78.39 toks/s]
Prolog output: Error (invalid answer)
Completed sample logical_deduction_148 (iteration 141) for method prolog_no_fs
Processing sample logical_deduction_536 (iteration 142) for method prolog_no_fs
Generating without LoRA
Processed prompts:   0%|          | 0/1 [00:00<?, ?it/s, est. speed input: 0.00 toks/s, output: 0.00 toks/s]Processed prompts: 100%|â–ˆâ–ˆâ–ˆâ–ˆâ–ˆâ–ˆâ–ˆâ–ˆâ–ˆâ–ˆ| 1/1 [00:08<00:00,  8.01s/it, est. speed input: 81.70 toks/s, output: 78.45 toks/s]Processed prompts: 100%|â–ˆâ–ˆâ–ˆâ–ˆâ–ˆâ–ˆâ–ˆâ–ˆâ–ˆâ–ˆ| 1/1 [00:08<00:00,  8.01s/it, est. speed input: 81.70 toks/s, output: 78.45 toks/s]
Prolog output: Error: Caused by: 'solve(Answer)'. Returned: 'error(type_error(integer, -(2, 1)), _3194)'.
Completed sample logical_deduction_536 (iteration 142) for method prolog_no_fs
Processing sample logical_deduction_867 (iteration 143) for method prolog_no_fs
Generating without LoRA
Processed prompts:   0%|          | 0/1 [00:00<?, ?it/s, est. speed input: 0.00 toks/s, output: 0.00 toks/s]Processed prompts: 100%|â–ˆâ–ˆâ–ˆâ–ˆâ–ˆâ–ˆâ–ˆâ–ˆâ–ˆâ–ˆ| 1/1 [00:07<00:00,  7.98s/it, est. speed input: 82.59 toks/s, output: 78.45 toks/s]Processed prompts: 100%|â–ˆâ–ˆâ–ˆâ–ˆâ–ˆâ–ˆâ–ˆâ–ˆâ–ˆâ–ˆ| 1/1 [00:07<00:00,  7.98s/it, est. speed input: 82.59 toks/s, output: 78.45 toks/s]
Prolog output: Error (invalid answer)
Completed sample logical_deduction_867 (iteration 143) for method prolog_no_fs
Processing sample logical_deduction_524 (iteration 144) for method prolog_no_fs
Generating without LoRA
Processed prompts:   0%|          | 0/1 [00:00<?, ?it/s, est. speed input: 0.00 toks/s, output: 0.00 toks/s]Processed prompts: 100%|â–ˆâ–ˆâ–ˆâ–ˆâ–ˆâ–ˆâ–ˆâ–ˆâ–ˆâ–ˆ| 1/1 [00:08<00:00,  8.37s/it, est. speed input: 78.03 toks/s, output: 78.51 toks/s]Processed prompts: 100%|â–ˆâ–ˆâ–ˆâ–ˆâ–ˆâ–ˆâ–ˆâ–ˆâ–ˆâ–ˆ| 1/1 [00:08<00:00,  8.37s/it, est. speed input: 78.03 toks/s, output: 78.51 toks/s]
Warning: /scratch/s5112583/thesis/RL/prolog_code/overwritten_code.pl:24:
Warning:    Singleton variables: [Pos]
Prolog output: A
Completed sample logical_deduction_524 (iteration 144) for method prolog_no_fs
Processing sample logical_deduction_655 (iteration 145) for method prolog_no_fs
Generating without LoRA
Processed prompts:   0%|          | 0/1 [00:00<?, ?it/s, est. speed input: 0.00 toks/s, output: 0.00 toks/s]Processed prompts: 100%|â–ˆâ–ˆâ–ˆâ–ˆâ–ˆâ–ˆâ–ˆâ–ˆâ–ˆâ–ˆ| 1/1 [00:08<00:00,  8.58s/it, est. speed input: 82.95 toks/s, output: 78.52 toks/s]Processed prompts: 100%|â–ˆâ–ˆâ–ˆâ–ˆâ–ˆâ–ˆâ–ˆâ–ˆâ–ˆâ–ˆ| 1/1 [00:08<00:00,  8.58s/it, est. speed input: 82.95 toks/s, output: 78.52 toks/s]
Prolog output: Error (invalid answer)
Completed sample logical_deduction_655 (iteration 145) for method prolog_no_fs
Processing sample logical_deduction_110 (iteration 146) for method prolog_no_fs
Generating without LoRA
Processed prompts:   0%|          | 0/1 [00:00<?, ?it/s, est. speed input: 0.00 toks/s, output: 0.00 toks/s]Processed prompts: 100%|â–ˆâ–ˆâ–ˆâ–ˆâ–ˆâ–ˆâ–ˆâ–ˆâ–ˆâ–ˆ| 1/1 [00:18<00:00, 18.34s/it, est. speed input: 39.64 toks/s, output: 78.46 toks/s]Processed prompts: 100%|â–ˆâ–ˆâ–ˆâ–ˆâ–ˆâ–ˆâ–ˆâ–ˆâ–ˆâ–ˆ| 1/1 [00:18<00:00, 18.34s/it, est. speed input: 39.64 toks/s, output: 78.46 toks/s]
Prolog output: Error (invalid answer)
Completed sample logical_deduction_110 (iteration 146) for method prolog_no_fs
Processing sample logical_deduction_451 (iteration 147) for method prolog_no_fs
Generating without LoRA
Processed prompts:   0%|          | 0/1 [00:00<?, ?it/s, est. speed input: 0.00 toks/s, output: 0.00 toks/s]Processed prompts: 100%|â–ˆâ–ˆâ–ˆâ–ˆâ–ˆâ–ˆâ–ˆâ–ˆâ–ˆâ–ˆ| 1/1 [00:07<00:00,  7.26s/it, est. speed input: 89.83 toks/s, output: 78.40 toks/s]Processed prompts: 100%|â–ˆâ–ˆâ–ˆâ–ˆâ–ˆâ–ˆâ–ˆâ–ˆâ–ˆâ–ˆ| 1/1 [00:07<00:00,  7.26s/it, est. speed input: 89.83 toks/s, output: 78.40 toks/s]
Prolog output: Error (invalid answer)
Completed sample logical_deduction_451 (iteration 147) for method prolog_no_fs
Processing sample logical_deduction_875 (iteration 148) for method prolog_no_fs
Generating without LoRA
Processed prompts:   0%|          | 0/1 [00:00<?, ?it/s, est. speed input: 0.00 toks/s, output: 0.00 toks/s]Processed prompts: 100%|â–ˆâ–ˆâ–ˆâ–ˆâ–ˆâ–ˆâ–ˆâ–ˆâ–ˆâ–ˆ| 1/1 [00:09<00:00,  9.19s/it, est. speed input: 80.97 toks/s, output: 78.47 toks/s]Processed prompts: 100%|â–ˆâ–ˆâ–ˆâ–ˆâ–ˆâ–ˆâ–ˆâ–ˆâ–ˆâ–ˆ| 1/1 [00:09<00:00,  9.19s/it, est. speed input: 80.97 toks/s, output: 78.47 toks/s]
Prolog output: A
Completed sample logical_deduction_875 (iteration 148) for method prolog_no_fs
Processing sample logical_deduction_930 (iteration 149) for method prolog_no_fs
Generating without LoRA
Processed prompts:   0%|          | 0/1 [00:00<?, ?it/s, est. speed input: 0.00 toks/s, output: 0.00 toks/s]Processed prompts: 100%|â–ˆâ–ˆâ–ˆâ–ˆâ–ˆâ–ˆâ–ˆâ–ˆâ–ˆâ–ˆ| 1/1 [00:08<00:00,  8.85s/it, est. speed input: 80.35 toks/s, output: 78.43 toks/s]Processed prompts: 100%|â–ˆâ–ˆâ–ˆâ–ˆâ–ˆâ–ˆâ–ˆâ–ˆâ–ˆâ–ˆ| 1/1 [00:08<00:00,  8.85s/it, est. speed input: 80.35 toks/s, output: 78.43 toks/s]
Prolog output: Error (invalid answer)
Completed sample logical_deduction_930 (iteration 149) for method prolog_no_fs
Processing sample logical_deduction_580 (iteration 150) for method prolog_no_fs
Generating without LoRA
Processed prompts:   0%|          | 0/1 [00:00<?, ?it/s, est. speed input: 0.00 toks/s, output: 0.00 toks/s]Processed prompts: 100%|â–ˆâ–ˆâ–ˆâ–ˆâ–ˆâ–ˆâ–ˆâ–ˆâ–ˆâ–ˆ| 1/1 [00:08<00:00,  8.90s/it, est. speed input: 80.91 toks/s, output: 78.44 toks/s]Processed prompts: 100%|â–ˆâ–ˆâ–ˆâ–ˆâ–ˆâ–ˆâ–ˆâ–ˆâ–ˆâ–ˆ| 1/1 [00:08<00:00,  8.90s/it, est. speed input: 80.91 toks/s, output: 78.44 toks/s]
Prolog output: Error (invalid answer)
Completed sample logical_deduction_580 (iteration 150) for method prolog_no_fs
Processing sample logical_deduction_624 (iteration 151) for method prolog_no_fs
Generating without LoRA
Processed prompts:   0%|          | 0/1 [00:00<?, ?it/s, est. speed input: 0.00 toks/s, output: 0.00 toks/s]Processed prompts: 100%|â–ˆâ–ˆâ–ˆâ–ˆâ–ˆâ–ˆâ–ˆâ–ˆâ–ˆâ–ˆ| 1/1 [00:07<00:00,  7.60s/it, est. speed input: 88.20 toks/s, output: 78.46 toks/s]Processed prompts: 100%|â–ˆâ–ˆâ–ˆâ–ˆâ–ˆâ–ˆâ–ˆâ–ˆâ–ˆâ–ˆ| 1/1 [00:07<00:00,  7.60s/it, est. speed input: 88.20 toks/s, output: 78.46 toks/s]
Prolog output: Error (invalid answer)
Completed sample logical_deduction_624 (iteration 151) for method prolog_no_fs
Processing sample logical_deduction_835 (iteration 152) for method prolog_no_fs
Generating without LoRA
Processed prompts:   0%|          | 0/1 [00:00<?, ?it/s, est. speed input: 0.00 toks/s, output: 0.00 toks/s]Processed prompts: 100%|â–ˆâ–ˆâ–ˆâ–ˆâ–ˆâ–ˆâ–ˆâ–ˆâ–ˆâ–ˆ| 1/1 [00:08<00:00,  8.34s/it, est. speed input: 85.77 toks/s, output: 78.45 toks/s]Processed prompts: 100%|â–ˆâ–ˆâ–ˆâ–ˆâ–ˆâ–ˆâ–ˆâ–ˆâ–ˆâ–ˆ| 1/1 [00:08<00:00,  8.34s/it, est. speed input: 85.77 toks/s, output: 78.45 toks/s]
Prolog output: Error (invalid answer)
Completed sample logical_deduction_835 (iteration 152) for method prolog_no_fs
Processing sample logical_deduction_509 (iteration 153) for method prolog_no_fs
Generating without LoRA
Processed prompts:   0%|          | 0/1 [00:00<?, ?it/s, est. speed input: 0.00 toks/s, output: 0.00 toks/s]Processed prompts: 100%|â–ˆâ–ˆâ–ˆâ–ˆâ–ˆâ–ˆâ–ˆâ–ˆâ–ˆâ–ˆ| 1/1 [00:08<00:00,  8.27s/it, est. speed input: 87.82 toks/s, output: 78.38 toks/s]Processed prompts: 100%|â–ˆâ–ˆâ–ˆâ–ˆâ–ˆâ–ˆâ–ˆâ–ˆâ–ˆâ–ˆ| 1/1 [00:08<00:00,  8.27s/it, est. speed input: 87.82 toks/s, output: 78.38 toks/s]
Prolog output: Error (invalid answer)
Completed sample logical_deduction_509 (iteration 153) for method prolog_no_fs
Processing sample logical_deduction_405 (iteration 154) for method prolog_no_fs
Generating without LoRA
Processed prompts:   0%|          | 0/1 [00:00<?, ?it/s, est. speed input: 0.00 toks/s, output: 0.00 toks/s]Processed prompts: 100%|â–ˆâ–ˆâ–ˆâ–ˆâ–ˆâ–ˆâ–ˆâ–ˆâ–ˆâ–ˆ| 1/1 [00:07<00:00,  7.18s/it, est. speed input: 93.29 toks/s, output: 78.39 toks/s]Processed prompts: 100%|â–ˆâ–ˆâ–ˆâ–ˆâ–ˆâ–ˆâ–ˆâ–ˆâ–ˆâ–ˆ| 1/1 [00:07<00:00,  7.18s/it, est. speed input: 93.29 toks/s, output: 78.39 toks/s]
Prolog output: C
Completed sample logical_deduction_405 (iteration 154) for method prolog_no_fs
Processing sample logical_deduction_551 (iteration 155) for method prolog_no_fs
Generating without LoRA
Processed prompts:   0%|          | 0/1 [00:00<?, ?it/s, est. speed input: 0.00 toks/s, output: 0.00 toks/s]Processed prompts: 100%|â–ˆâ–ˆâ–ˆâ–ˆâ–ˆâ–ˆâ–ˆâ–ˆâ–ˆâ–ˆ| 1/1 [00:10<00:00, 10.35s/it, est. speed input: 69.54 toks/s, output: 78.52 toks/s]Processed prompts: 100%|â–ˆâ–ˆâ–ˆâ–ˆâ–ˆâ–ˆâ–ˆâ–ˆâ–ˆâ–ˆ| 1/1 [00:10<00:00, 10.35s/it, est. speed input: 69.54 toks/s, output: 78.52 toks/s]
Prolog output: Error: Caused by: 'solve(Answer)'. Returned: 'error(type_error(integer, +(6, 1)), _28)'.
Completed sample logical_deduction_551 (iteration 155) for method prolog_no_fs
Processing sample logical_deduction_649 (iteration 156) for method prolog_no_fs
Generating without LoRA
Processed prompts:   0%|          | 0/1 [00:00<?, ?it/s, est. speed input: 0.00 toks/s, output: 0.00 toks/s]Processed prompts: 100%|â–ˆâ–ˆâ–ˆâ–ˆâ–ˆâ–ˆâ–ˆâ–ˆâ–ˆâ–ˆ| 1/1 [00:08<00:00,  8.85s/it, est. speed input: 80.38 toks/s, output: 78.46 toks/s]Processed prompts: 100%|â–ˆâ–ˆâ–ˆâ–ˆâ–ˆâ–ˆâ–ˆâ–ˆâ–ˆâ–ˆ| 1/1 [00:08<00:00,  8.85s/it, est. speed input: 80.38 toks/s, output: 78.46 toks/s]
Prolog output: Error (invalid answer)
Completed sample logical_deduction_649 (iteration 156) for method prolog_no_fs
Processing sample logical_deduction_809 (iteration 157) for method prolog_no_fs
Generating without LoRA
Processed prompts:   0%|          | 0/1 [00:00<?, ?it/s, est. speed input: 0.00 toks/s, output: 0.00 toks/s]Processed prompts: 100%|â–ˆâ–ˆâ–ˆâ–ˆâ–ˆâ–ˆâ–ˆâ–ˆâ–ˆâ–ˆ| 1/1 [00:08<00:00,  8.72s/it, est. speed input: 82.33 toks/s, output: 78.43 toks/s]Processed prompts: 100%|â–ˆâ–ˆâ–ˆâ–ˆâ–ˆâ–ˆâ–ˆâ–ˆâ–ˆâ–ˆ| 1/1 [00:08<00:00,  8.72s/it, est. speed input: 82.33 toks/s, output: 78.43 toks/s]
Prolog output: Error (invalid answer)
Completed sample logical_deduction_809 (iteration 157) for method prolog_no_fs
Processing sample logical_deduction_906 (iteration 158) for method prolog_no_fs
Generating without LoRA
Processed prompts:   0%|          | 0/1 [00:00<?, ?it/s, est. speed input: 0.00 toks/s, output: 0.00 toks/s]Processed prompts: 100%|â–ˆâ–ˆâ–ˆâ–ˆâ–ˆâ–ˆâ–ˆâ–ˆâ–ˆâ–ˆ| 1/1 [00:09<00:00,  9.19s/it, est. speed input: 76.86 toks/s, output: 78.50 toks/s]Processed prompts: 100%|â–ˆâ–ˆâ–ˆâ–ˆâ–ˆâ–ˆâ–ˆâ–ˆâ–ˆâ–ˆ| 1/1 [00:09<00:00,  9.19s/it, est. speed input: 76.86 toks/s, output: 78.50 toks/s]
Prolog output: Error (invalid answer)
Completed sample logical_deduction_906 (iteration 158) for method prolog_no_fs
Processing sample logical_deduction_793 (iteration 159) for method prolog_no_fs
Generating without LoRA
Processed prompts:   0%|          | 0/1 [00:00<?, ?it/s, est. speed input: 0.00 toks/s, output: 0.00 toks/s]Processed prompts: 100%|â–ˆâ–ˆâ–ˆâ–ˆâ–ˆâ–ˆâ–ˆâ–ˆâ–ˆâ–ˆ| 1/1 [00:08<00:00,  8.90s/it, est. speed input: 79.96 toks/s, output: 78.50 toks/s]Processed prompts: 100%|â–ˆâ–ˆâ–ˆâ–ˆâ–ˆâ–ˆâ–ˆâ–ˆâ–ˆâ–ˆ| 1/1 [00:08<00:00,  8.90s/it, est. speed input: 79.96 toks/s, output: 78.50 toks/s]
Prolog output: Error (invalid answer)
Completed sample logical_deduction_793 (iteration 159) for method prolog_no_fs
Processing sample logical_deduction_599 (iteration 160) for method prolog_no_fs
Generating without LoRA
Processed prompts:   0%|          | 0/1 [00:00<?, ?it/s, est. speed input: 0.00 toks/s, output: 0.00 toks/s]Processed prompts: 100%|â–ˆâ–ˆâ–ˆâ–ˆâ–ˆâ–ˆâ–ˆâ–ˆâ–ˆâ–ˆ| 1/1 [00:08<00:00,  8.59s/it, est. speed input: 86.42 toks/s, output: 78.39 toks/s]Processed prompts: 100%|â–ˆâ–ˆâ–ˆâ–ˆâ–ˆâ–ˆâ–ˆâ–ˆâ–ˆâ–ˆ| 1/1 [00:08<00:00,  8.59s/it, est. speed input: 86.42 toks/s, output: 78.39 toks/s]
Prolog output: Error (invalid answer)
Completed sample logical_deduction_599 (iteration 160) for method prolog_no_fs
Processing sample logical_deduction_129 (iteration 161) for method prolog_no_fs
Generating without LoRA
Processed prompts:   0%|          | 0/1 [00:00<?, ?it/s, est. speed input: 0.00 toks/s, output: 0.00 toks/s]Processed prompts: 100%|â–ˆâ–ˆâ–ˆâ–ˆâ–ˆâ–ˆâ–ˆâ–ˆâ–ˆâ–ˆ| 1/1 [00:08<00:00,  8.67s/it, est. speed input: 81.48 toks/s, output: 78.48 toks/s]Processed prompts: 100%|â–ˆâ–ˆâ–ˆâ–ˆâ–ˆâ–ˆâ–ˆâ–ˆâ–ˆâ–ˆ| 1/1 [00:08<00:00,  8.67s/it, est. speed input: 81.48 toks/s, output: 78.48 toks/s]
Prolog output: Error (invalid answer)
Completed sample logical_deduction_129 (iteration 161) for method prolog_no_fs
Processing sample logical_deduction_824 (iteration 162) for method prolog_no_fs
Generating without LoRA
Processed prompts:   0%|          | 0/1 [00:00<?, ?it/s, est. speed input: 0.00 toks/s, output: 0.00 toks/s]Processed prompts: 100%|â–ˆâ–ˆâ–ˆâ–ˆâ–ˆâ–ˆâ–ˆâ–ˆâ–ˆâ–ˆ| 1/1 [00:08<00:00,  8.45s/it, est. speed input: 85.76 toks/s, output: 78.43 toks/s]Processed prompts: 100%|â–ˆâ–ˆâ–ˆâ–ˆâ–ˆâ–ˆâ–ˆâ–ˆâ–ˆâ–ˆ| 1/1 [00:08<00:00,  8.45s/it, est. speed input: 85.76 toks/s, output: 78.43 toks/s]
Prolog output: Error (invalid answer)
Completed sample logical_deduction_824 (iteration 162) for method prolog_no_fs
Processing sample logical_deduction_866 (iteration 163) for method prolog_no_fs
Generating without LoRA
Processed prompts:   0%|          | 0/1 [00:00<?, ?it/s, est. speed input: 0.00 toks/s, output: 0.00 toks/s]Processed prompts: 100%|â–ˆâ–ˆâ–ˆâ–ˆâ–ˆâ–ˆâ–ˆâ–ˆâ–ˆâ–ˆ| 1/1 [00:09<00:00,  9.06s/it, est. speed input: 81.13 toks/s, output: 78.48 toks/s]Processed prompts: 100%|â–ˆâ–ˆâ–ˆâ–ˆâ–ˆâ–ˆâ–ˆâ–ˆâ–ˆâ–ˆ| 1/1 [00:09<00:00,  9.06s/it, est. speed input: 81.13 toks/s, output: 78.48 toks/s]
Prolog output: Error (invalid answer)
Completed sample logical_deduction_866 (iteration 163) for method prolog_no_fs
Processing sample logical_deduction_474 (iteration 164) for method prolog_no_fs
Generating without LoRA
Processed prompts:   0%|          | 0/1 [00:00<?, ?it/s, est. speed input: 0.00 toks/s, output: 0.00 toks/s]Processed prompts: 100%|â–ˆâ–ˆâ–ˆâ–ˆâ–ˆâ–ˆâ–ˆâ–ˆâ–ˆâ–ˆ| 1/1 [00:08<00:00,  8.64s/it, est. speed input: 82.97 toks/s, output: 78.46 toks/s]Processed prompts: 100%|â–ˆâ–ˆâ–ˆâ–ˆâ–ˆâ–ˆâ–ˆâ–ˆâ–ˆâ–ˆ| 1/1 [00:08<00:00,  8.64s/it, est. speed input: 82.97 toks/s, output: 78.46 toks/s]
Prolog output: Error (invalid answer)
Completed sample logical_deduction_474 (iteration 164) for method prolog_no_fs
Processing sample logical_deduction_886 (iteration 165) for method prolog_no_fs
Generating without LoRA
Processed prompts:   0%|          | 0/1 [00:00<?, ?it/s, est. speed input: 0.00 toks/s, output: 0.00 toks/s]Processed prompts: 100%|â–ˆâ–ˆâ–ˆâ–ˆâ–ˆâ–ˆâ–ˆâ–ˆâ–ˆâ–ˆ| 1/1 [00:09<00:00,  9.75s/it, est. speed input: 75.79 toks/s, output: 78.46 toks/s]Processed prompts: 100%|â–ˆâ–ˆâ–ˆâ–ˆâ–ˆâ–ˆâ–ˆâ–ˆâ–ˆâ–ˆ| 1/1 [00:09<00:00,  9.75s/it, est. speed input: 75.79 toks/s, output: 78.46 toks/s]
Prolog output: Error (invalid answer)
Completed sample logical_deduction_886 (iteration 165) for method prolog_no_fs
Processing sample logical_deduction_650 (iteration 166) for method prolog_no_fs
Generating without LoRA
Processed prompts:   0%|          | 0/1 [00:00<?, ?it/s, est. speed input: 0.00 toks/s, output: 0.00 toks/s]Processed prompts: 100%|â–ˆâ–ˆâ–ˆâ–ˆâ–ˆâ–ˆâ–ˆâ–ˆâ–ˆâ–ˆ| 1/1 [00:08<00:00,  8.86s/it, est. speed input: 80.28 toks/s, output: 78.48 toks/s]Processed prompts: 100%|â–ˆâ–ˆâ–ˆâ–ˆâ–ˆâ–ˆâ–ˆâ–ˆâ–ˆâ–ˆ| 1/1 [00:08<00:00,  8.86s/it, est. speed input: 80.28 toks/s, output: 78.48 toks/s]
Prolog output: Error (invalid answer)
Completed sample logical_deduction_650 (iteration 166) for method prolog_no_fs
Processing sample logical_deduction_447 (iteration 167) for method prolog_no_fs
Generating without LoRA
Processed prompts:   0%|          | 0/1 [00:00<?, ?it/s, est. speed input: 0.00 toks/s, output: 0.00 toks/s]Processed prompts: 100%|â–ˆâ–ˆâ–ˆâ–ˆâ–ˆâ–ˆâ–ˆâ–ˆâ–ˆâ–ˆ| 1/1 [00:08<00:00,  8.77s/it, est. speed input: 84.58 toks/s, output: 78.42 toks/s]Processed prompts: 100%|â–ˆâ–ˆâ–ˆâ–ˆâ–ˆâ–ˆâ–ˆâ–ˆâ–ˆâ–ˆ| 1/1 [00:08<00:00,  8.77s/it, est. speed input: 84.58 toks/s, output: 78.42 toks/s]
Prolog output: Error (invalid answer)
Completed sample logical_deduction_447 (iteration 167) for method prolog_no_fs
Processing sample logical_deduction_425 (iteration 168) for method prolog_no_fs
Generating without LoRA
Processed prompts:   0%|          | 0/1 [00:00<?, ?it/s, est. speed input: 0.00 toks/s, output: 0.00 toks/s]Processed prompts: 100%|â–ˆâ–ˆâ–ˆâ–ˆâ–ˆâ–ˆâ–ˆâ–ˆâ–ˆâ–ˆ| 1/1 [00:09<00:00,  9.42s/it, est. speed input: 78.43 toks/s, output: 78.43 toks/s]Processed prompts: 100%|â–ˆâ–ˆâ–ˆâ–ˆâ–ˆâ–ˆâ–ˆâ–ˆâ–ˆâ–ˆ| 1/1 [00:09<00:00,  9.42s/it, est. speed input: 78.43 toks/s, output: 78.43 toks/s]
Prolog output: Error: Caused by: 'solve(Answer)'. Returned: 'error(type_error(integer, -(7, 1)), _28)'.
Completed sample logical_deduction_425 (iteration 168) for method prolog_no_fs
Processing sample logical_deduction_550 (iteration 169) for method prolog_no_fs
Generating without LoRA
Processed prompts:   0%|          | 0/1 [00:00<?, ?it/s, est. speed input: 0.00 toks/s, output: 0.00 toks/s]Processed prompts: 100%|â–ˆâ–ˆâ–ˆâ–ˆâ–ˆâ–ˆâ–ˆâ–ˆâ–ˆâ–ˆ| 1/1 [00:08<00:00,  8.67s/it, est. speed input: 83.31 toks/s, output: 78.46 toks/s]Processed prompts: 100%|â–ˆâ–ˆâ–ˆâ–ˆâ–ˆâ–ˆâ–ˆâ–ˆâ–ˆâ–ˆ| 1/1 [00:08<00:00,  8.67s/it, est. speed input: 83.31 toks/s, output: 78.46 toks/s]
Prolog output: Error: Caused by: 'solve(Answer)'. Returned: 'error(existence_error(procedure, /(nth1, 6)), context(/(clue2, 1), _1682))'.
Completed sample logical_deduction_550 (iteration 169) for method prolog_no_fs
Processing sample logical_deduction_603 (iteration 170) for method prolog_no_fs
Generating without LoRA
Processed prompts:   0%|          | 0/1 [00:00<?, ?it/s, est. speed input: 0.00 toks/s, output: 0.00 toks/s]Processed prompts: 100%|â–ˆâ–ˆâ–ˆâ–ˆâ–ˆâ–ˆâ–ˆâ–ˆâ–ˆâ–ˆ| 1/1 [00:08<00:00,  8.55s/it, est. speed input: 83.86 toks/s, output: 78.48 toks/s]Processed prompts: 100%|â–ˆâ–ˆâ–ˆâ–ˆâ–ˆâ–ˆâ–ˆâ–ˆâ–ˆâ–ˆ| 1/1 [00:08<00:00,  8.55s/it, est. speed input: 83.86 toks/s, output: 78.48 toks/s]
Prolog output: Error (invalid answer)
Completed sample logical_deduction_603 (iteration 170) for method prolog_no_fs
Processing sample logical_deduction_630 (iteration 171) for method prolog_no_fs
Generating without LoRA
Processed prompts:   0%|          | 0/1 [00:00<?, ?it/s, est. speed input: 0.00 toks/s, output: 0.00 toks/s]Processed prompts: 100%|â–ˆâ–ˆâ–ˆâ–ˆâ–ˆâ–ˆâ–ˆâ–ˆâ–ˆâ–ˆ| 1/1 [00:09<00:00,  9.14s/it, est. speed input: 78.25 toks/s, output: 78.47 toks/s]Processed prompts: 100%|â–ˆâ–ˆâ–ˆâ–ˆâ–ˆâ–ˆâ–ˆâ–ˆâ–ˆâ–ˆ| 1/1 [00:09<00:00,  9.14s/it, est. speed input: 78.25 toks/s, output: 78.47 toks/s]
Prolog output: Error (invalid answer)
Completed sample logical_deduction_630 (iteration 171) for method prolog_no_fs
Processing sample logical_deduction_717 (iteration 172) for method prolog_no_fs
Generating without LoRA
Processed prompts:   0%|          | 0/1 [00:00<?, ?it/s, est. speed input: 0.00 toks/s, output: 0.00 toks/s]Processed prompts: 100%|â–ˆâ–ˆâ–ˆâ–ˆâ–ˆâ–ˆâ–ˆâ–ˆâ–ˆâ–ˆ| 1/1 [00:08<00:00,  8.72s/it, est. speed input: 75.19 toks/s, output: 78.51 toks/s]Processed prompts: 100%|â–ˆâ–ˆâ–ˆâ–ˆâ–ˆâ–ˆâ–ˆâ–ˆâ–ˆâ–ˆ| 1/1 [00:08<00:00,  8.72s/it, est. speed input: 75.19 toks/s, output: 78.51 toks/s]
Prolog output: Error (invalid answer)
Completed sample logical_deduction_717 (iteration 172) for method prolog_no_fs
Processing sample logical_deduction_640 (iteration 173) for method prolog_no_fs
Generating without LoRA
Processed prompts:   0%|          | 0/1 [00:00<?, ?it/s, est. speed input: 0.00 toks/s, output: 0.00 toks/s]Processed prompts: 100%|â–ˆâ–ˆâ–ˆâ–ˆâ–ˆâ–ˆâ–ˆâ–ˆâ–ˆâ–ˆ| 1/1 [00:08<00:00,  8.81s/it, est. speed input: 82.42 toks/s, output: 78.44 toks/s]Processed prompts: 100%|â–ˆâ–ˆâ–ˆâ–ˆâ–ˆâ–ˆâ–ˆâ–ˆâ–ˆâ–ˆ| 1/1 [00:08<00:00,  8.81s/it, est. speed input: 82.42 toks/s, output: 78.44 toks/s]
Prolog output: Error: Caused by: 'solve(Answer)'. Returned: 'error(type_error(integer, -(2, 1)), _7826)'.
Completed sample logical_deduction_640 (iteration 173) for method prolog_no_fs
Processing sample logical_deduction_495 (iteration 174) for method prolog_no_fs
Generating without LoRA
Processed prompts:   0%|          | 0/1 [00:00<?, ?it/s, est. speed input: 0.00 toks/s, output: 0.00 toks/s]Processed prompts: 100%|â–ˆâ–ˆâ–ˆâ–ˆâ–ˆâ–ˆâ–ˆâ–ˆâ–ˆâ–ˆ| 1/1 [00:15<00:00, 15.99s/it, est. speed input: 44.98 toks/s, output: 78.57 toks/s]Processed prompts: 100%|â–ˆâ–ˆâ–ˆâ–ˆâ–ˆâ–ˆâ–ˆâ–ˆâ–ˆâ–ˆ| 1/1 [00:15<00:00, 15.99s/it, est. speed input: 44.98 toks/s, output: 78.57 toks/s]
Prolog output: Error (invalid answer)
Completed sample logical_deduction_495 (iteration 174) for method prolog_no_fs
Processing sample logical_deduction_743 (iteration 175) for method prolog_no_fs
Generating without LoRA
Processed prompts:   0%|          | 0/1 [00:00<?, ?it/s, est. speed input: 0.00 toks/s, output: 0.00 toks/s]Processed prompts: 100%|â–ˆâ–ˆâ–ˆâ–ˆâ–ˆâ–ˆâ–ˆâ–ˆâ–ˆâ–ˆ| 1/1 [00:09<00:00,  9.14s/it, est. speed input: 80.72 toks/s, output: 78.42 toks/s]Processed prompts: 100%|â–ˆâ–ˆâ–ˆâ–ˆâ–ˆâ–ˆâ–ˆâ–ˆâ–ˆâ–ˆ| 1/1 [00:09<00:00,  9.14s/it, est. speed input: 80.72 toks/s, output: 78.42 toks/s]
Prolog output: Error (invalid answer)
Completed sample logical_deduction_743 (iteration 175) for method prolog_no_fs
Processing sample logical_deduction_174 (iteration 176) for method prolog_no_fs
Generating without LoRA
Processed prompts:   0%|          | 0/1 [00:00<?, ?it/s, est. speed input: 0.00 toks/s, output: 0.00 toks/s]Processed prompts: 100%|â–ˆâ–ˆâ–ˆâ–ˆâ–ˆâ–ˆâ–ˆâ–ˆâ–ˆâ–ˆ| 1/1 [00:09<00:00,  9.05s/it, est. speed input: 80.21 toks/s, output: 78.44 toks/s]Processed prompts: 100%|â–ˆâ–ˆâ–ˆâ–ˆâ–ˆâ–ˆâ–ˆâ–ˆâ–ˆâ–ˆ| 1/1 [00:09<00:00,  9.05s/it, est. speed input: 80.21 toks/s, output: 78.44 toks/s]
Prolog output: Error: Caused by: 'solve(Answer)'. Returned: 'error(existence_error(procedure, /(nth1, 7)), context(/(clue2, 1), _46))'.
Completed sample logical_deduction_174 (iteration 176) for method prolog_no_fs
Processing sample logical_deduction_927 (iteration 177) for method prolog_no_fs
Generating without LoRA
Processed prompts:   0%|          | 0/1 [00:00<?, ?it/s, est. speed input: 0.00 toks/s, output: 0.00 toks/s]generate_prolog failed for sample logical_deduction_927: 
Traceback (most recent call last):
  File "/scratch/s5112583/thesis/RL/utils_exp.py", line 442, in get_method_results
    output, code, result = generate_prolog(sample, model, tokenizer, sampling_params, grpo, lora_path)
                           ^^^^^^^^^^^^^^^^^^^^^^^^^^^^^^^^^^^^^^^^^^^^^^^^^^^^^^^^^^^^^^^^^^^^^^^^^^^
  File "/scratch/s5112583/thesis/RL/utils_exp.py", line 578, in generate_prolog
    output = generate(model, tokenizer, sample["prompt"], sampling_params, use_lora, lora_path)
             ^^^^^^^^^^^^^^^^^^^^^^^^^^^^^^^^^^^^^^^^^^^^^^^^^^^^^^^^^^^^^^^^^^^^^^^^^^^^^^^^^^
  File "/scratch/s5112583/thesis/RL/utils_exp.py", line 572, in generate
    return model.fast_generate(text, sampling_params=sampling_params,
           ^^^^^^^^^^^^^^^^^^^^^^^^^^^^^^^^^^^^^^^^^^^^^^^^^^^^^^^^^^
  File "/scratch/s5112583/thesis/RL/projectEnvironment/lib/python3.11/site-packages/vllm/utils.py", line 1196, in inner
    return fn(*args, **kwargs)
           ^^^^^^^^^^^^^^^^^^^
  File "/scratch/s5112583/thesis/RL/projectEnvironment/lib/python3.11/site-packages/vllm/entrypoints/llm.py", line 473, in generate
    outputs = self._run_engine(use_tqdm=use_tqdm)
              ^^^^^^^^^^^^^^^^^^^^^^^^^^^^^^^^^^^
  File "/scratch/s5112583/thesis/RL/projectEnvironment/lib/python3.11/site-packages/vllm/entrypoints/llm.py", line 1423, in _run_engine
    step_outputs = self.llm_engine.step()
                   ^^^^^^^^^^^^^^^^^^^^^^
  File "/scratch/s5112583/thesis/RL/projectEnvironment/lib/python3.11/site-packages/vllm/engine/llm_engine.py", line 1412, in step
    outputs = self.model_executor.execute_model(
              ^^^^^^^^^^^^^^^^^^^^^^^^^^^^^^^^^^
  File "/scratch/s5112583/thesis/RL/projectEnvironment/lib/python3.11/site-packages/vllm/executor/executor_base.py", line 140, in execute_model
    output = self.collective_rpc("execute_model",
             ^^^^^^^^^^^^^^^^^^^^^^^^^^^^^^^^^^^^
  File "/scratch/s5112583/thesis/RL/projectEnvironment/lib/python3.11/site-packages/vllm/executor/uniproc_executor.py", line 56, in collective_rpc
    answer = run_method(self.driver_worker, method, args, kwargs)
             ^^^^^^^^^^^^^^^^^^^^^^^^^^^^^^^^^^^^^^^^^^^^^^^^^^^^
  File "/scratch/s5112583/thesis/RL/projectEnvironment/lib/python3.11/site-packages/vllm/utils.py", line 2456, in run_method
    return func(*args, **kwargs)
           ^^^^^^^^^^^^^^^^^^^^^
  File "/scratch/s5112583/thesis/RL/projectEnvironment/lib/python3.11/site-packages/vllm/worker/worker_base.py", line 420, in execute_model
    output = self.model_runner.execute_model(
             ^^^^^^^^^^^^^^^^^^^^^^^^^^^^^^^^
  File "/scratch/s5112583/thesis/RL/projectEnvironment/lib/python3.11/site-packages/torch/utils/_contextlib.py", line 116, in decorate_context
    return func(*args, **kwargs)
           ^^^^^^^^^^^^^^^^^^^^^
  File "/scratch/s5112583/thesis/RL/projectEnvironment/lib/python3.11/site-packages/vllm/worker/model_runner.py", line 1820, in execute_model
    output: SamplerOutput = self.sampler(
                            ^^^^^^^^^^^^^
  File "/scratch/s5112583/thesis/RL/projectEnvironment/lib/python3.11/site-packages/torch/nn/modules/module.py", line 1739, in _wrapped_call_impl
    return self._call_impl(*args, **kwargs)
           ^^^^^^^^^^^^^^^^^^^^^^^^^^^^^^^^
  File "/scratch/s5112583/thesis/RL/projectEnvironment/lib/python3.11/site-packages/torch/nn/modules/module.py", line 1750, in _call_impl
    return forward_call(*args, **kwargs)
           ^^^^^^^^^^^^^^^^^^^^^^^^^^^^^
  File "/scratch/s5112583/thesis/RL/projectEnvironment/lib/python3.11/site-packages/vllm/model_executor/layers/sampler.py", line 287, in forward
    maybe_deferred_sample_results, maybe_sampled_tokens_tensor = _sample(
                                                                 ^^^^^^^^
  File "/scratch/s5112583/thesis/RL/projectEnvironment/lib/python3.11/site-packages/vllm/model_executor/layers/sampler.py", line 775, in _sample
    return _sample_with_torch(
           ^^^^^^^^^^^^^^^^^^^
  File "/scratch/s5112583/thesis/RL/projectEnvironment/lib/python3.11/site-packages/vllm/model_executor/layers/sampler.py", line 744, in _sample_with_torch
    return get_pythonized_sample_results(
           ^^^^^^^^^^^^^^^^^^^^^^^^^^^^^^
  File "/scratch/s5112583/thesis/RL/projectEnvironment/lib/python3.11/site-packages/vllm/model_executor/layers/sampler.py", line 614, in get_pythonized_sample_results
    sample_results = _greedy_sample(seq_groups, greedy_samples)
                     ^^^^^^^^^^^^^^^^^^^^^^^^^^^^^^^^^^^^^^^^^^
  File "/scratch/s5112583/thesis/RL/projectEnvironment/lib/python3.11/site-packages/vllm/model_executor/layers/sampler.py", line 449, in _greedy_sample
    samples_lst = samples.tolist()
                  ^^^^^^^^^^^^^^^^
  File "/scratch/s5112583/thesis/RL/utils_exp.py", line 814, in timeout_handler
    raise TimeoutException()
utils_exp.TimeoutException
Error processing sample logical_deduction_927 (iteration 177) for method prolog_no_fs: 
Traceback (most recent call last):
  File "/scratch/s5112583/thesis/RL/utils_exp.py", line 442, in get_method_results
    output, code, result = generate_prolog(sample, model, tokenizer, sampling_params, grpo, lora_path)
                           ^^^^^^^^^^^^^^^^^^^^^^^^^^^^^^^^^^^^^^^^^^^^^^^^^^^^^^^^^^^^^^^^^^^^^^^^^^^
  File "/scratch/s5112583/thesis/RL/utils_exp.py", line 578, in generate_prolog
    output = generate(model, tokenizer, sample["prompt"], sampling_params, use_lora, lora_path)
             ^^^^^^^^^^^^^^^^^^^^^^^^^^^^^^^^^^^^^^^^^^^^^^^^^^^^^^^^^^^^^^^^^^^^^^^^^^^^^^^^^^
  File "/scratch/s5112583/thesis/RL/utils_exp.py", line 572, in generate
    return model.fast_generate(text, sampling_params=sampling_params,
           ^^^^^^^^^^^^^^^^^^^^^^^^^^^^^^^^^^^^^^^^^^^^^^^^^^^^^^^^^^
  File "/scratch/s5112583/thesis/RL/projectEnvironment/lib/python3.11/site-packages/vllm/utils.py", line 1196, in inner
    return fn(*args, **kwargs)
           ^^^^^^^^^^^^^^^^^^^
  File "/scratch/s5112583/thesis/RL/projectEnvironment/lib/python3.11/site-packages/vllm/entrypoints/llm.py", line 473, in generate
    outputs = self._run_engine(use_tqdm=use_tqdm)
              ^^^^^^^^^^^^^^^^^^^^^^^^^^^^^^^^^^^
  File "/scratch/s5112583/thesis/RL/projectEnvironment/lib/python3.11/site-packages/vllm/entrypoints/llm.py", line 1423, in _run_engine
    step_outputs = self.llm_engine.step()
                   ^^^^^^^^^^^^^^^^^^^^^^
  File "/scratch/s5112583/thesis/RL/projectEnvironment/lib/python3.11/site-packages/vllm/engine/llm_engine.py", line 1412, in step
    outputs = self.model_executor.execute_model(
              ^^^^^^^^^^^^^^^^^^^^^^^^^^^^^^^^^^
  File "/scratch/s5112583/thesis/RL/projectEnvironment/lib/python3.11/site-packages/vllm/executor/executor_base.py", line 140, in execute_model
    output = self.collective_rpc("execute_model",
             ^^^^^^^^^^^^^^^^^^^^^^^^^^^^^^^^^^^^
  File "/scratch/s5112583/thesis/RL/projectEnvironment/lib/python3.11/site-packages/vllm/executor/uniproc_executor.py", line 56, in collective_rpc
    answer = run_method(self.driver_worker, method, args, kwargs)
             ^^^^^^^^^^^^^^^^^^^^^^^^^^^^^^^^^^^^^^^^^^^^^^^^^^^^
  File "/scratch/s5112583/thesis/RL/projectEnvironment/lib/python3.11/site-packages/vllm/utils.py", line 2456, in run_method
    return func(*args, **kwargs)
           ^^^^^^^^^^^^^^^^^^^^^
  File "/scratch/s5112583/thesis/RL/projectEnvironment/lib/python3.11/site-packages/vllm/worker/worker_base.py", line 420, in execute_model
    output = self.model_runner.execute_model(
             ^^^^^^^^^^^^^^^^^^^^^^^^^^^^^^^^
  File "/scratch/s5112583/thesis/RL/projectEnvironment/lib/python3.11/site-packages/torch/utils/_contextlib.py", line 116, in decorate_context
    return func(*args, **kwargs)
           ^^^^^^^^^^^^^^^^^^^^^
  File "/scratch/s5112583/thesis/RL/projectEnvironment/lib/python3.11/site-packages/vllm/worker/model_runner.py", line 1820, in execute_model
    output: SamplerOutput = self.sampler(
                            ^^^^^^^^^^^^^
  File "/scratch/s5112583/thesis/RL/projectEnvironment/lib/python3.11/site-packages/torch/nn/modules/module.py", line 1739, in _wrapped_call_impl
    return self._call_impl(*args, **kwargs)
           ^^^^^^^^^^^^^^^^^^^^^^^^^^^^^^^^
  File "/scratch/s5112583/thesis/RL/projectEnvironment/lib/python3.11/site-packages/torch/nn/modules/module.py", line 1750, in _call_impl
    return forward_call(*args, **kwargs)
           ^^^^^^^^^^^^^^^^^^^^^^^^^^^^^
  File "/scratch/s5112583/thesis/RL/projectEnvironment/lib/python3.11/site-packages/vllm/model_executor/layers/sampler.py", line 287, in forward
    maybe_deferred_sample_results, maybe_sampled_tokens_tensor = _sample(
                                                                 ^^^^^^^^
  File "/scratch/s5112583/thesis/RL/projectEnvironment/lib/python3.11/site-packages/vllm/model_executor/layers/sampler.py", line 775, in _sample
    return _sample_with_torch(
           ^^^^^^^^^^^^^^^^^^^
  File "/scratch/s5112583/thesis/RL/projectEnvironment/lib/python3.11/site-packages/vllm/model_executor/layers/sampler.py", line 744, in _sample_with_torch
    return get_pythonized_sample_results(
           ^^^^^^^^^^^^^^^^^^^^^^^^^^^^^^
  File "/scratch/s5112583/thesis/RL/projectEnvironment/lib/python3.11/site-packages/vllm/model_executor/layers/sampler.py", line 614, in get_pythonized_sample_results
    sample_results = _greedy_sample(seq_groups, greedy_samples)
                     ^^^^^^^^^^^^^^^^^^^^^^^^^^^^^^^^^^^^^^^^^^
  File "/scratch/s5112583/thesis/RL/projectEnvironment/lib/python3.11/site-packages/vllm/model_executor/layers/sampler.py", line 449, in _greedy_sample
    samples_lst = samples.tolist()
                  ^^^^^^^^^^^^^^^^
  File "/scratch/s5112583/thesis/RL/utils_exp.py", line 814, in timeout_handler
    raise TimeoutException()
utils_exp.TimeoutException
Processed prompts:   0%|          | 0/1 [00:20<?, ?it/s, est. speed input: 0.00 toks/s, output: 0.00 toks/s]
Processing sample logical_deduction_690 (iteration 178) for method prolog_no_fs
Generating without LoRA
Processed prompts:   0%|          | 0/2 [00:00<?, ?it/s, est. speed input: 0.00 toks/s, output: 0.00 toks/s]Processed prompts:  50%|â–ˆâ–ˆâ–ˆâ–ˆâ–ˆ     | 1/2 [00:36<00:36, 36.22s/it, est. speed input: 20.38 toks/s, output: 20.29 toks/s]Processed prompts: 100%|â–ˆâ–ˆâ–ˆâ–ˆâ–ˆâ–ˆâ–ˆâ–ˆâ–ˆâ–ˆ| 2/2 [00:49<00:00, 22.93s/it, est. speed input: 28.21 toks/s, output: 82.09 toks/s]Processed prompts: 100%|â–ˆâ–ˆâ–ˆâ–ˆâ–ˆâ–ˆâ–ˆâ–ˆâ–ˆâ–ˆ| 2/2 [00:49<00:00, 24.92s/it, est. speed input: 28.21 toks/s, output: 82.09 toks/s]
[WARN] Only 1 'choose_option' calls found (expected â‰¥4).
ERROR: /scratch/s5112583/thesis/RL/prolog_code/overwritten_code.pl:19:6125: Syntax error: Unexpected end of file
Prolog output: Error: Caused by: 'solve(Answer)'. Returned: 'error(existence_error(procedure, /(clue2, 1)), context(/(solve, 1), _3122))'.
Completed sample logical_deduction_690 (iteration 178) for method prolog_no_fs
Processing sample logical_deduction_486 (iteration 179) for method prolog_no_fs
Generating without LoRA
Processed prompts:   0%|          | 0/1 [00:00<?, ?it/s, est. speed input: 0.00 toks/s, output: 0.00 toks/s]Processed prompts: 100%|â–ˆâ–ˆâ–ˆâ–ˆâ–ˆâ–ˆâ–ˆâ–ˆâ–ˆâ–ˆ| 1/1 [00:08<00:00,  8.70s/it, est. speed input: 84.04 toks/s, output: 78.41 toks/s]Processed prompts: 100%|â–ˆâ–ˆâ–ˆâ–ˆâ–ˆâ–ˆâ–ˆâ–ˆâ–ˆâ–ˆ| 1/1 [00:08<00:00,  8.70s/it, est. speed input: 84.04 toks/s, output: 78.41 toks/s]
Prolog output: Error: Caused by: 'solve(Answer)'. Returned: 'error(type_error(integer, -(2, 1)), _4790)'.
Completed sample logical_deduction_486 (iteration 179) for method prolog_no_fs
Processing sample logical_deduction_573 (iteration 180) for method prolog_no_fs
Generating without LoRA
Processed prompts:   0%|          | 0/1 [00:00<?, ?it/s, est. speed input: 0.00 toks/s, output: 0.00 toks/s]Processed prompts: 100%|â–ˆâ–ˆâ–ˆâ–ˆâ–ˆâ–ˆâ–ˆâ–ˆâ–ˆâ–ˆ| 1/1 [00:08<00:00,  8.07s/it, est. speed input: 81.31 toks/s, output: 78.46 toks/s]Processed prompts: 100%|â–ˆâ–ˆâ–ˆâ–ˆâ–ˆâ–ˆâ–ˆâ–ˆâ–ˆâ–ˆ| 1/1 [00:08<00:00,  8.07s/it, est. speed input: 81.31 toks/s, output: 78.46 toks/s]
Prolog output: Error (invalid answer)
Completed sample logical_deduction_573 (iteration 180) for method prolog_no_fs
Processing sample logical_deduction_884 (iteration 181) for method prolog_no_fs
Generating without LoRA
Processed prompts:   0%|          | 0/1 [00:00<?, ?it/s, est. speed input: 0.00 toks/s, output: 0.00 toks/s]Processed prompts: 100%|â–ˆâ–ˆâ–ˆâ–ˆâ–ˆâ–ˆâ–ˆâ–ˆâ–ˆâ–ˆ| 1/1 [00:09<00:00,  9.75s/it, est. speed input: 74.50 toks/s, output: 78.50 toks/s]Processed prompts: 100%|â–ˆâ–ˆâ–ˆâ–ˆâ–ˆâ–ˆâ–ˆâ–ˆâ–ˆâ–ˆ| 1/1 [00:09<00:00,  9.75s/it, est. speed input: 74.50 toks/s, output: 78.50 toks/s]
Prolog output: Error (invalid answer)
Completed sample logical_deduction_884 (iteration 181) for method prolog_no_fs
Processing sample logical_deduction_231 (iteration 182) for method prolog_no_fs
Generating without LoRA
Processed prompts:   0%|          | 0/1 [00:00<?, ?it/s, est. speed input: 0.00 toks/s, output: 0.00 toks/s]Processed prompts: 100%|â–ˆâ–ˆâ–ˆâ–ˆâ–ˆâ–ˆâ–ˆâ–ˆâ–ˆâ–ˆ| 1/1 [00:08<00:00,  8.92s/it, est. speed input: 81.58 toks/s, output: 78.44 toks/s]Processed prompts: 100%|â–ˆâ–ˆâ–ˆâ–ˆâ–ˆâ–ˆâ–ˆâ–ˆâ–ˆâ–ˆ| 1/1 [00:08<00:00,  8.92s/it, est. speed input: 81.58 toks/s, output: 78.44 toks/s]
Prolog output: Error (invalid answer)
Completed sample logical_deduction_231 (iteration 182) for method prolog_no_fs
Processing sample logical_deduction_618 (iteration 183) for method prolog_no_fs
Generating without LoRA
Processed prompts:   0%|          | 0/1 [00:00<?, ?it/s, est. speed input: 0.00 toks/s, output: 0.00 toks/s]Processed prompts: 100%|â–ˆâ–ˆâ–ˆâ–ˆâ–ˆâ–ˆâ–ˆâ–ˆâ–ˆâ–ˆ| 1/1 [00:08<00:00,  8.18s/it, est. speed input: 86.99 toks/s, output: 78.44 toks/s]Processed prompts: 100%|â–ˆâ–ˆâ–ˆâ–ˆâ–ˆâ–ˆâ–ˆâ–ˆâ–ˆâ–ˆ| 1/1 [00:08<00:00,  8.18s/it, est. speed input: 86.99 toks/s, output: 78.44 toks/s]
Prolog output: Error (invalid answer)
Completed sample logical_deduction_618 (iteration 183) for method prolog_no_fs
Processing sample logical_deduction_185 (iteration 184) for method prolog_no_fs
Generating without LoRA
Processed prompts:   0%|          | 0/1 [00:00<?, ?it/s, est. speed input: 0.00 toks/s, output: 0.00 toks/s]Processed prompts: 100%|â–ˆâ–ˆâ–ˆâ–ˆâ–ˆâ–ˆâ–ˆâ–ˆâ–ˆâ–ˆ| 1/1 [00:08<00:00,  8.85s/it, est. speed input: 84.04 toks/s, output: 78.39 toks/s]Processed prompts: 100%|â–ˆâ–ˆâ–ˆâ–ˆâ–ˆâ–ˆâ–ˆâ–ˆâ–ˆâ–ˆ| 1/1 [00:08<00:00,  8.85s/it, est. speed input: 84.04 toks/s, output: 78.39 toks/s]
Prolog output: Error (invalid answer)
Completed sample logical_deduction_185 (iteration 184) for method prolog_no_fs
Processing sample logical_deduction_852 (iteration 185) for method prolog_no_fs
Generating without LoRA
Processed prompts:   0%|          | 0/1 [00:00<?, ?it/s, est. speed input: 0.00 toks/s, output: 0.00 toks/s]Processed prompts: 100%|â–ˆâ–ˆâ–ˆâ–ˆâ–ˆâ–ˆâ–ˆâ–ˆâ–ˆâ–ˆ| 1/1 [00:09<00:00,  9.18s/it, est. speed input: 79.86 toks/s, output: 78.45 toks/s]Processed prompts: 100%|â–ˆâ–ˆâ–ˆâ–ˆâ–ˆâ–ˆâ–ˆâ–ˆâ–ˆâ–ˆ| 1/1 [00:09<00:00,  9.18s/it, est. speed input: 79.86 toks/s, output: 78.45 toks/s]
Prolog output: Error (invalid answer)
Completed sample logical_deduction_852 (iteration 185) for method prolog_no_fs
Processing sample logical_deduction_876 (iteration 186) for method prolog_no_fs
Generating without LoRA
Processed prompts:   0%|          | 0/1 [00:00<?, ?it/s, est. speed input: 0.00 toks/s, output: 0.00 toks/s]Processed prompts: 100%|â–ˆâ–ˆâ–ˆâ–ˆâ–ˆâ–ˆâ–ˆâ–ˆâ–ˆâ–ˆ| 1/1 [00:08<00:00,  8.77s/it, est. speed input: 81.65 toks/s, output: 78.46 toks/s]Processed prompts: 100%|â–ˆâ–ˆâ–ˆâ–ˆâ–ˆâ–ˆâ–ˆâ–ˆâ–ˆâ–ˆ| 1/1 [00:08<00:00,  8.77s/it, est. speed input: 81.65 toks/s, output: 78.46 toks/s]
Prolog output: Error (invalid answer)
Completed sample logical_deduction_876 (iteration 186) for method prolog_no_fs
Processing sample logical_deduction_729 (iteration 187) for method prolog_no_fs
Generating without LoRA
Processed prompts:   0%|          | 0/1 [00:00<?, ?it/s, est. speed input: 0.00 toks/s, output: 0.00 toks/s]Processed prompts: 100%|â–ˆâ–ˆâ–ˆâ–ˆâ–ˆâ–ˆâ–ˆâ–ˆâ–ˆâ–ˆ| 1/1 [00:08<00:00,  8.94s/it, est. speed input: 82.97 toks/s, output: 78.39 toks/s]Processed prompts: 100%|â–ˆâ–ˆâ–ˆâ–ˆâ–ˆâ–ˆâ–ˆâ–ˆâ–ˆâ–ˆ| 1/1 [00:08<00:00,  8.94s/it, est. speed input: 82.97 toks/s, output: 78.39 toks/s]
Prolog output: Error (invalid answer)
Completed sample logical_deduction_729 (iteration 187) for method prolog_no_fs
Processing sample logical_deduction_161 (iteration 188) for method prolog_no_fs
Generating without LoRA
Processed prompts:   0%|          | 0/1 [00:00<?, ?it/s, est. speed input: 0.00 toks/s, output: 0.00 toks/s]Processed prompts: 100%|â–ˆâ–ˆâ–ˆâ–ˆâ–ˆâ–ˆâ–ˆâ–ˆâ–ˆâ–ˆ| 1/1 [00:09<00:00,  9.46s/it, est. speed input: 77.49 toks/s, output: 78.44 toks/s]Processed prompts: 100%|â–ˆâ–ˆâ–ˆâ–ˆâ–ˆâ–ˆâ–ˆâ–ˆâ–ˆâ–ˆ| 1/1 [00:09<00:00,  9.46s/it, est. speed input: 77.49 toks/s, output: 78.44 toks/s]
Prolog output: Error (invalid answer)
Completed sample logical_deduction_161 (iteration 188) for method prolog_no_fs
Processing sample logical_deduction_133 (iteration 189) for method prolog_no_fs
Generating without LoRA
Processed prompts:   0%|          | 0/1 [00:00<?, ?it/s, est. speed input: 0.00 toks/s, output: 0.00 toks/s]Processed prompts: 100%|â–ˆâ–ˆâ–ˆâ–ˆâ–ˆâ–ˆâ–ˆâ–ˆâ–ˆâ–ˆ| 1/1 [00:09<00:00,  9.14s/it, est. speed input: 80.97 toks/s, output: 78.46 toks/s]Processed prompts: 100%|â–ˆâ–ˆâ–ˆâ–ˆâ–ˆâ–ˆâ–ˆâ–ˆâ–ˆâ–ˆ| 1/1 [00:09<00:00,  9.14s/it, est. speed input: 80.97 toks/s, output: 78.46 toks/s]
Prolog output: Error (invalid answer)
Completed sample logical_deduction_133 (iteration 189) for method prolog_no_fs
Processing sample logical_deduction_840 (iteration 190) for method prolog_no_fs
Generating without LoRA
Processed prompts:   0%|          | 0/1 [00:00<?, ?it/s, est. speed input: 0.00 toks/s, output: 0.00 toks/s]Processed prompts: 100%|â–ˆâ–ˆâ–ˆâ–ˆâ–ˆâ–ˆâ–ˆâ–ˆâ–ˆâ–ˆ| 1/1 [00:09<00:00,  9.02s/it, est. speed input: 80.35 toks/s, output: 78.47 toks/s]Processed prompts: 100%|â–ˆâ–ˆâ–ˆâ–ˆâ–ˆâ–ˆâ–ˆâ–ˆâ–ˆâ–ˆ| 1/1 [00:09<00:00,  9.02s/it, est. speed input: 80.35 toks/s, output: 78.47 toks/s]
Prolog output: Error (invalid answer)
Completed sample logical_deduction_840 (iteration 190) for method prolog_no_fs
Processing sample logical_deduction_615 (iteration 191) for method prolog_no_fs
Generating without LoRA
Processed prompts:   0%|          | 0/1 [00:00<?, ?it/s, est. speed input: 0.00 toks/s, output: 0.00 toks/s]Processed prompts: 100%|â–ˆâ–ˆâ–ˆâ–ˆâ–ˆâ–ˆâ–ˆâ–ˆâ–ˆâ–ˆ| 1/1 [00:09<00:00,  9.14s/it, est. speed input: 77.92 toks/s, output: 78.47 toks/s]Processed prompts: 100%|â–ˆâ–ˆâ–ˆâ–ˆâ–ˆâ–ˆâ–ˆâ–ˆâ–ˆâ–ˆ| 1/1 [00:09<00:00,  9.14s/it, est. speed input: 77.92 toks/s, output: 78.47 toks/s]
Prolog output: Error (invalid answer)
Completed sample logical_deduction_615 (iteration 191) for method prolog_no_fs
Processing sample logical_deduction_693 (iteration 192) for method prolog_no_fs
Generating without LoRA
Processed prompts:   0%|          | 0/1 [00:00<?, ?it/s, est. speed input: 0.00 toks/s, output: 0.00 toks/s]Processed prompts: 100%|â–ˆâ–ˆâ–ˆâ–ˆâ–ˆâ–ˆâ–ˆâ–ˆâ–ˆâ–ˆ| 1/1 [00:08<00:00,  8.54s/it, est. speed input: 86.69 toks/s, output: 78.37 toks/s]Processed prompts: 100%|â–ˆâ–ˆâ–ˆâ–ˆâ–ˆâ–ˆâ–ˆâ–ˆâ–ˆâ–ˆ| 1/1 [00:08<00:00,  8.54s/it, est. speed input: 86.69 toks/s, output: 78.37 toks/s]
Prolog output: Error (invalid answer)
Completed sample logical_deduction_693 (iteration 192) for method prolog_no_fs
Processing sample logical_deduction_711 (iteration 193) for method prolog_no_fs
Generating without LoRA
Processed prompts:   0%|          | 0/1 [00:00<?, ?it/s, est. speed input: 0.00 toks/s, output: 0.00 toks/s]Processed prompts: 100%|â–ˆâ–ˆâ–ˆâ–ˆâ–ˆâ–ˆâ–ˆâ–ˆâ–ˆâ–ˆ| 1/1 [00:08<00:00,  8.82s/it, est. speed input: 81.96 toks/s, output: 78.44 toks/s]Processed prompts: 100%|â–ˆâ–ˆâ–ˆâ–ˆâ–ˆâ–ˆâ–ˆâ–ˆâ–ˆâ–ˆ| 1/1 [00:08<00:00,  8.82s/it, est. speed input: 81.96 toks/s, output: 78.44 toks/s]
Prolog output: Error (invalid answer)
Completed sample logical_deduction_711 (iteration 193) for method prolog_no_fs
Processing sample logical_deduction_400 (iteration 194) for method prolog_no_fs
Generating without LoRA
Processed prompts:   0%|          | 0/1 [00:00<?, ?it/s, est. speed input: 0.00 toks/s, output: 0.00 toks/s]Processed prompts: 100%|â–ˆâ–ˆâ–ˆâ–ˆâ–ˆâ–ˆâ–ˆâ–ˆâ–ˆâ–ˆ| 1/1 [00:07<00:00,  7.30s/it, est. speed input: 89.36 toks/s, output: 78.40 toks/s]Processed prompts: 100%|â–ˆâ–ˆâ–ˆâ–ˆâ–ˆâ–ˆâ–ˆâ–ˆâ–ˆâ–ˆ| 1/1 [00:07<00:00,  7.30s/it, est. speed input: 89.36 toks/s, output: 78.40 toks/s]
Prolog output: Error (invalid answer)
Completed sample logical_deduction_400 (iteration 194) for method prolog_no_fs
Processing sample logical_deduction_101 (iteration 195) for method prolog_no_fs
Generating without LoRA
Processed prompts:   0%|          | 0/1 [00:00<?, ?it/s, est. speed input: 0.00 toks/s, output: 0.00 toks/s]Processed prompts: 100%|â–ˆâ–ˆâ–ˆâ–ˆâ–ˆâ–ˆâ–ˆâ–ˆâ–ˆâ–ˆ| 1/1 [00:08<00:00,  8.52s/it, est. speed input: 85.21 toks/s, output: 78.41 toks/s]Processed prompts: 100%|â–ˆâ–ˆâ–ˆâ–ˆâ–ˆâ–ˆâ–ˆâ–ˆâ–ˆâ–ˆ| 1/1 [00:08<00:00,  8.52s/it, est. speed input: 85.21 toks/s, output: 78.41 toks/s]
Prolog output: Error: Caused by: 'solve(Answer)'. Returned: 'error(existence_error(procedure, /(nth1, 2)), context(/(solve, 1), _46))'.
Completed sample logical_deduction_101 (iteration 195) for method prolog_no_fs
Processing sample logical_deduction_815 (iteration 196) for method prolog_no_fs
Generating without LoRA
Processed prompts:   0%|          | 0/1 [00:00<?, ?it/s, est. speed input: 0.00 toks/s, output: 0.00 toks/s]Processed prompts: 100%|â–ˆâ–ˆâ–ˆâ–ˆâ–ˆâ–ˆâ–ˆâ–ˆâ–ˆâ–ˆ| 1/1 [00:08<00:00,  8.53s/it, est. speed input: 85.54 toks/s, output: 78.39 toks/s]Processed prompts: 100%|â–ˆâ–ˆâ–ˆâ–ˆâ–ˆâ–ˆâ–ˆâ–ˆâ–ˆâ–ˆ| 1/1 [00:08<00:00,  8.53s/it, est. speed input: 85.54 toks/s, output: 78.39 toks/s]
Prolog output: E
Completed sample logical_deduction_815 (iteration 196) for method prolog_no_fs
Processing sample logical_deduction_708 (iteration 197) for method prolog_no_fs
Generating without LoRA
Processed prompts:   0%|          | 0/1 [00:00<?, ?it/s, est. speed input: 0.00 toks/s, output: 0.00 toks/s]Processed prompts: 100%|â–ˆâ–ˆâ–ˆâ–ˆâ–ˆâ–ˆâ–ˆâ–ˆâ–ˆâ–ˆ| 1/1 [00:08<00:00,  8.25s/it, est. speed input: 90.48 toks/s, output: 78.35 toks/s]Processed prompts: 100%|â–ˆâ–ˆâ–ˆâ–ˆâ–ˆâ–ˆâ–ˆâ–ˆâ–ˆâ–ˆ| 1/1 [00:08<00:00,  8.25s/it, est. speed input: 90.48 toks/s, output: 78.35 toks/s]
Prolog output: Error (invalid answer)
Completed sample logical_deduction_708 (iteration 197) for method prolog_no_fs
Processing sample logical_deduction_122 (iteration 198) for method prolog_no_fs
Generating without LoRA
Processed prompts:   0%|          | 0/1 [00:00<?, ?it/s, est. speed input: 0.00 toks/s, output: 0.00 toks/s]Processed prompts: 100%|â–ˆâ–ˆâ–ˆâ–ˆâ–ˆâ–ˆâ–ˆâ–ˆâ–ˆâ–ˆ| 1/1 [00:08<00:00,  8.91s/it, est. speed input: 83.23 toks/s, output: 78.41 toks/s]Processed prompts: 100%|â–ˆâ–ˆâ–ˆâ–ˆâ–ˆâ–ˆâ–ˆâ–ˆâ–ˆâ–ˆ| 1/1 [00:08<00:00,  8.92s/it, est. speed input: 83.23 toks/s, output: 78.41 toks/s]
Prolog output: Error: Caused by: 'solve(Answer)'. Returned: 'error(existence_error(procedure, /(nth1, 5)), context(/(clue3, 1), _4682))'.
Completed sample logical_deduction_122 (iteration 198) for method prolog_no_fs
Processing sample logical_deduction_170 (iteration 199) for method prolog_no_fs
Generating without LoRA
Processed prompts:   0%|          | 0/1 [00:00<?, ?it/s, est. speed input: 0.00 toks/s, output: 0.00 toks/s]Processed prompts: 100%|â–ˆâ–ˆâ–ˆâ–ˆâ–ˆâ–ˆâ–ˆâ–ˆâ–ˆâ–ˆ| 1/1 [00:08<00:00,  8.95s/it, est. speed input: 81.75 toks/s, output: 78.40 toks/s]Processed prompts: 100%|â–ˆâ–ˆâ–ˆâ–ˆâ–ˆâ–ˆâ–ˆâ–ˆâ–ˆâ–ˆ| 1/1 [00:08<00:00,  8.95s/it, est. speed input: 81.75 toks/s, output: 78.40 toks/s]
Prolog output: Error (invalid answer)
Completed sample logical_deduction_170 (iteration 199) for method prolog_no_fs
Processing sample logical_deduction_578 (iteration 200) for method prolog_no_fs
Generating without LoRA
Processed prompts:   0%|          | 0/1 [00:00<?, ?it/s, est. speed input: 0.00 toks/s, output: 0.00 toks/s]Processed prompts: 100%|â–ˆâ–ˆâ–ˆâ–ˆâ–ˆâ–ˆâ–ˆâ–ˆâ–ˆâ–ˆ| 1/1 [00:07<00:00,  7.45s/it, est. speed input: 87.54 toks/s, output: 78.41 toks/s]Processed prompts: 100%|â–ˆâ–ˆâ–ˆâ–ˆâ–ˆâ–ˆâ–ˆâ–ˆâ–ˆâ–ˆ| 1/1 [00:07<00:00,  7.45s/it, est. speed input: 87.54 toks/s, output: 78.41 toks/s]
Warning: /scratch/s5112583/thesis/RL/prolog_code/overwritten_code.pl:22:
Warning:    Singleton variables: [Len]
Prolog output: Error: Caused by: 'solve(Answer)'. Returned: 'error(type_error(integer, -(7, 1)), _28)'.
Completed sample logical_deduction_578 (iteration 200) for method prolog_no_fs
Processing sample logical_deduction_788 (iteration 201) for method prolog_no_fs
Generating without LoRA
Processed prompts:   0%|          | 0/1 [00:00<?, ?it/s, est. speed input: 0.00 toks/s, output: 0.00 toks/s]Processed prompts: 100%|â–ˆâ–ˆâ–ˆâ–ˆâ–ˆâ–ˆâ–ˆâ–ˆâ–ˆâ–ˆ| 1/1 [00:08<00:00,  8.23s/it, est. speed input: 88.75 toks/s, output: 78.41 toks/s]Processed prompts: 100%|â–ˆâ–ˆâ–ˆâ–ˆâ–ˆâ–ˆâ–ˆâ–ˆâ–ˆâ–ˆ| 1/1 [00:08<00:00,  8.23s/it, est. speed input: 88.75 toks/s, output: 78.41 toks/s]
Prolog output: Error (invalid answer)
Completed sample logical_deduction_788 (iteration 201) for method prolog_no_fs
Processing sample logical_deduction_830 (iteration 202) for method prolog_no_fs
Generating without LoRA
Processed prompts:   0%|          | 0/1 [00:00<?, ?it/s, est. speed input: 0.00 toks/s, output: 0.00 toks/s]Processed prompts: 100%|â–ˆâ–ˆâ–ˆâ–ˆâ–ˆâ–ˆâ–ˆâ–ˆâ–ˆâ–ˆ| 1/1 [00:08<00:00,  8.60s/it, est. speed input: 84.81 toks/s, output: 78.41 toks/s]Processed prompts: 100%|â–ˆâ–ˆâ–ˆâ–ˆâ–ˆâ–ˆâ–ˆâ–ˆâ–ˆâ–ˆ| 1/1 [00:08<00:00,  8.60s/it, est. speed input: 84.81 toks/s, output: 78.41 toks/s]
Prolog output: Error (invalid answer)
Completed sample logical_deduction_830 (iteration 202) for method prolog_no_fs
Processing sample logical_deduction_596 (iteration 203) for method prolog_no_fs
Generating without LoRA
Processed prompts:   0%|          | 0/1 [00:00<?, ?it/s, est. speed input: 0.00 toks/s, output: 0.00 toks/s]Processed prompts: 100%|â–ˆâ–ˆâ–ˆâ–ˆâ–ˆâ–ˆâ–ˆâ–ˆâ–ˆâ–ˆ| 1/1 [00:08<00:00,  8.65s/it, est. speed input: 83.15 toks/s, output: 78.40 toks/s]Processed prompts: 100%|â–ˆâ–ˆâ–ˆâ–ˆâ–ˆâ–ˆâ–ˆâ–ˆâ–ˆâ–ˆ| 1/1 [00:08<00:00,  8.65s/it, est. speed input: 83.15 toks/s, output: 78.40 toks/s]
Prolog output: Error (invalid answer)
Completed sample logical_deduction_596 (iteration 203) for method prolog_no_fs
Processing sample logical_deduction_530 (iteration 204) for method prolog_no_fs
Generating without LoRA
Processed prompts:   0%|          | 0/1 [00:00<?, ?it/s, est. speed input: 0.00 toks/s, output: 0.00 toks/s]Processed prompts: 100%|â–ˆâ–ˆâ–ˆâ–ˆâ–ˆâ–ˆâ–ˆâ–ˆâ–ˆâ–ˆ| 1/1 [00:07<00:00,  7.92s/it, est. speed input: 83.74 toks/s, output: 78.43 toks/s]Processed prompts: 100%|â–ˆâ–ˆâ–ˆâ–ˆâ–ˆâ–ˆâ–ˆâ–ˆâ–ˆâ–ˆ| 1/1 [00:07<00:00,  7.92s/it, est. speed input: 83.74 toks/s, output: 78.43 toks/s]
Warning: /scratch/s5112583/thesis/RL/prolog_code/overwritten_code.pl:25:
Warning:    Singleton variables: [Len]
Prolog output: Error (invalid answer)
Completed sample logical_deduction_530 (iteration 204) for method prolog_no_fs
Processing sample logical_deduction_107 (iteration 205) for method prolog_no_fs
Generating without LoRA
Processed prompts:   0%|          | 0/1 [00:00<?, ?it/s, est. speed input: 0.00 toks/s, output: 0.00 toks/s]Processed prompts: 100%|â–ˆâ–ˆâ–ˆâ–ˆâ–ˆâ–ˆâ–ˆâ–ˆâ–ˆâ–ˆ| 1/1 [00:09<00:00,  9.29s/it, est. speed input: 78.90 toks/s, output: 78.47 toks/s]Processed prompts: 100%|â–ˆâ–ˆâ–ˆâ–ˆâ–ˆâ–ˆâ–ˆâ–ˆâ–ˆâ–ˆ| 1/1 [00:09<00:00,  9.29s/it, est. speed input: 78.90 toks/s, output: 78.47 toks/s]
Prolog output: Error (invalid answer)
Completed sample logical_deduction_107 (iteration 205) for method prolog_no_fs
Processing sample logical_deduction_702 (iteration 206) for method prolog_no_fs
Generating without LoRA
Processed prompts:   0%|          | 0/1 [00:00<?, ?it/s, est. speed input: 0.00 toks/s, output: 0.00 toks/s]Processed prompts: 100%|â–ˆâ–ˆâ–ˆâ–ˆâ–ˆâ–ˆâ–ˆâ–ˆâ–ˆâ–ˆ| 1/1 [00:08<00:00,  8.95s/it, est. speed input: 80.75 toks/s, output: 78.41 toks/s]Processed prompts: 100%|â–ˆâ–ˆâ–ˆâ–ˆâ–ˆâ–ˆâ–ˆâ–ˆâ–ˆâ–ˆ| 1/1 [00:08<00:00,  8.95s/it, est. speed input: 80.75 toks/s, output: 78.41 toks/s]
Prolog output: Error: Caused by: 'solve(Answer)'. Returned: 'error(existence_error(procedure, /(nth4, 2)), context(/(solve, 1), _46))'.
Completed sample logical_deduction_702 (iteration 206) for method prolog_no_fs
Processing sample logical_deduction_812 (iteration 207) for method prolog_no_fs
Generating without LoRA
Processed prompts:   0%|          | 0/1 [00:00<?, ?it/s, est. speed input: 0.00 toks/s, output: 0.00 toks/s]Processed prompts: 100%|â–ˆâ–ˆâ–ˆâ–ˆâ–ˆâ–ˆâ–ˆâ–ˆâ–ˆâ–ˆ| 1/1 [00:09<00:00,  9.46s/it, est. speed input: 75.99 toks/s, output: 78.43 toks/s]Processed prompts: 100%|â–ˆâ–ˆâ–ˆâ–ˆâ–ˆâ–ˆâ–ˆâ–ˆâ–ˆâ–ˆ| 1/1 [00:09<00:00,  9.46s/it, est. speed input: 75.99 toks/s, output: 78.43 toks/s]
Prolog output: Error: Caused by: 'solve(Answer)'. Returned: 'error(existence_error(procedure, /(nth1, 7)), context(/(clue2, 1), _1702))'.
Completed sample logical_deduction_812 (iteration 207) for method prolog_no_fs
Processing sample logical_deduction_734 (iteration 208) for method prolog_no_fs
Generating without LoRA
Processed prompts:   0%|          | 0/1 [00:00<?, ?it/s, est. speed input: 0.00 toks/s, output: 0.00 toks/s]Processed prompts: 100%|â–ˆâ–ˆâ–ˆâ–ˆâ–ˆâ–ˆâ–ˆâ–ˆâ–ˆâ–ˆ| 1/1 [00:07<00:00,  7.10s/it, est. speed input: 93.75 toks/s, output: 78.41 toks/s]Processed prompts: 100%|â–ˆâ–ˆâ–ˆâ–ˆâ–ˆâ–ˆâ–ˆâ–ˆâ–ˆâ–ˆ| 1/1 [00:07<00:00,  7.10s/it, est. speed input: 93.75 toks/s, output: 78.41 toks/s]
Prolog output: B
Completed sample logical_deduction_734 (iteration 208) for method prolog_no_fs
Processing sample logical_deduction_818 (iteration 209) for method prolog_no_fs
Generating without LoRA
Processed prompts:   0%|          | 0/1 [00:00<?, ?it/s, est. speed input: 0.00 toks/s, output: 0.00 toks/s]Processed prompts: 100%|â–ˆâ–ˆâ–ˆâ–ˆâ–ˆâ–ˆâ–ˆâ–ˆâ–ˆâ–ˆ| 1/1 [00:08<00:00,  8.76s/it, est. speed input: 81.16 toks/s, output: 78.42 toks/s]Processed prompts: 100%|â–ˆâ–ˆâ–ˆâ–ˆâ–ˆâ–ˆâ–ˆâ–ˆâ–ˆâ–ˆ| 1/1 [00:08<00:00,  8.76s/it, est. speed input: 81.16 toks/s, output: 78.42 toks/s]
Prolog output: Error (invalid answer)
Completed sample logical_deduction_818 (iteration 209) for method prolog_no_fs
Processing sample logical_deduction_716 (iteration 210) for method prolog_no_fs
Generating without LoRA
Processed prompts:   0%|          | 0/1 [00:00<?, ?it/s, est. speed input: 0.00 toks/s, output: 0.00 toks/s]Processed prompts: 100%|â–ˆâ–ˆâ–ˆâ–ˆâ–ˆâ–ˆâ–ˆâ–ˆâ–ˆâ–ˆ| 1/1 [00:07<00:00,  7.17s/it, est. speed input: 93.63 toks/s, output: 78.42 toks/s]Processed prompts: 100%|â–ˆâ–ˆâ–ˆâ–ˆâ–ˆâ–ˆâ–ˆâ–ˆâ–ˆâ–ˆ| 1/1 [00:07<00:00,  7.17s/it, est. speed input: 93.63 toks/s, output: 78.42 toks/s]
Warning: /scratch/s5112583/thesis/RL/prolog_code/overwritten_code.pl:21:
Warning:    Singleton variables: [Len]
Warning: /scratch/s5112583/thesis/RL/prolog_code/overwritten_code.pl:23:
Warning:    Singleton variables: [Len]
Warning: /scratch/s5112583/thesis/RL/prolog_code/overwritten_code.pl:25:
Warning:    Singleton variables: [Len]
Warning: /scratch/s5112583/thesis/RL/prolog_code/overwritten_code.pl:26:
Warning:    Singleton variables: [Len]
Warning: /scratch/s5112583/thesis/RL/prolog_code/overwritten_code.pl:28:
Warning:    Singleton variables: [Len]
Warning: /scratch/s5112583/thesis/RL/prolog_code/overwritten_code.pl:30:
Warning:    Singleton variables: [Len]
Warning: /scratch/s5112583/thesis/RL/prolog_code/overwritten_code.pl:31:
Warning:    Singleton variables: [Len]
Prolog output: B
Completed sample logical_deduction_716 (iteration 210) for method prolog_no_fs
Processing sample logical_deduction_919 (iteration 211) for method prolog_no_fs
Generating without LoRA
Processed prompts:   0%|          | 0/1 [00:00<?, ?it/s, est. speed input: 0.00 toks/s, output: 0.00 toks/s]Processed prompts: 100%|â–ˆâ–ˆâ–ˆâ–ˆâ–ˆâ–ˆâ–ˆâ–ˆâ–ˆâ–ˆ| 1/1 [00:09<00:00,  9.45s/it, est. speed input: 77.76 toks/s, output: 78.50 toks/s]Processed prompts: 100%|â–ˆâ–ˆâ–ˆâ–ˆâ–ˆâ–ˆâ–ˆâ–ˆâ–ˆâ–ˆ| 1/1 [00:09<00:00,  9.45s/it, est. speed input: 77.76 toks/s, output: 78.50 toks/s]
Prolog output: Error (invalid answer)
Completed sample logical_deduction_919 (iteration 211) for method prolog_no_fs
Processing sample logical_deduction_707 (iteration 212) for method prolog_no_fs
Generating without LoRA
Processed prompts:   0%|          | 0/1 [00:00<?, ?it/s, est. speed input: 0.00 toks/s, output: 0.00 toks/s]Processed prompts: 100%|â–ˆâ–ˆâ–ˆâ–ˆâ–ˆâ–ˆâ–ˆâ–ˆâ–ˆâ–ˆ| 1/1 [00:08<00:00,  8.62s/it, est. speed input: 85.53 toks/s, output: 78.45 toks/s]Processed prompts: 100%|â–ˆâ–ˆâ–ˆâ–ˆâ–ˆâ–ˆâ–ˆâ–ˆâ–ˆâ–ˆ| 1/1 [00:08<00:00,  8.62s/it, est. speed input: 85.53 toks/s, output: 78.45 toks/s]
Prolog output: E
Completed sample logical_deduction_707 (iteration 212) for method prolog_no_fs
Processing sample logical_deduction_527 (iteration 213) for method prolog_no_fs
Generating without LoRA
Processed prompts:   0%|          | 0/1 [00:00<?, ?it/s, est. speed input: 0.00 toks/s, output: 0.00 toks/s]Processed prompts: 100%|â–ˆâ–ˆâ–ˆâ–ˆâ–ˆâ–ˆâ–ˆâ–ˆâ–ˆâ–ˆ| 1/1 [00:08<00:00,  8.74s/it, est. speed input: 83.74 toks/s, output: 78.48 toks/s]Processed prompts: 100%|â–ˆâ–ˆâ–ˆâ–ˆâ–ˆâ–ˆâ–ˆâ–ˆâ–ˆâ–ˆ| 1/1 [00:08<00:00,  8.74s/it, est. speed input: 83.74 toks/s, output: 78.48 toks/s]
Prolog output: Error: Caused by: 'solve(Answer)'. Returned: 'error(type_error(integer, +(6, 1)), _28)'.
Completed sample logical_deduction_527 (iteration 213) for method prolog_no_fs
Processing sample logical_deduction_234 (iteration 214) for method prolog_no_fs
Generating without LoRA
Processed prompts:   0%|          | 0/1 [00:00<?, ?it/s, est. speed input: 0.00 toks/s, output: 0.00 toks/s]Processed prompts: 100%|â–ˆâ–ˆâ–ˆâ–ˆâ–ˆâ–ˆâ–ˆâ–ˆâ–ˆâ–ˆ| 1/1 [00:09<00:00,  9.04s/it, est. speed input: 81.11 toks/s, output: 78.45 toks/s]Processed prompts: 100%|â–ˆâ–ˆâ–ˆâ–ˆâ–ˆâ–ˆâ–ˆâ–ˆâ–ˆâ–ˆ| 1/1 [00:09<00:00,  9.04s/it, est. speed input: 81.11 toks/s, output: 78.45 toks/s]
Prolog output: Error (invalid answer)
Completed sample logical_deduction_234 (iteration 214) for method prolog_no_fs
Processing sample logical_deduction_178 (iteration 215) for method prolog_no_fs
Generating without LoRA
Processed prompts:   0%|          | 0/1 [00:00<?, ?it/s, est. speed input: 0.00 toks/s, output: 0.00 toks/s]Processed prompts: 100%|â–ˆâ–ˆâ–ˆâ–ˆâ–ˆâ–ˆâ–ˆâ–ˆâ–ˆâ–ˆ| 1/1 [00:07<00:00,  7.46s/it, est. speed input: 87.96 toks/s, output: 78.44 toks/s]Processed prompts: 100%|â–ˆâ–ˆâ–ˆâ–ˆâ–ˆâ–ˆâ–ˆâ–ˆâ–ˆâ–ˆ| 1/1 [00:07<00:00,  7.46s/it, est. speed input: 87.96 toks/s, output: 78.44 toks/s]
Prolog output: Error (invalid answer)
Completed sample logical_deduction_178 (iteration 215) for method prolog_no_fs
Processing sample logical_deduction_738 (iteration 216) for method prolog_no_fs
Generating without LoRA
Processed prompts:   0%|          | 0/1 [00:00<?, ?it/s, est. speed input: 0.00 toks/s, output: 0.00 toks/s]Processed prompts: 100%|â–ˆâ–ˆâ–ˆâ–ˆâ–ˆâ–ˆâ–ˆâ–ˆâ–ˆâ–ˆ| 1/1 [00:08<00:00,  8.67s/it, est. speed input: 75.30 toks/s, output: 77.72 toks/s]Processed prompts: 100%|â–ˆâ–ˆâ–ˆâ–ˆâ–ˆâ–ˆâ–ˆâ–ˆâ–ˆâ–ˆ| 1/1 [00:08<00:00,  8.67s/it, est. speed input: 75.30 toks/s, output: 77.72 toks/s]
Prolog output: Error: Caused by: 'solve(Answer)'. Returned: 'error(type_error(integer, -(4, 1)), _4694)'.
Completed sample logical_deduction_738 (iteration 216) for method prolog_no_fs
Processing sample logical_deduction_471 (iteration 217) for method prolog_no_fs
Generating without LoRA
Processed prompts:   0%|          | 0/1 [00:00<?, ?it/s, est. speed input: 0.00 toks/s, output: 0.00 toks/s]Processed prompts: 100%|â–ˆâ–ˆâ–ˆâ–ˆâ–ˆâ–ˆâ–ˆâ–ˆâ–ˆâ–ˆ| 1/1 [00:08<00:00,  8.97s/it, est. speed input: 82.26 toks/s, output: 78.03 toks/s]Processed prompts: 100%|â–ˆâ–ˆâ–ˆâ–ˆâ–ˆâ–ˆâ–ˆâ–ˆâ–ˆâ–ˆ| 1/1 [00:08<00:00,  8.97s/it, est. speed input: 82.26 toks/s, output: 78.03 toks/s]
Prolog output: Error (invalid answer)
Completed sample logical_deduction_471 (iteration 217) for method prolog_no_fs
Processing sample logical_deduction_841 (iteration 218) for method prolog_no_fs
Generating without LoRA
Processed prompts:   0%|          | 0/1 [00:00<?, ?it/s, est. speed input: 0.00 toks/s, output: 0.00 toks/s]Processed prompts: 100%|â–ˆâ–ˆâ–ˆâ–ˆâ–ˆâ–ˆâ–ˆâ–ˆâ–ˆâ–ˆ| 1/1 [00:08<00:00,  8.68s/it, est. speed input: 84.03 toks/s, output: 78.38 toks/s]Processed prompts: 100%|â–ˆâ–ˆâ–ˆâ–ˆâ–ˆâ–ˆâ–ˆâ–ˆâ–ˆâ–ˆ| 1/1 [00:08<00:00,  8.68s/it, est. speed input: 84.03 toks/s, output: 78.38 toks/s]
Prolog output: Error (invalid answer)
Completed sample logical_deduction_841 (iteration 218) for method prolog_no_fs
Processing sample logical_deduction_772 (iteration 219) for method prolog_no_fs
Generating without LoRA
Processed prompts:   0%|          | 0/1 [00:00<?, ?it/s, est. speed input: 0.00 toks/s, output: 0.00 toks/s]Processed prompts: 100%|â–ˆâ–ˆâ–ˆâ–ˆâ–ˆâ–ˆâ–ˆâ–ˆâ–ˆâ–ˆ| 1/1 [00:07<00:00,  7.69s/it, est. speed input: 87.16 toks/s, output: 78.44 toks/s]Processed prompts: 100%|â–ˆâ–ˆâ–ˆâ–ˆâ–ˆâ–ˆâ–ˆâ–ˆâ–ˆâ–ˆ| 1/1 [00:07<00:00,  7.69s/it, est. speed input: 87.16 toks/s, output: 78.44 toks/s]
Prolog output: Error: Caused by: 'solve(Answer)'. Returned: 'error(type_error(integer, -(_38, 1)), _28)'.
Completed sample logical_deduction_772 (iteration 219) for method prolog_no_fs
Processing sample logical_deduction_601 (iteration 220) for method prolog_no_fs
Generating without LoRA
Processed prompts:   0%|          | 0/1 [00:00<?, ?it/s, est. speed input: 0.00 toks/s, output: 0.00 toks/s]Processed prompts: 100%|â–ˆâ–ˆâ–ˆâ–ˆâ–ˆâ–ˆâ–ˆâ–ˆâ–ˆâ–ˆ| 1/1 [00:09<00:00,  9.01s/it, est. speed input: 79.49 toks/s, output: 78.49 toks/s]Processed prompts: 100%|â–ˆâ–ˆâ–ˆâ–ˆâ–ˆâ–ˆâ–ˆâ–ˆâ–ˆâ–ˆ| 1/1 [00:09<00:00,  9.01s/it, est. speed input: 79.49 toks/s, output: 78.49 toks/s]
Prolog output: Error (invalid answer)
Completed sample logical_deduction_601 (iteration 220) for method prolog_no_fs
Processing sample logical_deduction_951 (iteration 221) for method prolog_no_fs
Generating without LoRA
Processed prompts:   0%|          | 0/1 [00:00<?, ?it/s, est. speed input: 0.00 toks/s, output: 0.00 toks/s]Processed prompts: 100%|â–ˆâ–ˆâ–ˆâ–ˆâ–ˆâ–ˆâ–ˆâ–ˆâ–ˆâ–ˆ| 1/1 [00:09<00:00,  9.04s/it, est. speed input: 81.01 toks/s, output: 78.46 toks/s]Processed prompts: 100%|â–ˆâ–ˆâ–ˆâ–ˆâ–ˆâ–ˆâ–ˆâ–ˆâ–ˆâ–ˆ| 1/1 [00:09<00:00,  9.04s/it, est. speed input: 81.01 toks/s, output: 78.46 toks/s]
Prolog output: Error (invalid answer)
Completed sample logical_deduction_951 (iteration 221) for method prolog_no_fs
Processing sample logical_deduction_932 (iteration 222) for method prolog_no_fs
Generating without LoRA
Processed prompts:   0%|          | 0/1 [00:00<?, ?it/s, est. speed input: 0.00 toks/s, output: 0.00 toks/s]Processed prompts: 100%|â–ˆâ–ˆâ–ˆâ–ˆâ–ˆâ–ˆâ–ˆâ–ˆâ–ˆâ–ˆ| 1/1 [00:08<00:00,  8.68s/it, est. speed input: 84.65 toks/s, output: 78.43 toks/s]Processed prompts: 100%|â–ˆâ–ˆâ–ˆâ–ˆâ–ˆâ–ˆâ–ˆâ–ˆâ–ˆâ–ˆ| 1/1 [00:08<00:00,  8.68s/it, est. speed input: 84.65 toks/s, output: 78.43 toks/s]
Prolog output: Error (invalid answer)
Completed sample logical_deduction_932 (iteration 222) for method prolog_no_fs
Processing sample logical_deduction_401 (iteration 223) for method prolog_no_fs
Generating without LoRA
Processed prompts:   0%|          | 0/1 [00:00<?, ?it/s, est. speed input: 0.00 toks/s, output: 0.00 toks/s]Processed prompts: 100%|â–ˆâ–ˆâ–ˆâ–ˆâ–ˆâ–ˆâ–ˆâ–ˆâ–ˆâ–ˆ| 1/1 [00:12<00:00, 12.02s/it, est. speed input: 61.38 toks/s, output: 77.60 toks/s]Processed prompts: 100%|â–ˆâ–ˆâ–ˆâ–ˆâ–ˆâ–ˆâ–ˆâ–ˆâ–ˆâ–ˆ| 1/1 [00:12<00:00, 12.02s/it, est. speed input: 61.38 toks/s, output: 77.60 toks/s]
Prolog output: Error (invalid answer)
Completed sample logical_deduction_401 (iteration 223) for method prolog_no_fs
Processing sample logical_deduction_233 (iteration 224) for method prolog_no_fs
Generating without LoRA
Processed prompts:   0%|          | 0/1 [00:00<?, ?it/s, est. speed input: 0.00 toks/s, output: 0.00 toks/s]Processed prompts: 100%|â–ˆâ–ˆâ–ˆâ–ˆâ–ˆâ–ˆâ–ˆâ–ˆâ–ˆâ–ˆ| 1/1 [00:08<00:00,  8.67s/it, est. speed input: 85.13 toks/s, output: 78.44 toks/s]Processed prompts: 100%|â–ˆâ–ˆâ–ˆâ–ˆâ–ˆâ–ˆâ–ˆâ–ˆâ–ˆâ–ˆ| 1/1 [00:08<00:00,  8.67s/it, est. speed input: 85.13 toks/s, output: 78.44 toks/s]
Prolog output: Error (invalid answer)
Completed sample logical_deduction_233 (iteration 224) for method prolog_no_fs
Processing sample logical_deduction_445 (iteration 225) for method prolog_no_fs
Generating without LoRA
Processed prompts:   0%|          | 0/1 [00:00<?, ?it/s, est. speed input: 0.00 toks/s, output: 0.00 toks/s]Processed prompts: 100%|â–ˆâ–ˆâ–ˆâ–ˆâ–ˆâ–ˆâ–ˆâ–ˆâ–ˆâ–ˆ| 1/1 [00:08<00:00,  8.42s/it, est. speed input: 86.44 toks/s, output: 78.36 toks/s]Processed prompts: 100%|â–ˆâ–ˆâ–ˆâ–ˆâ–ˆâ–ˆâ–ˆâ–ˆâ–ˆâ–ˆ| 1/1 [00:08<00:00,  8.42s/it, est. speed input: 86.44 toks/s, output: 78.36 toks/s]
Prolog output: Error (invalid answer)
Completed sample logical_deduction_445 (iteration 225) for method prolog_no_fs
Processing sample logical_deduction_660 (iteration 226) for method prolog_no_fs
Generating without LoRA
Processed prompts:   0%|          | 0/1 [00:00<?, ?it/s, est. speed input: 0.00 toks/s, output: 0.00 toks/s]Processed prompts: 100%|â–ˆâ–ˆâ–ˆâ–ˆâ–ˆâ–ˆâ–ˆâ–ˆâ–ˆâ–ˆ| 1/1 [00:06<00:00,  6.75s/it, est. speed input: 110.59 toks/s, output: 78.27 toks/s]Processed prompts: 100%|â–ˆâ–ˆâ–ˆâ–ˆâ–ˆâ–ˆâ–ˆâ–ˆâ–ˆâ–ˆ| 1/1 [00:06<00:00,  6.75s/it, est. speed input: 110.59 toks/s, output: 78.27 toks/s]
Prolog output: Error (invalid answer)
Completed sample logical_deduction_660 (iteration 226) for method prolog_no_fs
Processing sample logical_deduction_594 (iteration 227) for method prolog_no_fs
Generating without LoRA
Processed prompts:   0%|          | 0/1 [00:00<?, ?it/s, est. speed input: 0.00 toks/s, output: 0.00 toks/s]Processed prompts: 100%|â–ˆâ–ˆâ–ˆâ–ˆâ–ˆâ–ˆâ–ˆâ–ˆâ–ˆâ–ˆ| 1/1 [00:08<00:00,  8.96s/it, est. speed input: 82.78 toks/s, output: 78.43 toks/s]Processed prompts: 100%|â–ˆâ–ˆâ–ˆâ–ˆâ–ˆâ–ˆâ–ˆâ–ˆâ–ˆâ–ˆ| 1/1 [00:08<00:00,  8.96s/it, est. speed input: 82.78 toks/s, output: 78.43 toks/s]
Warning: /scratch/s5112583/thesis/RL/prolog_code/overwritten_code.pl:20:
Warning:    Singleton variables: [Len]
Warning: /scratch/s5112583/thesis/RL/prolog_code/overwritten_code.pl:21:
Warning:    Singleton variables: [Len]
Warning: /scratch/s5112583/thesis/RL/prolog_code/overwritten_code.pl:23:
Warning:    Singleton variables: [Len]
Warning: /scratch/s5112583/thesis/RL/prolog_code/overwritten_code.pl:27:
Warning:    Singleton variables: [Len]
Warning: /scratch/s5112583/thesis/RL/prolog_code/overwritten_code.pl:28:
Warning:    Singleton variables: [Len]
Warning: /scratch/s5112583/thesis/RL/prolog_code/overwritten_code.pl:29:
Warning:    Singleton variables: [Len]
Warning: /scratch/s5112583/thesis/RL/prolog_code/overwritten_code.pl:30:
Warning:    Singleton variables: [Len]
Warning: /scratch/s5112583/thesis/RL/prolog_code/overwritten_code.pl:31:
Warning:    Singleton variables: [Len]
Warning: /scratch/s5112583/thesis/RL/prolog_code/overwritten_code.pl:32:
Warning:    Singleton variables: [Len]
Warning: /scratch/s5112583/thesis/RL/prolog_code/overwritten_code.pl:33:
Warning:    Singleton variables: [Len]
Prolog output: Error: Caused by: 'solve(Answer)'. Returned: 'error(type_error(integer, -(_38, 2)), _28)'.
Completed sample logical_deduction_594 (iteration 227) for method prolog_no_fs
Processing sample logical_deduction_130 (iteration 228) for method prolog_no_fs
Generating without LoRA
Processed prompts:   0%|          | 0/1 [00:00<?, ?it/s, est. speed input: 0.00 toks/s, output: 0.00 toks/s]Processed prompts: 100%|â–ˆâ–ˆâ–ˆâ–ˆâ–ˆâ–ˆâ–ˆâ–ˆâ–ˆâ–ˆ| 1/1 [00:08<00:00,  8.70s/it, est. speed input: 83.13 toks/s, output: 78.41 toks/s]Processed prompts: 100%|â–ˆâ–ˆâ–ˆâ–ˆâ–ˆâ–ˆâ–ˆâ–ˆâ–ˆâ–ˆ| 1/1 [00:08<00:00,  8.70s/it, est. speed input: 83.13 toks/s, output: 78.41 toks/s]
Prolog output: Error: Caused by: 'solve(Answer)'. Returned: 'error(existence_error(procedure, /(nth4, 2)), context(/(solve, 1), _1686))'.
Completed sample logical_deduction_130 (iteration 228) for method prolog_no_fs
Processing sample logical_deduction_794 (iteration 229) for method prolog_no_fs
Generating without LoRA
Processed prompts:   0%|          | 0/1 [00:00<?, ?it/s, est. speed input: 0.00 toks/s, output: 0.00 toks/s]Processed prompts: 100%|â–ˆâ–ˆâ–ˆâ–ˆâ–ˆâ–ˆâ–ˆâ–ˆâ–ˆâ–ˆ| 1/1 [00:08<00:00,  8.89s/it, est. speed input: 79.66 toks/s, output: 78.42 toks/s]Processed prompts: 100%|â–ˆâ–ˆâ–ˆâ–ˆâ–ˆâ–ˆâ–ˆâ–ˆâ–ˆâ–ˆ| 1/1 [00:08<00:00,  8.89s/it, est. speed input: 79.66 toks/s, output: 78.42 toks/s]
Prolog output: Error (invalid answer)
Completed sample logical_deduction_794 (iteration 229) for method prolog_no_fs
Processing sample logical_deduction_518 (iteration 230) for method prolog_no_fs
Generating without LoRA
Processed prompts:   0%|          | 0/1 [00:00<?, ?it/s, est. speed input: 0.00 toks/s, output: 0.00 toks/s]Processed prompts: 100%|â–ˆâ–ˆâ–ˆâ–ˆâ–ˆâ–ˆâ–ˆâ–ˆâ–ˆâ–ˆ| 1/1 [00:09<00:00,  9.44s/it, est. speed input: 77.77 toks/s, output: 78.40 toks/s]Processed prompts: 100%|â–ˆâ–ˆâ–ˆâ–ˆâ–ˆâ–ˆâ–ˆâ–ˆâ–ˆâ–ˆ| 1/1 [00:09<00:00,  9.44s/it, est. speed input: 77.77 toks/s, output: 78.40 toks/s]
Prolog output: Error (invalid answer)
Completed sample logical_deduction_518 (iteration 230) for method prolog_no_fs
Processing sample logical_deduction_923 (iteration 231) for method prolog_no_fs
Generating without LoRA
Processed prompts:   0%|          | 0/1 [00:00<?, ?it/s, est. speed input: 0.00 toks/s, output: 0.00 toks/s]Processed prompts: 100%|â–ˆâ–ˆâ–ˆâ–ˆâ–ˆâ–ˆâ–ˆâ–ˆâ–ˆâ–ˆ| 1/1 [00:09<00:00,  9.18s/it, est. speed input: 76.83 toks/s, output: 78.47 toks/s]Processed prompts: 100%|â–ˆâ–ˆâ–ˆâ–ˆâ–ˆâ–ˆâ–ˆâ–ˆâ–ˆâ–ˆ| 1/1 [00:09<00:00,  9.18s/it, est. speed input: 76.83 toks/s, output: 78.47 toks/s]
Prolog output: Error: Caused by: 'solve(Answer)'. Returned: 'error(type_error(integer, -(7, 1)), _6362)'.
Completed sample logical_deduction_923 (iteration 231) for method prolog_no_fs
Processing sample logical_deduction_160 (iteration 232) for method prolog_no_fs
Generating without LoRA
Processed prompts:   0%|          | 0/1 [00:00<?, ?it/s, est. speed input: 0.00 toks/s, output: 0.00 toks/s]Processed prompts: 100%|â–ˆâ–ˆâ–ˆâ–ˆâ–ˆâ–ˆâ–ˆâ–ˆâ–ˆâ–ˆ| 1/1 [00:08<00:00,  8.64s/it, est. speed input: 83.07 toks/s, output: 78.45 toks/s]Processed prompts: 100%|â–ˆâ–ˆâ–ˆâ–ˆâ–ˆâ–ˆâ–ˆâ–ˆâ–ˆâ–ˆ| 1/1 [00:08<00:00,  8.64s/it, est. speed input: 83.07 toks/s, output: 78.45 toks/s]
Warning: /scratch/s5112583/thesis/RL/prolog_code/overwritten_code.pl:20:
Warning:    Singleton variables: [Len]
Warning: /scratch/s5112583/thesis/RL/prolog_code/overwritten_code.pl:23:
Warning:    Singleton variables: [Len]
Warning: /scratch/s5112583/thesis/RL/prolog_code/overwritten_code.pl:24:
Warning:    Singleton variables: [Len]
Warning: /scratch/s5112583/thesis/RL/prolog_code/overwritten_code.pl:27:
Warning:    Singleton variables: [Len]
Warning: /scratch/s5112583/thesis/RL/prolog_code/overwritten_code.pl:30:
Warning:    Singleton variables: [Len]
Warning: /scratch/s5112583/thesis/RL/prolog_code/overwritten_code.pl:32:
Warning:    Singleton variables: [Len]
Prolog output: Error: Caused by: 'solve(Answer)'. Returned: 'error(type_error(integer, -(_38, 2)), _28)'.
Completed sample logical_deduction_160 (iteration 232) for method prolog_no_fs
Processing sample logical_deduction_846 (iteration 233) for method prolog_no_fs
Generating without LoRA
Processed prompts:   0%|          | 0/1 [00:00<?, ?it/s, est. speed input: 0.00 toks/s, output: 0.00 toks/s]Processed prompts: 100%|â–ˆâ–ˆâ–ˆâ–ˆâ–ˆâ–ˆâ–ˆâ–ˆâ–ˆâ–ˆ| 1/1 [00:08<00:00,  8.89s/it, est. speed input: 81.71 toks/s, output: 78.44 toks/s]Processed prompts: 100%|â–ˆâ–ˆâ–ˆâ–ˆâ–ˆâ–ˆâ–ˆâ–ˆâ–ˆâ–ˆ| 1/1 [00:08<00:00,  8.89s/it, est. speed input: 81.71 toks/s, output: 78.44 toks/s]
Prolog output: Error (invalid answer)
Completed sample logical_deduction_846 (iteration 233) for method prolog_no_fs
Processing sample logical_deduction_721 (iteration 234) for method prolog_no_fs
Generating without LoRA
Processed prompts:   0%|          | 0/1 [00:00<?, ?it/s, est. speed input: 0.00 toks/s, output: 0.00 toks/s]Processed prompts: 100%|â–ˆâ–ˆâ–ˆâ–ˆâ–ˆâ–ˆâ–ˆâ–ˆâ–ˆâ–ˆ| 1/1 [00:09<00:00,  9.26s/it, est. speed input: 79.72 toks/s, output: 78.42 toks/s]Processed prompts: 100%|â–ˆâ–ˆâ–ˆâ–ˆâ–ˆâ–ˆâ–ˆâ–ˆâ–ˆâ–ˆ| 1/1 [00:09<00:00,  9.26s/it, est. speed input: 79.72 toks/s, output: 78.42 toks/s]
Prolog output: Error (invalid answer)
Completed sample logical_deduction_721 (iteration 234) for method prolog_no_fs
Processing sample logical_deduction_753 (iteration 235) for method prolog_no_fs
Generating without LoRA
Processed prompts:   0%|          | 0/1 [00:00<?, ?it/s, est. speed input: 0.00 toks/s, output: 0.00 toks/s]Processed prompts: 100%|â–ˆâ–ˆâ–ˆâ–ˆâ–ˆâ–ˆâ–ˆâ–ˆâ–ˆâ–ˆ| 1/1 [00:07<00:00,  7.46s/it, est. speed input: 87.16 toks/s, output: 78.45 toks/s]Processed prompts: 100%|â–ˆâ–ˆâ–ˆâ–ˆâ–ˆâ–ˆâ–ˆâ–ˆâ–ˆâ–ˆ| 1/1 [00:07<00:00,  7.46s/it, est. speed input: 87.16 toks/s, output: 78.45 toks/s]
Prolog output: Error (invalid answer)
Completed sample logical_deduction_753 (iteration 235) for method prolog_no_fs
Processing sample logical_deduction_844 (iteration 236) for method prolog_no_fs
Generating without LoRA
Processed prompts:   0%|          | 0/1 [00:00<?, ?it/s, est. speed input: 0.00 toks/s, output: 0.00 toks/s]Processed prompts: 100%|â–ˆâ–ˆâ–ˆâ–ˆâ–ˆâ–ˆâ–ˆâ–ˆâ–ˆâ–ˆ| 1/1 [00:09<00:00,  9.95s/it, est. speed input: 73.04 toks/s, output: 78.46 toks/s]Processed prompts: 100%|â–ˆâ–ˆâ–ˆâ–ˆâ–ˆâ–ˆâ–ˆâ–ˆâ–ˆâ–ˆ| 1/1 [00:09<00:00,  9.95s/it, est. speed input: 73.04 toks/s, output: 78.46 toks/s]
Prolog output: Error (invalid answer)
Completed sample logical_deduction_844 (iteration 236) for method prolog_no_fs
Processing sample logical_deduction_150 (iteration 237) for method prolog_no_fs
Generating without LoRA
Processed prompts:   0%|          | 0/1 [00:00<?, ?it/s, est. speed input: 0.00 toks/s, output: 0.00 toks/s]Processed prompts: 100%|â–ˆâ–ˆâ–ˆâ–ˆâ–ˆâ–ˆâ–ˆâ–ˆâ–ˆâ–ˆ| 1/1 [00:07<00:00,  7.59s/it, est. speed input: 86.57 toks/s, output: 78.40 toks/s]Processed prompts: 100%|â–ˆâ–ˆâ–ˆâ–ˆâ–ˆâ–ˆâ–ˆâ–ˆâ–ˆâ–ˆ| 1/1 [00:07<00:00,  7.59s/it, est. speed input: 86.57 toks/s, output: 78.40 toks/s]
Warning: /scratch/s5112583/thesis/RL/prolog_code/overwritten_code.pl:22:
Warning:    Singleton variables: [Len]
Warning: /scratch/s5112583/thesis/RL/prolog_code/overwritten_code.pl:24:
Warning:    Singleton variables: [Len]
Prolog output: Error: Caused by: 'solve(Answer)'. Returned: 'error(type_error(integer, -(7, 2)), _28)'.
Completed sample logical_deduction_150 (iteration 237) for method prolog_no_fs
Processing sample logical_deduction_511 (iteration 238) for method prolog_no_fs
Generating without LoRA
Processed prompts:   0%|          | 0/1 [00:00<?, ?it/s, est. speed input: 0.00 toks/s, output: 0.00 toks/s]Processed prompts: 100%|â–ˆâ–ˆâ–ˆâ–ˆâ–ˆâ–ˆâ–ˆâ–ˆâ–ˆâ–ˆ| 1/1 [00:10<00:00, 10.17s/it, est. speed input: 72.15 toks/s, output: 78.44 toks/s]Processed prompts: 100%|â–ˆâ–ˆâ–ˆâ–ˆâ–ˆâ–ˆâ–ˆâ–ˆâ–ˆâ–ˆ| 1/1 [00:10<00:00, 10.17s/it, est. speed input: 72.15 toks/s, output: 78.44 toks/s]
Prolog output: Error: Caused by: 'solve(Answer)'. Returned: 'error(existence_error(procedure, /(nth4, 2)), context(/(solve, 1), _1682))'.
Completed sample logical_deduction_511 (iteration 238) for method prolog_no_fs
Processing sample logical_deduction_439 (iteration 239) for method prolog_no_fs
Generating without LoRA
Processed prompts:   0%|          | 0/1 [00:00<?, ?it/s, est. speed input: 0.00 toks/s, output: 0.00 toks/s]Processed prompts: 100%|â–ˆâ–ˆâ–ˆâ–ˆâ–ˆâ–ˆâ–ˆâ–ˆâ–ˆâ–ˆ| 1/1 [00:08<00:00,  8.80s/it, est. speed input: 76.45 toks/s, output: 78.49 toks/s]Processed prompts: 100%|â–ˆâ–ˆâ–ˆâ–ˆâ–ˆâ–ˆâ–ˆâ–ˆâ–ˆâ–ˆ| 1/1 [00:08<00:00,  8.80s/it, est. speed input: 76.45 toks/s, output: 78.49 toks/s]
Prolog output: Error: Caused by: 'solve(Answer)'. Returned: 'error(type_error(integer, -(3, 2)), _3358)'.
Completed sample logical_deduction_439 (iteration 239) for method prolog_no_fs
Processing sample logical_deduction_1125 (iteration 240) for method prolog_no_fs
Generating without LoRA
Processed prompts:   0%|          | 0/1 [00:00<?, ?it/s, est. speed input: 0.00 toks/s, output: 0.00 toks/s]Processed prompts: 100%|â–ˆâ–ˆâ–ˆâ–ˆâ–ˆâ–ˆâ–ˆâ–ˆâ–ˆâ–ˆ| 1/1 [00:03<00:00,  3.45s/it, est. speed input: 178.33 toks/s, output: 77.71 toks/s]Processed prompts: 100%|â–ˆâ–ˆâ–ˆâ–ˆâ–ˆâ–ˆâ–ˆâ–ˆâ–ˆâ–ˆ| 1/1 [00:03<00:00,  3.45s/it, est. speed input: 178.33 toks/s, output: 77.71 toks/s]
Prolog output: Error (invalid answer)
Completed sample logical_deduction_1125 (iteration 240) for method prolog_no_fs
Processing sample logical_deduction_244 (iteration 241) for method prolog_no_fs
Generating without LoRA
Processed prompts:   0%|          | 0/1 [00:00<?, ?it/s, est. speed input: 0.00 toks/s, output: 0.00 toks/s]Processed prompts: 100%|â–ˆâ–ˆâ–ˆâ–ˆâ–ˆâ–ˆâ–ˆâ–ˆâ–ˆâ–ˆ| 1/1 [00:03<00:00,  3.53s/it, est. speed input: 175.88 toks/s, output: 77.73 toks/s]Processed prompts: 100%|â–ˆâ–ˆâ–ˆâ–ˆâ–ˆâ–ˆâ–ˆâ–ˆâ–ˆâ–ˆ| 1/1 [00:03<00:00,  3.53s/it, est. speed input: 175.88 toks/s, output: 77.73 toks/s]
Prolog output: Error (invalid answer)
Completed sample logical_deduction_244 (iteration 241) for method prolog_no_fs
Processing sample logical_deduction_1191 (iteration 242) for method prolog_no_fs
Generating without LoRA
Processed prompts:   0%|          | 0/1 [00:00<?, ?it/s, est. speed input: 0.00 toks/s, output: 0.00 toks/s]Processed prompts: 100%|â–ˆâ–ˆâ–ˆâ–ˆâ–ˆâ–ˆâ–ˆâ–ˆâ–ˆâ–ˆ| 1/1 [00:03<00:00,  3.45s/it, est. speed input: 182.08 toks/s, output: 77.70 toks/s]Processed prompts: 100%|â–ˆâ–ˆâ–ˆâ–ˆâ–ˆâ–ˆâ–ˆâ–ˆâ–ˆâ–ˆ| 1/1 [00:03<00:00,  3.45s/it, est. speed input: 182.08 toks/s, output: 77.70 toks/s]
Prolog output: C
Completed sample logical_deduction_1191 (iteration 242) for method prolog_no_fs
Processing sample logical_deduction_984 (iteration 243) for method prolog_no_fs
Generating without LoRA
Processed prompts:   0%|          | 0/1 [00:00<?, ?it/s, est. speed input: 0.00 toks/s, output: 0.00 toks/s]Processed prompts: 100%|â–ˆâ–ˆâ–ˆâ–ˆâ–ˆâ–ˆâ–ˆâ–ˆâ–ˆâ–ˆ| 1/1 [00:03<00:00,  3.21s/it, est. speed input: 187.70 toks/s, output: 77.64 toks/s]Processed prompts: 100%|â–ˆâ–ˆâ–ˆâ–ˆâ–ˆâ–ˆâ–ˆâ–ˆâ–ˆâ–ˆ| 1/1 [00:03<00:00,  3.21s/it, est. speed input: 187.70 toks/s, output: 77.64 toks/s]
Prolog output: A
Completed sample logical_deduction_984 (iteration 243) for method prolog_no_fs
Processing sample logical_deduction_1120 (iteration 244) for method prolog_no_fs
Generating without LoRA
Processed prompts:   0%|          | 0/1 [00:00<?, ?it/s, est. speed input: 0.00 toks/s, output: 0.00 toks/s]Processed prompts: 100%|â–ˆâ–ˆâ–ˆâ–ˆâ–ˆâ–ˆâ–ˆâ–ˆâ–ˆâ–ˆ| 1/1 [00:03<00:00,  3.66s/it, est. speed input: 170.91 toks/s, output: 77.81 toks/s]Processed prompts: 100%|â–ˆâ–ˆâ–ˆâ–ˆâ–ˆâ–ˆâ–ˆâ–ˆâ–ˆâ–ˆ| 1/1 [00:03<00:00,  3.66s/it, est. speed input: 170.91 toks/s, output: 77.81 toks/s]
Prolog output: A
Completed sample logical_deduction_1120 (iteration 244) for method prolog_no_fs
Processing sample logical_deduction_995 (iteration 245) for method prolog_no_fs
Generating without LoRA
Processed prompts:   0%|          | 0/1 [00:00<?, ?it/s, est. speed input: 0.00 toks/s, output: 0.00 toks/s]Processed prompts: 100%|â–ˆâ–ˆâ–ˆâ–ˆâ–ˆâ–ˆâ–ˆâ–ˆâ–ˆâ–ˆ| 1/1 [00:03<00:00,  3.32s/it, est. speed input: 187.78 toks/s, output: 77.76 toks/s]Processed prompts: 100%|â–ˆâ–ˆâ–ˆâ–ˆâ–ˆâ–ˆâ–ˆâ–ˆâ–ˆâ–ˆ| 1/1 [00:03<00:00,  3.32s/it, est. speed input: 187.78 toks/s, output: 77.76 toks/s]
Prolog output: A
Completed sample logical_deduction_995 (iteration 245) for method prolog_no_fs
Processing sample logical_deduction_1174 (iteration 246) for method prolog_no_fs
Generating without LoRA
Processed prompts:   0%|          | 0/1 [00:00<?, ?it/s, est. speed input: 0.00 toks/s, output: 0.00 toks/s]Processed prompts: 100%|â–ˆâ–ˆâ–ˆâ–ˆâ–ˆâ–ˆâ–ˆâ–ˆâ–ˆâ–ˆ| 1/1 [00:03<00:00,  3.08s/it, est. speed input: 195.61 toks/s, output: 77.66 toks/s]Processed prompts: 100%|â–ˆâ–ˆâ–ˆâ–ˆâ–ˆâ–ˆâ–ˆâ–ˆâ–ˆâ–ˆ| 1/1 [00:03<00:00,  3.08s/it, est. speed input: 195.61 toks/s, output: 77.66 toks/s]
Prolog output: C
Completed sample logical_deduction_1174 (iteration 246) for method prolog_no_fs
Processing sample logical_deduction_1134 (iteration 247) for method prolog_no_fs
Generating without LoRA
Processed prompts:   0%|          | 0/1 [00:00<?, ?it/s, est. speed input: 0.00 toks/s, output: 0.00 toks/s]Processed prompts: 100%|â–ˆâ–ˆâ–ˆâ–ˆâ–ˆâ–ˆâ–ˆâ–ˆâ–ˆâ–ˆ| 1/1 [00:03<00:00,  3.18s/it, est. speed input: 189.34 toks/s, output: 77.68 toks/s]Processed prompts: 100%|â–ˆâ–ˆâ–ˆâ–ˆâ–ˆâ–ˆâ–ˆâ–ˆâ–ˆâ–ˆ| 1/1 [00:03<00:00,  3.18s/it, est. speed input: 189.34 toks/s, output: 77.68 toks/s]
Prolog output: Error (invalid answer)
Completed sample logical_deduction_1134 (iteration 247) for method prolog_no_fs
Processing sample logical_deduction_1128 (iteration 248) for method prolog_no_fs
Generating without LoRA
Processed prompts:   0%|          | 0/1 [00:00<?, ?it/s, est. speed input: 0.00 toks/s, output: 0.00 toks/s]Processed prompts: 100%|â–ˆâ–ˆâ–ˆâ–ˆâ–ˆâ–ˆâ–ˆâ–ˆâ–ˆâ–ˆ| 1/1 [00:03<00:00,  3.45s/it, est. speed input: 180.53 toks/s, output: 77.78 toks/s]Processed prompts: 100%|â–ˆâ–ˆâ–ˆâ–ˆâ–ˆâ–ˆâ–ˆâ–ˆâ–ˆâ–ˆ| 1/1 [00:03<00:00,  3.45s/it, est. speed input: 180.53 toks/s, output: 77.78 toks/s]
Prolog output: A
Completed sample logical_deduction_1128 (iteration 248) for method prolog_no_fs
Processing sample logical_deduction_273 (iteration 249) for method prolog_no_fs
Generating without LoRA
Processed prompts:   0%|          | 0/1 [00:00<?, ?it/s, est. speed input: 0.00 toks/s, output: 0.00 toks/s]Processed prompts: 100%|â–ˆâ–ˆâ–ˆâ–ˆâ–ˆâ–ˆâ–ˆâ–ˆâ–ˆâ–ˆ| 1/1 [00:03<00:00,  3.07s/it, est. speed input: 196.07 toks/s, output: 77.64 toks/s]Processed prompts: 100%|â–ˆâ–ˆâ–ˆâ–ˆâ–ˆâ–ˆâ–ˆâ–ˆâ–ˆâ–ˆ| 1/1 [00:03<00:00,  3.07s/it, est. speed input: 196.07 toks/s, output: 77.64 toks/s]
Prolog output: C
Completed sample logical_deduction_273 (iteration 249) for method prolog_no_fs
Processing sample logical_deduction_1144 (iteration 250) for method prolog_no_fs
Generating without LoRA
Processed prompts:   0%|          | 0/1 [00:00<?, ?it/s, est. speed input: 0.00 toks/s, output: 0.00 toks/s]Processed prompts: 100%|â–ˆâ–ˆâ–ˆâ–ˆâ–ˆâ–ˆâ–ˆâ–ˆâ–ˆâ–ˆ| 1/1 [00:03<00:00,  3.17s/it, est. speed input: 190.02 toks/s, output: 77.65 toks/s]Processed prompts: 100%|â–ˆâ–ˆâ–ˆâ–ˆâ–ˆâ–ˆâ–ˆâ–ˆâ–ˆâ–ˆ| 1/1 [00:03<00:00,  3.17s/it, est. speed input: 190.02 toks/s, output: 77.65 toks/s]
Prolog output: B
Completed sample logical_deduction_1144 (iteration 250) for method prolog_no_fs
Processing sample logical_deduction_1153 (iteration 251) for method prolog_no_fs
Generating without LoRA
Processed prompts:   0%|          | 0/1 [00:00<?, ?it/s, est. speed input: 0.00 toks/s, output: 0.00 toks/s]Processed prompts: 100%|â–ˆâ–ˆâ–ˆâ–ˆâ–ˆâ–ˆâ–ˆâ–ˆâ–ˆâ–ˆ| 1/1 [00:03<00:00,  3.38s/it, est. speed input: 178.35 toks/s, output: 77.92 toks/s]Processed prompts: 100%|â–ˆâ–ˆâ–ˆâ–ˆâ–ˆâ–ˆâ–ˆâ–ˆâ–ˆâ–ˆ| 1/1 [00:03<00:00,  3.38s/it, est. speed input: 178.35 toks/s, output: 77.92 toks/s]
Prolog output: Error (invalid answer)
Completed sample logical_deduction_1153 (iteration 251) for method prolog_no_fs
Processing sample logical_deduction_1133 (iteration 252) for method prolog_no_fs
Generating without LoRA
Processed prompts:   0%|          | 0/1 [00:00<?, ?it/s, est. speed input: 0.00 toks/s, output: 0.00 toks/s]Processed prompts: 100%|â–ˆâ–ˆâ–ˆâ–ˆâ–ˆâ–ˆâ–ˆâ–ˆâ–ˆâ–ˆ| 1/1 [00:03<00:00,  3.47s/it, est. speed input: 181.73 toks/s, output: 77.88 toks/s]Processed prompts: 100%|â–ˆâ–ˆâ–ˆâ–ˆâ–ˆâ–ˆâ–ˆâ–ˆâ–ˆâ–ˆ| 1/1 [00:03<00:00,  3.47s/it, est. speed input: 181.73 toks/s, output: 77.88 toks/s]
Prolog output: A
Completed sample logical_deduction_1133 (iteration 252) for method prolog_no_fs
Processing sample logical_deduction_1024 (iteration 253) for method prolog_no_fs
Generating without LoRA
Processed prompts:   0%|          | 0/1 [00:00<?, ?it/s, est. speed input: 0.00 toks/s, output: 0.00 toks/s]Processed prompts: 100%|â–ˆâ–ˆâ–ˆâ–ˆâ–ˆâ–ˆâ–ˆâ–ˆâ–ˆâ–ˆ| 1/1 [00:03<00:00,  3.30s/it, est. speed input: 187.19 toks/s, output: 77.84 toks/s]Processed prompts: 100%|â–ˆâ–ˆâ–ˆâ–ˆâ–ˆâ–ˆâ–ˆâ–ˆâ–ˆâ–ˆ| 1/1 [00:03<00:00,  3.30s/it, est. speed input: 187.19 toks/s, output: 77.84 toks/s]
Prolog output: Error (invalid answer)
Completed sample logical_deduction_1024 (iteration 253) for method prolog_no_fs
Processing sample logical_deduction_1118 (iteration 254) for method prolog_no_fs
Generating without LoRA
Processed prompts:   0%|          | 0/1 [00:00<?, ?it/s, est. speed input: 0.00 toks/s, output: 0.00 toks/s]Processed prompts: 100%|â–ˆâ–ˆâ–ˆâ–ˆâ–ˆâ–ˆâ–ˆâ–ˆâ–ˆâ–ˆ| 1/1 [00:03<00:00,  3.07s/it, est. speed input: 195.97 toks/s, output: 77.80 toks/s]Processed prompts: 100%|â–ˆâ–ˆâ–ˆâ–ˆâ–ˆâ–ˆâ–ˆâ–ˆâ–ˆâ–ˆ| 1/1 [00:03<00:00,  3.07s/it, est. speed input: 195.97 toks/s, output: 77.80 toks/s]
Prolog output: Error (invalid answer)
Completed sample logical_deduction_1118 (iteration 254) for method prolog_no_fs
Processing sample logical_deduction_1057 (iteration 255) for method prolog_no_fs
Generating without LoRA
Processed prompts:   0%|          | 0/1 [00:00<?, ?it/s, est. speed input: 0.00 toks/s, output: 0.00 toks/s]Processed prompts: 100%|â–ˆâ–ˆâ–ˆâ–ˆâ–ˆâ–ˆâ–ˆâ–ˆâ–ˆâ–ˆ| 1/1 [00:03<00:00,  3.83s/it, est. speed input: 164.74 toks/s, output: 78.06 toks/s]Processed prompts: 100%|â–ˆâ–ˆâ–ˆâ–ˆâ–ˆâ–ˆâ–ˆâ–ˆâ–ˆâ–ˆ| 1/1 [00:03<00:00,  3.83s/it, est. speed input: 164.74 toks/s, output: 78.06 toks/s]
Prolog output: A
Completed sample logical_deduction_1057 (iteration 255) for method prolog_no_fs
Processing sample logical_deduction_1072 (iteration 256) for method prolog_no_fs
Generating without LoRA
Processed prompts:   0%|          | 0/1 [00:00<?, ?it/s, est. speed input: 0.00 toks/s, output: 0.00 toks/s]Processed prompts: 100%|â–ˆâ–ˆâ–ˆâ–ˆâ–ˆâ–ˆâ–ˆâ–ˆâ–ˆâ–ˆ| 1/1 [00:03<00:00,  3.54s/it, est. speed input: 177.98 toks/s, output: 77.97 toks/s]Processed prompts: 100%|â–ˆâ–ˆâ–ˆâ–ˆâ–ˆâ–ˆâ–ˆâ–ˆâ–ˆâ–ˆ| 1/1 [00:03<00:00,  3.54s/it, est. speed input: 177.98 toks/s, output: 77.97 toks/s]
Prolog output: Error: Caused by: 'solve(Answer)'. Returned: 'error(type_error(integer, -(3, 1)), _28)'.
Completed sample logical_deduction_1072 (iteration 256) for method prolog_no_fs
Processing sample logical_deduction_1140 (iteration 257) for method prolog_no_fs
Generating without LoRA
Processed prompts:   0%|          | 0/1 [00:00<?, ?it/s, est. speed input: 0.00 toks/s, output: 0.00 toks/s]Processed prompts: 100%|â–ˆâ–ˆâ–ˆâ–ˆâ–ˆâ–ˆâ–ˆâ–ˆâ–ˆâ–ˆ| 1/1 [00:03<00:00,  3.23s/it, est. speed input: 190.74 toks/s, output: 77.90 toks/s]Processed prompts: 100%|â–ˆâ–ˆâ–ˆâ–ˆâ–ˆâ–ˆâ–ˆâ–ˆâ–ˆâ–ˆ| 1/1 [00:03<00:00,  3.24s/it, est. speed input: 190.74 toks/s, output: 77.90 toks/s]
Prolog output: C
Completed sample logical_deduction_1140 (iteration 257) for method prolog_no_fs
Processing sample logical_deduction_1077 (iteration 258) for method prolog_no_fs
Generating without LoRA
Processed prompts:   0%|          | 0/1 [00:00<?, ?it/s, est. speed input: 0.00 toks/s, output: 0.00 toks/s]Processed prompts: 100%|â–ˆâ–ˆâ–ˆâ–ˆâ–ˆâ–ˆâ–ˆâ–ˆâ–ˆâ–ˆ| 1/1 [00:03<00:00,  3.60s/it, est. speed input: 176.16 toks/s, output: 77.96 toks/s]Processed prompts: 100%|â–ˆâ–ˆâ–ˆâ–ˆâ–ˆâ–ˆâ–ˆâ–ˆâ–ˆâ–ˆ| 1/1 [00:03<00:00,  3.60s/it, est. speed input: 176.16 toks/s, output: 77.96 toks/s]
Prolog output: A
Completed sample logical_deduction_1077 (iteration 258) for method prolog_no_fs
Processing sample logical_deduction_1106 (iteration 259) for method prolog_no_fs
Generating without LoRA
Processed prompts:   0%|          | 0/1 [00:00<?, ?it/s, est. speed input: 0.00 toks/s, output: 0.00 toks/s]Processed prompts: 100%|â–ˆâ–ˆâ–ˆâ–ˆâ–ˆâ–ˆâ–ˆâ–ˆâ–ˆâ–ˆ| 1/1 [00:03<00:00,  3.76s/it, est. speed input: 167.20 toks/s, output: 78.01 toks/s]Processed prompts: 100%|â–ˆâ–ˆâ–ˆâ–ˆâ–ˆâ–ˆâ–ˆâ–ˆâ–ˆâ–ˆ| 1/1 [00:03<00:00,  3.76s/it, est. speed input: 167.20 toks/s, output: 78.01 toks/s]
Prolog output: Error (invalid answer)
Completed sample logical_deduction_1106 (iteration 259) for method prolog_no_fs
Processing sample logical_deduction_294 (iteration 260) for method prolog_no_fs
Generating without LoRA
Processed prompts:   0%|          | 0/1 [00:00<?, ?it/s, est. speed input: 0.00 toks/s, output: 0.00 toks/s]Processed prompts: 100%|â–ˆâ–ˆâ–ˆâ–ˆâ–ˆâ–ˆâ–ˆâ–ˆâ–ˆâ–ˆ| 1/1 [00:03<00:00,  3.33s/it, est. speed input: 186.94 toks/s, output: 77.84 toks/s]Processed prompts: 100%|â–ˆâ–ˆâ–ˆâ–ˆâ–ˆâ–ˆâ–ˆâ–ˆâ–ˆâ–ˆ| 1/1 [00:03<00:00,  3.33s/it, est. speed input: 186.94 toks/s, output: 77.84 toks/s]
Prolog output: A
Completed sample logical_deduction_294 (iteration 260) for method prolog_no_fs
Processing sample logical_deduction_985 (iteration 261) for method prolog_no_fs
Generating without LoRA
Processed prompts:   0%|          | 0/1 [00:00<?, ?it/s, est. speed input: 0.00 toks/s, output: 0.00 toks/s]Processed prompts: 100%|â–ˆâ–ˆâ–ˆâ–ˆâ–ˆâ–ˆâ–ˆâ–ˆâ–ˆâ–ˆ| 1/1 [00:03<00:00,  3.14s/it, est. speed input: 192.83 toks/s, output: 77.77 toks/s]Processed prompts: 100%|â–ˆâ–ˆâ–ˆâ–ˆâ–ˆâ–ˆâ–ˆâ–ˆâ–ˆâ–ˆ| 1/1 [00:03<00:00,  3.14s/it, est. speed input: 192.83 toks/s, output: 77.77 toks/s]
Prolog output: B
Completed sample logical_deduction_985 (iteration 261) for method prolog_no_fs
Processing sample logical_deduction_287 (iteration 262) for method prolog_no_fs
Generating without LoRA
Processed prompts:   0%|          | 0/1 [00:00<?, ?it/s, est. speed input: 0.00 toks/s, output: 0.00 toks/s]Processed prompts: 100%|â–ˆâ–ˆâ–ˆâ–ˆâ–ˆâ–ˆâ–ˆâ–ˆâ–ˆâ–ˆ| 1/1 [00:03<00:00,  3.43s/it, est. speed input: 183.12 toks/s, output: 77.85 toks/s]Processed prompts: 100%|â–ˆâ–ˆâ–ˆâ–ˆâ–ˆâ–ˆâ–ˆâ–ˆâ–ˆâ–ˆ| 1/1 [00:03<00:00,  3.43s/it, est. speed input: 183.12 toks/s, output: 77.85 toks/s]
Prolog output: A
Completed sample logical_deduction_287 (iteration 262) for method prolog_no_fs
Processing sample logical_deduction_1100 (iteration 263) for method prolog_no_fs
Generating without LoRA
Processed prompts:   0%|          | 0/1 [00:00<?, ?it/s, est. speed input: 0.00 toks/s, output: 0.00 toks/s]Processed prompts: 100%|â–ˆâ–ˆâ–ˆâ–ˆâ–ˆâ–ˆâ–ˆâ–ˆâ–ˆâ–ˆ| 1/1 [00:04<00:00,  4.26s/it, est. speed input: 146.72 toks/s, output: 78.17 toks/s]Processed prompts: 100%|â–ˆâ–ˆâ–ˆâ–ˆâ–ˆâ–ˆâ–ˆâ–ˆâ–ˆâ–ˆ| 1/1 [00:04<00:00,  4.26s/it, est. speed input: 146.72 toks/s, output: 78.17 toks/s]
Prolog output: B
Completed sample logical_deduction_1100 (iteration 263) for method prolog_no_fs
Processing sample logical_deduction_1162 (iteration 264) for method prolog_no_fs
Generating without LoRA
Processed prompts:   0%|          | 0/1 [00:00<?, ?it/s, est. speed input: 0.00 toks/s, output: 0.00 toks/s]Processed prompts: 100%|â–ˆâ–ˆâ–ˆâ–ˆâ–ˆâ–ˆâ–ˆâ–ˆâ–ˆâ–ˆ| 1/1 [00:03<00:00,  3.67s/it, est. speed input: 173.17 toks/s, output: 77.99 toks/s]Processed prompts: 100%|â–ˆâ–ˆâ–ˆâ–ˆâ–ˆâ–ˆâ–ˆâ–ˆâ–ˆâ–ˆ| 1/1 [00:03<00:00,  3.67s/it, est. speed input: 173.17 toks/s, output: 77.99 toks/s]
Prolog output: B
Completed sample logical_deduction_1162 (iteration 264) for method prolog_no_fs
Processing sample logical_deduction_971 (iteration 265) for method prolog_no_fs
Generating without LoRA
Processed prompts:   0%|          | 0/1 [00:00<?, ?it/s, est. speed input: 0.00 toks/s, output: 0.00 toks/s]Processed prompts: 100%|â–ˆâ–ˆâ–ˆâ–ˆâ–ˆâ–ˆâ–ˆâ–ˆâ–ˆâ–ˆ| 1/1 [00:03<00:00,  3.56s/it, est. speed input: 174.25 toks/s, output: 78.01 toks/s]Processed prompts: 100%|â–ˆâ–ˆâ–ˆâ–ˆâ–ˆâ–ˆâ–ˆâ–ˆâ–ˆâ–ˆ| 1/1 [00:03<00:00,  3.56s/it, est. speed input: 174.25 toks/s, output: 78.01 toks/s]
Prolog output: Error (invalid answer)
Completed sample logical_deduction_971 (iteration 265) for method prolog_no_fs
Processing sample logical_deduction_267 (iteration 266) for method prolog_no_fs
Generating without LoRA
Processed prompts:   0%|          | 0/1 [00:00<?, ?it/s, est. speed input: 0.00 toks/s, output: 0.00 toks/s]Processed prompts: 100%|â–ˆâ–ˆâ–ˆâ–ˆâ–ˆâ–ˆâ–ˆâ–ˆâ–ˆâ–ˆ| 1/1 [00:03<00:00,  3.49s/it, est. speed input: 177.97 toks/s, output: 77.95 toks/s]Processed prompts: 100%|â–ˆâ–ˆâ–ˆâ–ˆâ–ˆâ–ˆâ–ˆâ–ˆâ–ˆâ–ˆ| 1/1 [00:03<00:00,  3.49s/it, est. speed input: 177.97 toks/s, output: 77.95 toks/s]
Prolog output: A
Completed sample logical_deduction_267 (iteration 266) for method prolog_no_fs
Processing sample logical_deduction_1111 (iteration 267) for method prolog_no_fs
Generating without LoRA
Processed prompts:   0%|          | 0/1 [00:00<?, ?it/s, est. speed input: 0.00 toks/s, output: 0.00 toks/s]Processed prompts: 100%|â–ˆâ–ˆâ–ˆâ–ˆâ–ˆâ–ˆâ–ˆâ–ˆâ–ˆâ–ˆ| 1/1 [00:03<00:00,  3.44s/it, est. speed input: 180.91 toks/s, output: 77.95 toks/s]Processed prompts: 100%|â–ˆâ–ˆâ–ˆâ–ˆâ–ˆâ–ˆâ–ˆâ–ˆâ–ˆâ–ˆ| 1/1 [00:03<00:00,  3.44s/it, est. speed input: 180.91 toks/s, output: 77.95 toks/s]
Prolog output: C
Completed sample logical_deduction_1111 (iteration 267) for method prolog_no_fs
Processing sample logical_deduction_1143 (iteration 268) for method prolog_no_fs
Generating without LoRA
Processed prompts:   0%|          | 0/1 [00:00<?, ?it/s, est. speed input: 0.00 toks/s, output: 0.00 toks/s]Processed prompts: 100%|â–ˆâ–ˆâ–ˆâ–ˆâ–ˆâ–ˆâ–ˆâ–ˆâ–ˆâ–ˆ| 1/1 [00:03<00:00,  3.41s/it, est. speed input: 182.76 toks/s, output: 77.91 toks/s]Processed prompts: 100%|â–ˆâ–ˆâ–ˆâ–ˆâ–ˆâ–ˆâ–ˆâ–ˆâ–ˆâ–ˆ| 1/1 [00:03<00:00,  3.41s/it, est. speed input: 182.76 toks/s, output: 77.91 toks/s]
Prolog output: B
Completed sample logical_deduction_1143 (iteration 268) for method prolog_no_fs
Processing sample logical_deduction_296 (iteration 269) for method prolog_no_fs
Generating without LoRA
Processed prompts:   0%|          | 0/1 [00:00<?, ?it/s, est. speed input: 0.00 toks/s, output: 0.00 toks/s]Processed prompts: 100%|â–ˆâ–ˆâ–ˆâ–ˆâ–ˆâ–ˆâ–ˆâ–ˆâ–ˆâ–ˆ| 1/1 [00:03<00:00,  3.06s/it, est. speed input: 196.68 toks/s, output: 77.76 toks/s]Processed prompts: 100%|â–ˆâ–ˆâ–ˆâ–ˆâ–ˆâ–ˆâ–ˆâ–ˆâ–ˆâ–ˆ| 1/1 [00:03<00:00,  3.06s/it, est. speed input: 196.68 toks/s, output: 77.76 toks/s]
Prolog output: Error (invalid answer)
Completed sample logical_deduction_296 (iteration 269) for method prolog_no_fs
Processing sample logical_deduction_1081 (iteration 270) for method prolog_no_fs
Generating without LoRA
Processed prompts:   0%|          | 0/1 [00:00<?, ?it/s, est. speed input: 0.00 toks/s, output: 0.00 toks/s]Processed prompts: 100%|â–ˆâ–ˆâ–ˆâ–ˆâ–ˆâ–ˆâ–ˆâ–ˆâ–ˆâ–ˆ| 1/1 [00:03<00:00,  3.47s/it, est. speed input: 184.01 toks/s, output: 77.87 toks/s]Processed prompts: 100%|â–ˆâ–ˆâ–ˆâ–ˆâ–ˆâ–ˆâ–ˆâ–ˆâ–ˆâ–ˆ| 1/1 [00:03<00:00,  3.47s/it, est. speed input: 184.01 toks/s, output: 77.87 toks/s]
Prolog output: C
Completed sample logical_deduction_1081 (iteration 270) for method prolog_no_fs
Processing sample logical_deduction_1014 (iteration 271) for method prolog_no_fs
Generating without LoRA
Processed prompts:   0%|          | 0/1 [00:00<?, ?it/s, est. speed input: 0.00 toks/s, output: 0.00 toks/s]Processed prompts: 100%|â–ˆâ–ˆâ–ˆâ–ˆâ–ˆâ–ˆâ–ˆâ–ˆâ–ˆâ–ˆ| 1/1 [00:03<00:00,  3.55s/it, est. speed input: 177.81 toks/s, output: 77.93 toks/s]Processed prompts: 100%|â–ˆâ–ˆâ–ˆâ–ˆâ–ˆâ–ˆâ–ˆâ–ˆâ–ˆâ–ˆ| 1/1 [00:03<00:00,  3.55s/it, est. speed input: 177.81 toks/s, output: 77.93 toks/s]
Prolog output: A
Completed sample logical_deduction_1014 (iteration 271) for method prolog_no_fs
Processing sample logical_deduction_247 (iteration 272) for method prolog_no_fs
Generating without LoRA
Processed prompts:   0%|          | 0/1 [00:00<?, ?it/s, est. speed input: 0.00 toks/s, output: 0.00 toks/s]Processed prompts: 100%|â–ˆâ–ˆâ–ˆâ–ˆâ–ˆâ–ˆâ–ˆâ–ˆâ–ˆâ–ˆ| 1/1 [00:03<00:00,  3.43s/it, est. speed input: 181.18 toks/s, output: 77.90 toks/s]Processed prompts: 100%|â–ˆâ–ˆâ–ˆâ–ˆâ–ˆâ–ˆâ–ˆâ–ˆâ–ˆâ–ˆ| 1/1 [00:03<00:00,  3.43s/it, est. speed input: 181.18 toks/s, output: 77.90 toks/s]
Prolog output: Error (invalid answer)
Completed sample logical_deduction_247 (iteration 272) for method prolog_no_fs
Processing sample logical_deduction_1156 (iteration 273) for method prolog_no_fs
Generating without LoRA
Processed prompts:   0%|          | 0/1 [00:00<?, ?it/s, est. speed input: 0.00 toks/s, output: 0.00 toks/s]Processed prompts: 100%|â–ˆâ–ˆâ–ˆâ–ˆâ–ˆâ–ˆâ–ˆâ–ˆâ–ˆâ–ˆ| 1/1 [00:03<00:00,  3.49s/it, est. speed input: 179.31 toks/s, output: 77.91 toks/s]Processed prompts: 100%|â–ˆâ–ˆâ–ˆâ–ˆâ–ˆâ–ˆâ–ˆâ–ˆâ–ˆâ–ˆ| 1/1 [00:03<00:00,  3.49s/it, est. speed input: 179.31 toks/s, output: 77.91 toks/s]
Prolog output: Error: Caused by: 'solve(Answer)'. Returned: 'error(type_error(integer, -(3, 1)), _28)'.
Completed sample logical_deduction_1156 (iteration 273) for method prolog_no_fs
Processing sample logical_deduction_1061 (iteration 274) for method prolog_no_fs
Generating without LoRA
Processed prompts:   0%|          | 0/1 [00:00<?, ?it/s, est. speed input: 0.00 toks/s, output: 0.00 toks/s]Processed prompts: 100%|â–ˆâ–ˆâ–ˆâ–ˆâ–ˆâ–ˆâ–ˆâ–ˆâ–ˆâ–ˆ| 1/1 [00:03<00:00,  3.62s/it, est. speed input: 173.66 toks/s, output: 77.98 toks/s]Processed prompts: 100%|â–ˆâ–ˆâ–ˆâ–ˆâ–ˆâ–ˆâ–ˆâ–ˆâ–ˆâ–ˆ| 1/1 [00:03<00:00,  3.62s/it, est. speed input: 173.66 toks/s, output: 77.98 toks/s]
Prolog output: Error: Caused by: 'solve(Answer)'. Returned: 'error(type_error(integer, -(3, 1)), _1678)'.
Completed sample logical_deduction_1061 (iteration 274) for method prolog_no_fs
Processing sample logical_deduction_1114 (iteration 275) for method prolog_no_fs
Generating without LoRA
Processed prompts:   0%|          | 0/1 [00:00<?, ?it/s, est. speed input: 0.00 toks/s, output: 0.00 toks/s]Processed prompts: 100%|â–ˆâ–ˆâ–ˆâ–ˆâ–ˆâ–ˆâ–ˆâ–ˆâ–ˆâ–ˆ| 1/1 [00:03<00:00,  3.62s/it, est. speed input: 173.14 toks/s, output: 78.00 toks/s]Processed prompts: 100%|â–ˆâ–ˆâ–ˆâ–ˆâ–ˆâ–ˆâ–ˆâ–ˆâ–ˆâ–ˆ| 1/1 [00:03<00:00,  3.62s/it, est. speed input: 173.14 toks/s, output: 78.00 toks/s]
Prolog output: Error: Caused by: 'solve(Answer)'. Returned: 'error(type_error(integer, -(3, 1)), _3328)'.
Completed sample logical_deduction_1114 (iteration 275) for method prolog_no_fs
Processing sample logical_deduction_1193 (iteration 276) for method prolog_no_fs
Generating without LoRA
Processed prompts:   0%|          | 0/1 [00:00<?, ?it/s, est. speed input: 0.00 toks/s, output: 0.00 toks/s]Processed prompts: 100%|â–ˆâ–ˆâ–ˆâ–ˆâ–ˆâ–ˆâ–ˆâ–ˆâ–ˆâ–ˆ| 1/1 [00:03<00:00,  3.63s/it, est. speed input: 174.12 toks/s, output: 77.97 toks/s]Processed prompts: 100%|â–ˆâ–ˆâ–ˆâ–ˆâ–ˆâ–ˆâ–ˆâ–ˆâ–ˆâ–ˆ| 1/1 [00:03<00:00,  3.63s/it, est. speed input: 174.12 toks/s, output: 77.97 toks/s]
Prolog output: C
Completed sample logical_deduction_1193 (iteration 276) for method prolog_no_fs
Processing sample logical_deduction_1088 (iteration 277) for method prolog_no_fs
Generating without LoRA
Processed prompts:   0%|          | 0/1 [00:00<?, ?it/s, est. speed input: 0.00 toks/s, output: 0.00 toks/s]Processed prompts: 100%|â–ˆâ–ˆâ–ˆâ–ˆâ–ˆâ–ˆâ–ˆâ–ˆâ–ˆâ–ˆ| 1/1 [00:03<00:00,  3.39s/it, est. speed input: 185.45 toks/s, output: 77.83 toks/s]Processed prompts: 100%|â–ˆâ–ˆâ–ˆâ–ˆâ–ˆâ–ˆâ–ˆâ–ˆâ–ˆâ–ˆ| 1/1 [00:03<00:00,  3.39s/it, est. speed input: 185.45 toks/s, output: 77.83 toks/s]
Prolog output: A
Completed sample logical_deduction_1088 (iteration 277) for method prolog_no_fs
Processing sample logical_deduction_1177 (iteration 278) for method prolog_no_fs
Generating without LoRA
Processed prompts:   0%|          | 0/1 [00:00<?, ?it/s, est. speed input: 0.00 toks/s, output: 0.00 toks/s]Processed prompts: 100%|â–ˆâ–ˆâ–ˆâ–ˆâ–ˆâ–ˆâ–ˆâ–ˆâ–ˆâ–ˆ| 1/1 [00:04<00:00,  4.09s/it, est. speed input: 154.45 toks/s, output: 78.08 toks/s]Processed prompts: 100%|â–ˆâ–ˆâ–ˆâ–ˆâ–ˆâ–ˆâ–ˆâ–ˆâ–ˆâ–ˆ| 1/1 [00:04<00:00,  4.09s/it, est. speed input: 154.45 toks/s, output: 78.08 toks/s]
Warning: /scratch/s5112583/thesis/RL/prolog_code/overwritten_code.pl:12:
Warning:    Singleton variables: [Len]
Prolog output: C
Completed sample logical_deduction_1177 (iteration 278) for method prolog_no_fs
Processing sample logical_deduction_1113 (iteration 279) for method prolog_no_fs
Generating without LoRA
Processed prompts:   0%|          | 0/1 [00:00<?, ?it/s, est. speed input: 0.00 toks/s, output: 0.00 toks/s]Processed prompts: 100%|â–ˆâ–ˆâ–ˆâ–ˆâ–ˆâ–ˆâ–ˆâ–ˆâ–ˆâ–ˆ| 1/1 [00:03<00:00,  3.59s/it, est. speed input: 174.76 toks/s, output: 77.92 toks/s]Processed prompts: 100%|â–ˆâ–ˆâ–ˆâ–ˆâ–ˆâ–ˆâ–ˆâ–ˆâ–ˆâ–ˆ| 1/1 [00:03<00:00,  3.59s/it, est. speed input: 174.76 toks/s, output: 77.92 toks/s]
Prolog output: Error (invalid answer)
Completed sample logical_deduction_1113 (iteration 279) for method prolog_no_fs
Processing sample logical_deduction_1136 (iteration 280) for method prolog_no_fs
Generating without LoRA
Processed prompts:   0%|          | 0/1 [00:00<?, ?it/s, est. speed input: 0.00 toks/s, output: 0.00 toks/s]Processed prompts: 100%|â–ˆâ–ˆâ–ˆâ–ˆâ–ˆâ–ˆâ–ˆâ–ˆâ–ˆâ–ˆ| 1/1 [00:03<00:00,  3.45s/it, est. speed input: 182.43 toks/s, output: 77.90 toks/s]Processed prompts: 100%|â–ˆâ–ˆâ–ˆâ–ˆâ–ˆâ–ˆâ–ˆâ–ˆâ–ˆâ–ˆ| 1/1 [00:03<00:00,  3.45s/it, est. speed input: 182.43 toks/s, output: 77.90 toks/s]
Prolog output: A
Completed sample logical_deduction_1136 (iteration 280) for method prolog_no_fs
Processing sample logical_deduction_1186 (iteration 281) for method prolog_no_fs
Generating without LoRA
Processed prompts:   0%|          | 0/1 [00:00<?, ?it/s, est. speed input: 0.00 toks/s, output: 0.00 toks/s]Processed prompts: 100%|â–ˆâ–ˆâ–ˆâ–ˆâ–ˆâ–ˆâ–ˆâ–ˆâ–ˆâ–ˆ| 1/1 [00:03<00:00,  3.23s/it, est. speed input: 186.31 toks/s, output: 77.81 toks/s]Processed prompts: 100%|â–ˆâ–ˆâ–ˆâ–ˆâ–ˆâ–ˆâ–ˆâ–ˆâ–ˆâ–ˆ| 1/1 [00:03<00:00,  3.23s/it, est. speed input: 186.31 toks/s, output: 77.81 toks/s]
Prolog output: Error: Caused by: 'solve(Answer)'. Returned: 'error(existence_error(procedure, /(nth1, 2)), context(/(solve, 1), _46))'.
Completed sample logical_deduction_1186 (iteration 281) for method prolog_no_fs
Processing sample logical_deduction_997 (iteration 282) for method prolog_no_fs
Generating without LoRA
Processed prompts:   0%|          | 0/1 [00:00<?, ?it/s, est. speed input: 0.00 toks/s, output: 0.00 toks/s]Processed prompts: 100%|â–ˆâ–ˆâ–ˆâ–ˆâ–ˆâ–ˆâ–ˆâ–ˆâ–ˆâ–ˆ| 1/1 [00:03<00:00,  3.68s/it, est. speed input: 172.81 toks/s, output: 77.98 toks/s]Processed prompts: 100%|â–ˆâ–ˆâ–ˆâ–ˆâ–ˆâ–ˆâ–ˆâ–ˆâ–ˆâ–ˆ| 1/1 [00:03<00:00,  3.68s/it, est. speed input: 172.81 toks/s, output: 77.98 toks/s]
Prolog output: C
Completed sample logical_deduction_997 (iteration 282) for method prolog_no_fs
Processing sample logical_deduction_1040 (iteration 283) for method prolog_no_fs
Generating without LoRA
Processed prompts:   0%|          | 0/1 [00:00<?, ?it/s, est. speed input: 0.00 toks/s, output: 0.00 toks/s]Processed prompts: 100%|â–ˆâ–ˆâ–ˆâ–ˆâ–ˆâ–ˆâ–ˆâ–ˆâ–ˆâ–ˆ| 1/1 [00:03<00:00,  3.53s/it, est. speed input: 176.99 toks/s, output: 78.00 toks/s]Processed prompts: 100%|â–ˆâ–ˆâ–ˆâ–ˆâ–ˆâ–ˆâ–ˆâ–ˆâ–ˆâ–ˆ| 1/1 [00:03<00:00,  3.53s/it, est. speed input: 176.99 toks/s, output: 78.00 toks/s]
Prolog output: C
Completed sample logical_deduction_1040 (iteration 283) for method prolog_no_fs
Processing sample logical_deduction_279 (iteration 284) for method prolog_no_fs
Generating without LoRA
Processed prompts:   0%|          | 0/1 [00:00<?, ?it/s, est. speed input: 0.00 toks/s, output: 0.00 toks/s]Processed prompts: 100%|â–ˆâ–ˆâ–ˆâ–ˆâ–ˆâ–ˆâ–ˆâ–ˆâ–ˆâ–ˆ| 1/1 [00:03<00:00,  3.62s/it, est. speed input: 176.47 toks/s, output: 78.00 toks/s]Processed prompts: 100%|â–ˆâ–ˆâ–ˆâ–ˆâ–ˆâ–ˆâ–ˆâ–ˆâ–ˆâ–ˆ| 1/1 [00:03<00:00,  3.62s/it, est. speed input: 176.47 toks/s, output: 78.00 toks/s]
Prolog output: Error (invalid answer)
Completed sample logical_deduction_279 (iteration 284) for method prolog_no_fs
Processing sample logical_deduction_1107 (iteration 285) for method prolog_no_fs
Generating without LoRA
Processed prompts:   0%|          | 0/1 [00:00<?, ?it/s, est. speed input: 0.00 toks/s, output: 0.00 toks/s]Processed prompts: 100%|â–ˆâ–ˆâ–ˆâ–ˆâ–ˆâ–ˆâ–ˆâ–ˆâ–ˆâ–ˆ| 1/1 [00:03<00:00,  3.69s/it, est. speed input: 171.23 toks/s, output: 78.03 toks/s]Processed prompts: 100%|â–ˆâ–ˆâ–ˆâ–ˆâ–ˆâ–ˆâ–ˆâ–ˆâ–ˆâ–ˆ| 1/1 [00:03<00:00,  3.69s/it, est. speed input: 171.23 toks/s, output: 78.03 toks/s]
Prolog output: A
Completed sample logical_deduction_1107 (iteration 285) for method prolog_no_fs
Processing sample logical_deduction_1198 (iteration 286) for method prolog_no_fs
Generating without LoRA
Processed prompts:   0%|          | 0/1 [00:00<?, ?it/s, est. speed input: 0.00 toks/s, output: 0.00 toks/s]Processed prompts: 100%|â–ˆâ–ˆâ–ˆâ–ˆâ–ˆâ–ˆâ–ˆâ–ˆâ–ˆâ–ˆ| 1/1 [00:03<00:00,  3.30s/it, est. speed input: 188.55 toks/s, output: 77.91 toks/s]Processed prompts: 100%|â–ˆâ–ˆâ–ˆâ–ˆâ–ˆâ–ˆâ–ˆâ–ˆâ–ˆâ–ˆ| 1/1 [00:03<00:00,  3.30s/it, est. speed input: 188.55 toks/s, output: 77.91 toks/s]
Prolog output: B
Completed sample logical_deduction_1198 (iteration 286) for method prolog_no_fs
Processing sample logical_deduction_964 (iteration 287) for method prolog_no_fs
Generating without LoRA
Processed prompts:   0%|          | 0/1 [00:00<?, ?it/s, est. speed input: 0.00 toks/s, output: 0.00 toks/s]Processed prompts: 100%|â–ˆâ–ˆâ–ˆâ–ˆâ–ˆâ–ˆâ–ˆâ–ˆâ–ˆâ–ˆ| 1/1 [00:03<00:00,  3.62s/it, est. speed input: 173.63 toks/s, output: 77.97 toks/s]Processed prompts: 100%|â–ˆâ–ˆâ–ˆâ–ˆâ–ˆâ–ˆâ–ˆâ–ˆâ–ˆâ–ˆ| 1/1 [00:03<00:00,  3.62s/it, est. speed input: 173.63 toks/s, output: 77.97 toks/s]
Warning: /scratch/s5112583/thesis/RL/prolog_code/overwritten_code.pl:14:
Warning:    Singleton variables: [Len]
Prolog output: Error: Caused by: 'solve(Answer)'. Returned: 'error(type_error(integer, -(3, 1)), _28)'.
Completed sample logical_deduction_964 (iteration 287) for method prolog_no_fs
Processing sample logical_deduction_290 (iteration 288) for method prolog_no_fs
Generating without LoRA
Processed prompts:   0%|          | 0/1 [00:00<?, ?it/s, est. speed input: 0.00 toks/s, output: 0.00 toks/s]Processed prompts: 100%|â–ˆâ–ˆâ–ˆâ–ˆâ–ˆâ–ˆâ–ˆâ–ˆâ–ˆâ–ˆ| 1/1 [00:03<00:00,  3.52s/it, est. speed input: 176.29 toks/s, output: 77.91 toks/s]Processed prompts: 100%|â–ˆâ–ˆâ–ˆâ–ˆâ–ˆâ–ˆâ–ˆâ–ˆâ–ˆâ–ˆ| 1/1 [00:03<00:00,  3.52s/it, est. speed input: 176.29 toks/s, output: 77.91 toks/s]
Prolog output: Error (invalid answer)
Completed sample logical_deduction_290 (iteration 288) for method prolog_no_fs
Processing sample logical_deduction_1195 (iteration 289) for method prolog_no_fs
Generating without LoRA
Processed prompts:   0%|          | 0/1 [00:00<?, ?it/s, est. speed input: 0.00 toks/s, output: 0.00 toks/s]Processed prompts: 100%|â–ˆâ–ˆâ–ˆâ–ˆâ–ˆâ–ˆâ–ˆâ–ˆâ–ˆâ–ˆ| 1/1 [00:03<00:00,  3.73s/it, est. speed input: 167.87 toks/s, output: 78.03 toks/s]Processed prompts: 100%|â–ˆâ–ˆâ–ˆâ–ˆâ–ˆâ–ˆâ–ˆâ–ˆâ–ˆâ–ˆ| 1/1 [00:03<00:00,  3.73s/it, est. speed input: 167.87 toks/s, output: 78.03 toks/s]
Prolog output: A
Completed sample logical_deduction_1195 (iteration 289) for method prolog_no_fs
Processing sample logical_deduction_1090 (iteration 290) for method prolog_no_fs
Generating without LoRA
Processed prompts:   0%|          | 0/1 [00:00<?, ?it/s, est. speed input: 0.00 toks/s, output: 0.00 toks/s]Processed prompts: 100%|â–ˆâ–ˆâ–ˆâ–ˆâ–ˆâ–ˆâ–ˆâ–ˆâ–ˆâ–ˆ| 1/1 [00:03<00:00,  3.53s/it, est. speed input: 178.15 toks/s, output: 77.89 toks/s]Processed prompts: 100%|â–ˆâ–ˆâ–ˆâ–ˆâ–ˆâ–ˆâ–ˆâ–ˆâ–ˆâ–ˆ| 1/1 [00:03<00:00,  3.53s/it, est. speed input: 178.15 toks/s, output: 77.89 toks/s]
Prolog output: Error (invalid answer)
Completed sample logical_deduction_1090 (iteration 290) for method prolog_no_fs
Processing sample logical_deduction_1196 (iteration 291) for method prolog_no_fs
Generating without LoRA
Processed prompts:   0%|          | 0/1 [00:00<?, ?it/s, est. speed input: 0.00 toks/s, output: 0.00 toks/s]Processed prompts: 100%|â–ˆâ–ˆâ–ˆâ–ˆâ–ˆâ–ˆâ–ˆâ–ˆâ–ˆâ–ˆ| 1/1 [00:03<00:00,  3.61s/it, est. speed input: 173.77 toks/s, output: 78.03 toks/s]Processed prompts: 100%|â–ˆâ–ˆâ–ˆâ–ˆâ–ˆâ–ˆâ–ˆâ–ˆâ–ˆâ–ˆ| 1/1 [00:03<00:00,  3.61s/it, est. speed input: 173.77 toks/s, output: 78.03 toks/s]
Prolog output: Error: Caused by: 'solve(Answer)'. Returned: 'error(type_error(integer, -(3, 1)), _6154)'.
Completed sample logical_deduction_1196 (iteration 291) for method prolog_no_fs
Processing sample logical_deduction_1078 (iteration 292) for method prolog_no_fs
Generating without LoRA
Processed prompts:   0%|          | 0/1 [00:00<?, ?it/s, est. speed input: 0.00 toks/s, output: 0.00 toks/s]Processed prompts: 100%|â–ˆâ–ˆâ–ˆâ–ˆâ–ˆâ–ˆâ–ˆâ–ˆâ–ˆâ–ˆ| 1/1 [00:03<00:00,  3.54s/it, est. speed input: 175.49 toks/s, output: 78.00 toks/s]Processed prompts: 100%|â–ˆâ–ˆâ–ˆâ–ˆâ–ˆâ–ˆâ–ˆâ–ˆâ–ˆâ–ˆ| 1/1 [00:03<00:00,  3.54s/it, est. speed input: 175.49 toks/s, output: 78.00 toks/s]
Prolog output: Error (invalid answer)
Completed sample logical_deduction_1078 (iteration 292) for method prolog_no_fs
Processing sample logical_deduction_1033 (iteration 293) for method prolog_no_fs
Generating without LoRA
Processed prompts:   0%|          | 0/1 [00:00<?, ?it/s, est. speed input: 0.00 toks/s, output: 0.00 toks/s]Processed prompts: 100%|â–ˆâ–ˆâ–ˆâ–ˆâ–ˆâ–ˆâ–ˆâ–ˆâ–ˆâ–ˆ| 1/1 [00:03<00:00,  3.84s/it, est. speed input: 165.76 toks/s, output: 78.07 toks/s]Processed prompts: 100%|â–ˆâ–ˆâ–ˆâ–ˆâ–ˆâ–ˆâ–ˆâ–ˆâ–ˆâ–ˆ| 1/1 [00:03<00:00,  3.84s/it, est. speed input: 165.76 toks/s, output: 78.07 toks/s]
Prolog output: A
Completed sample logical_deduction_1033 (iteration 293) for method prolog_no_fs
Processing sample logical_deduction_254 (iteration 294) for method prolog_no_fs
Generating without LoRA
Processed prompts:   0%|          | 0/1 [00:00<?, ?it/s, est. speed input: 0.00 toks/s, output: 0.00 toks/s]Processed prompts: 100%|â–ˆâ–ˆâ–ˆâ–ˆâ–ˆâ–ˆâ–ˆâ–ˆâ–ˆâ–ˆ| 1/1 [00:03<00:00,  3.03s/it, est. speed input: 197.82 toks/s, output: 77.81 toks/s]Processed prompts: 100%|â–ˆâ–ˆâ–ˆâ–ˆâ–ˆâ–ˆâ–ˆâ–ˆâ–ˆâ–ˆ| 1/1 [00:03<00:00,  3.03s/it, est. speed input: 197.82 toks/s, output: 77.81 toks/s]
Prolog output: C
Completed sample logical_deduction_254 (iteration 294) for method prolog_no_fs
Processing sample logical_deduction_1083 (iteration 295) for method prolog_no_fs
Generating without LoRA
Processed prompts:   0%|          | 0/1 [00:00<?, ?it/s, est. speed input: 0.00 toks/s, output: 0.00 toks/s]Processed prompts: 100%|â–ˆâ–ˆâ–ˆâ–ˆâ–ˆâ–ˆâ–ˆâ–ˆâ–ˆâ–ˆ| 1/1 [00:03<00:00,  3.41s/it, est. speed input: 181.98 toks/s, output: 77.95 toks/s]Processed prompts: 100%|â–ˆâ–ˆâ–ˆâ–ˆâ–ˆâ–ˆâ–ˆâ–ˆâ–ˆâ–ˆ| 1/1 [00:03<00:00,  3.41s/it, est. speed input: 181.98 toks/s, output: 77.95 toks/s]
Prolog output: B
Completed sample logical_deduction_1083 (iteration 295) for method prolog_no_fs
Processing sample logical_deduction_1155 (iteration 296) for method prolog_no_fs
Generating without LoRA
Processed prompts:   0%|          | 0/1 [00:00<?, ?it/s, est. speed input: 0.00 toks/s, output: 0.00 toks/s]Processed prompts: 100%|â–ˆâ–ˆâ–ˆâ–ˆâ–ˆâ–ˆâ–ˆâ–ˆâ–ˆâ–ˆ| 1/1 [00:03<00:00,  3.84s/it, est. speed input: 161.59 toks/s, output: 78.06 toks/s]Processed prompts: 100%|â–ˆâ–ˆâ–ˆâ–ˆâ–ˆâ–ˆâ–ˆâ–ˆâ–ˆâ–ˆ| 1/1 [00:03<00:00,  3.84s/it, est. speed input: 161.59 toks/s, output: 78.06 toks/s]
Prolog output: B
Completed sample logical_deduction_1155 (iteration 296) for method prolog_no_fs
Processing sample logical_deduction_1000 (iteration 297) for method prolog_no_fs
Generating without LoRA
Processed prompts:   0%|          | 0/1 [00:00<?, ?it/s, est. speed input: 0.00 toks/s, output: 0.00 toks/s]Processed prompts: 100%|â–ˆâ–ˆâ–ˆâ–ˆâ–ˆâ–ˆâ–ˆâ–ˆâ–ˆâ–ˆ| 1/1 [00:03<00:00,  3.45s/it, est. speed input: 181.79 toks/s, output: 77.87 toks/s]Processed prompts: 100%|â–ˆâ–ˆâ–ˆâ–ˆâ–ˆâ–ˆâ–ˆâ–ˆâ–ˆâ–ˆ| 1/1 [00:03<00:00,  3.45s/it, est. speed input: 181.79 toks/s, output: 77.87 toks/s]
Prolog output: B
Completed sample logical_deduction_1000 (iteration 297) for method prolog_no_fs
Processing sample logical_deduction_1049 (iteration 298) for method prolog_no_fs
Generating without LoRA
Processed prompts:   0%|          | 0/1 [00:00<?, ?it/s, est. speed input: 0.00 toks/s, output: 0.00 toks/s]Processed prompts: 100%|â–ˆâ–ˆâ–ˆâ–ˆâ–ˆâ–ˆâ–ˆâ–ˆâ–ˆâ–ˆ| 1/1 [00:03<00:00,  3.30s/it, est. speed input: 187.47 toks/s, output: 77.83 toks/s]Processed prompts: 100%|â–ˆâ–ˆâ–ˆâ–ˆâ–ˆâ–ˆâ–ˆâ–ˆâ–ˆâ–ˆ| 1/1 [00:03<00:00,  3.30s/it, est. speed input: 187.47 toks/s, output: 77.83 toks/s]
Prolog output: B
Completed sample logical_deduction_1049 (iteration 298) for method prolog_no_fs
Processing sample logical_deduction_1047 (iteration 299) for method prolog_no_fs
Generating without LoRA
Processed prompts:   0%|          | 0/1 [00:00<?, ?it/s, est. speed input: 0.00 toks/s, output: 0.00 toks/s]Processed prompts: 100%|â–ˆâ–ˆâ–ˆâ–ˆâ–ˆâ–ˆâ–ˆâ–ˆâ–ˆâ–ˆ| 1/1 [00:03<00:00,  3.55s/it, est. speed input: 174.76 toks/s, output: 77.95 toks/s]Processed prompts: 100%|â–ˆâ–ˆâ–ˆâ–ˆâ–ˆâ–ˆâ–ˆâ–ˆâ–ˆâ–ˆ| 1/1 [00:03<00:00,  3.55s/it, est. speed input: 174.76 toks/s, output: 77.95 toks/s]
Prolog output: B
Completed sample logical_deduction_1047 (iteration 299) for method prolog_no_fs
Completed method: prolog_no_fs
Results saved to results_text_files/results_experiment_1.txt
Dataset composition:
  3-option problems: 60 (20.0%)
  5-option problems: 100 (33.3%)
  7-option problems: 140 (46.7%)

=== OVERALL PERFORMANCE ===

--- prolog_no_fs_answer ---
Accuracy: 16.67%
Answer distribution: {'Error (invalid answer)': 167, 'Prolog Error': 56, 'A': 28, 'B': 23, 'C': 16, 'E': 4, 'D': 3, 'Error processing sample': 2, 'F': 1}

=== PERFORMANCE BY PROBLEM TYPE ===

## 3-option problems ##

--- prolog_no_fs_answer ---
Accuracy: 51.67%
Answer distribution: {'A': 16, 'Error (invalid answer)': 15, 'C': 11, 'B': 11, 'Prolog Error': 7}

## 5-option problems ##

--- prolog_no_fs_answer ---
Accuracy: 15.00%
Answer distribution: {'Error (invalid answer)': 58, 'Prolog Error': 16, 'A': 9, 'B': 8, 'C': 4, 'D': 3, 'E': 2}

## 7-option problems ##

--- prolog_no_fs_answer ---
Accuracy: 2.86%
Answer distribution: {'Error (invalid answer)': 94, 'Prolog Error': 33, 'B': 4, 'A': 3, 'Error processing sample': 2, 'E': 2, 'F': 1, 'C': 1}

=== RETRY ANALYSIS ===
Retried cases: 0
Retry success rate: 0.00%
Average retries for success: 0.00

=== FIX ANALYSIS ===
Fixed cases: 0
Fix success rate: 0.00%

=== BACKUP ANALYSIS ===
Used-backup cases: 0
Backup success rate: 0.00%

=== VALID-ONLY (NO ERROR) PERFORMANCE ===

--- prolog_no_fs_answer (valid only) ---
Accuracy: 66.67%
Answer distribution: {'A': 28, 'B': 23, 'C': 16, 'E': 4, 'D': 3, 'F': 1}

###############################################################################
HÃ¡brÃ³k Cluster
Job 17824570 for user s5112583
Finished at: Fri Jun  6 23:38:26 CEST 2025

Job details:
============

Job ID                         : 17824570
Name                           : exp1_job
User                           : s5112583
Partition                      : gpumedium
Nodes                          : a100gpu5
Number of Nodes                : 1
Cores                          : 8
Number of Tasks                : 1
State                          : COMPLETED  
Submit                         : 2025-06-06T22:19:18
Start                          : 2025-06-06T22:57:53
End                            : 2025-06-06T23:38:21
Reserved walltime              : 06:00:00
Used walltime                  : 00:40:28
Used CPU time                  : 00:38:00 (Efficiency: 11.74%)
% User (Computation)           : 98.51%
% System (I/O)                 :  1.49%
Total memory reserved          : 62.50G
Maximum memory used            : 2.61G
Requested GPUs                 : a100=1
Allocated GPUs                 : a100=1
Max GPU utilization            : 98%
Max GPU memory used            : 24.13G
Hints and tips      :
 1) You requested much more CPU memory than your program used.
    Please reduce the requested amount of memory.
 *) For more information on these issues see:
    https://wiki.hpc.rug.nl/habrok/additional_information/job_hints

Acknowledgements:
=================

Please see this page for information about acknowledging HÃ¡brÃ³k in your publications:

https://wiki.hpc.rug.nl/habrok/introduction/scientific_output

################################################################################
